{"/Users/oz/01-maestria-FSD/06-Monografia/SisPostgrUCB/03-Frontend/src/App.tsx": {"path":"/Users/oz/01-maestria-FSD/06-Monografia/SisPostgrUCB/03-Frontend/src/App.tsx","statementMap":{"0":{"start":{"line":1,"column":0},"end":{"line":1,"column":54}},"1":{"start":{"line":2,"column":0},"end":{"line":2,"column":46}},"2":{"start":{"line":3,"column":0},"end":{"line":3,"column":50}},"3":{"start":{"line":4,"column":0},"end":{"line":4,"column":48}},"4":{"start":{"line":5,"column":0},"end":{"line":5,"column":46}},"5":{"start":{"line":6,"column":0},"end":{"line":6,"column":47}},"6":{"start":{"line":7,"column":0},"end":{"line":7,"column":56}},"7":{"start":{"line":8,"column":0},"end":{"line":8,"column":52}},"8":{"start":{"line":9,"column":0},"end":{"line":9,"column":51}},"9":{"start":{"line":10,"column":0},"end":{"line":10,"column":47}},"10":{"start":{"line":11,"column":0},"end":{"line":11,"column":53}},"11":{"start":{"line":12,"column":0},"end":{"line":12,"column":56}},"12":{"start":{"line":13,"column":0},"end":{"line":13,"column":45}},"13":{"start":{"line":14,"column":0},"end":{"line":14,"column":59}},"14":{"start":{"line":15,"column":0},"end":{"line":15,"column":54}},"15":{"start":{"line":16,"column":0},"end":{"line":16,"column":54}},"16":{"start":{"line":17,"column":0},"end":{"line":17,"column":66}},"17":{"start":{"line":19,"column":12},"end":{"line":84,"column":1}},"18":{"start":{"line":20,"column":2},"end":{"line":83,"column":null}},"19":{"start":{"line":85,"column":0},"end":{"line":85,"column":null}}},"fnMap":{"0":{"name":"(anonymous_1)","decl":{"start":{"line":19,"column":12},"end":{"line":19,"column":15}},"loc":{"start":{"line":19,"column":17},"end":{"line":84,"column":1}}}},"branchMap":{},"s":{"0":0,"1":0,"2":0,"3":0,"4":0,"5":0,"6":0,"7":0,"8":0,"9":0,"10":0,"11":0,"12":0,"13":0,"14":0,"15":0,"16":0,"17":0,"18":0,"19":0},"f":{"0":0},"b":{}}
,"/Users/oz/01-maestria-FSD/06-Monografia/SisPostgrUCB/03-Frontend/src/components/card-footer-auth.tsx": {"path":"/Users/oz/01-maestria-FSD/06-Monografia/SisPostgrUCB/03-Frontend/src/components/card-footer-auth.tsx","statementMap":{"0":{"start":{"line":1,"column":0},"end":{"line":1,"column":36}},"1":{"start":{"line":2,"column":0},"end":{"line":2,"column":36}},"2":{"start":{"line":3,"column":0},"end":{"line":3,"column":38}},"3":{"start":{"line":11,"column":23},"end":{"line":32,"column":1}},"4":{"start":{"line":13,"column":18},"end":{"line":13,"column":34}},"5":{"start":{"line":15,"column":2},"end":{"line":31,"column":null}},"6":{"start":{"line":33,"column":0},"end":{"line":33,"column":null}}},"fnMap":{"0":{"name":"(anonymous_0)","decl":{"start":{"line":11,"column":23},"end":{"line":11,"column":24}},"loc":{"start":{"line":11,"column":43},"end":{"line":32,"column":1}}}},"branchMap":{"0":{"loc":{"start":{"line":19,"column":11},"end":{"line":19,"column":74}},"type":"cond-expr","locations":[{"start":{"line":19,"column":21},"end":{"line":19,"column":46}},{"start":{"line":19,"column":49},"end":{"line":19,"column":74}}]},"1":{"loc":{"start":{"line":20,"column":21},"end":{"line":20,"column":63}},"type":"cond-expr","locations":[{"start":{"line":20,"column":31},"end":{"line":20,"column":47}},{"start":{"line":20,"column":50},"end":{"line":20,"column":63}}]},"2":{"loc":{"start":{"line":25,"column":15},"end":{"line":25,"column":55}},"type":"cond-expr","locations":[{"start":{"line":25,"column":25},"end":{"line":25,"column":37}},{"start":{"line":25,"column":40},"end":{"line":25,"column":55}}]}},"s":{"0":0,"1":0,"2":0,"3":0,"4":0,"5":0,"6":0},"f":{"0":0},"b":{"0":[0,0],"1":[0,0],"2":[0,0]}}
,"/Users/oz/01-maestria-FSD/06-Monografia/SisPostgrUCB/03-Frontend/src/components/chart-area-interactive.tsx": {"path":"/Users/oz/01-maestria-FSD/06-Monografia/SisPostgrUCB/03-Frontend/src/components/chart-area-interactive.tsx","statementMap":{"0":{"start":{"line":143,"column":0},"end":{"line":143,"column":16}},"1":{"start":{"line":3,"column":0},"end":{"line":3,"column":30}},"2":{"start":{"line":4,"column":0},"end":{"line":4,"column":64}},"3":{"start":{"line":6,"column":0},"end":{"line":6,"column":48}},"4":{"start":{"line":7,"column":0},"end":{"line":7,"column":null}},"5":{"start":{"line":15,"column":0},"end":{"line":15,"column":null}},"6":{"start":{"line":21,"column":0},"end":{"line":21,"column":null}},"7":{"start":{"line":28,"column":0},"end":{"line":28,"column":null}},"8":{"start":{"line":33,"column":13},"end":{"line":33,"column":null}},"9":{"start":{"line":35,"column":18},"end":{"line":127,"column":null}},"10":{"start":{"line":129,"column":20},"end":{"line":141,"column":null}},"11":{"start":{"line":144,"column":19},"end":{"line":144,"column":32}},"12":{"start":{"line":145,"column":36},"end":{"line":145,"column":57}},"13":{"start":{"line":147,"column":2},"end":{"line":151,"column":null}},"14":{"start":{"line":148,"column":4},"end":{"line":150,"column":5}},"15":{"start":{"line":149,"column":6},"end":{"line":149,"column":null}},"16":{"start":{"line":153,"column":23},"end":{"line":165,"column":4}},"17":{"start":{"line":154,"column":17},"end":{"line":154,"column":36}},"18":{"start":{"line":155,"column":26},"end":{"line":155,"column":48}},"19":{"start":{"line":156,"column":25},"end":{"line":156,"column":27}},"20":{"start":{"line":157,"column":4},"end":{"line":161,"column":5}},"21":{"start":{"line":158,"column":6},"end":{"line":158,"column":null}},"22":{"start":{"line":159,"column":11},"end":{"line":161,"column":5}},"23":{"start":{"line":160,"column":6},"end":{"line":160,"column":null}},"24":{"start":{"line":162,"column":22},"end":{"line":162,"column":45}},"25":{"start":{"line":163,"column":4},"end":{"line":163,"column":null}},"26":{"start":{"line":164,"column":4},"end":{"line":164,"column":null}},"27":{"start":{"line":167,"column":2},"end":{"line":290,"column":null}},"28":{"start":{"line":251,"column":29},"end":{"line":251,"column":44}},"29":{"start":{"line":252,"column":16},"end":{"line":255,"column":null}},"30":{"start":{"line":263,"column":20},"end":{"line":266,"column":null}}},"fnMap":{"0":{"name":"ChartAreaInteractive","decl":{"start":{"line":143,"column":16},"end":{"line":143,"column":36}},"loc":{"start":{"line":143,"column":36},"end":{"line":291,"column":1}}},"1":{"name":"(anonymous_10)","decl":{"start":{"line":147,"column":18},"end":{"line":147,"column":21}},"loc":{"start":{"line":147,"column":23},"end":{"line":151,"column":3}}},"2":{"name":"(anonymous_11)","decl":{"start":{"line":153,"column":40},"end":{"line":153,"column":41}},"loc":{"start":{"line":153,"column":49},"end":{"line":165,"column":3}}},"3":{"name":"(anonymous_12)","decl":{"start":{"line":250,"column":29},"end":{"line":250,"column":30}},"loc":{"start":{"line":250,"column":39},"end":{"line":256,"column":15}}},"4":{"name":"(anonymous_13)","decl":{"start":{"line":262,"column":34},"end":{"line":262,"column":35}},"loc":{"start":{"line":262,"column":44},"end":{"line":267,"column":19}}}},"branchMap":{"0":{"loc":{"start":{"line":148,"column":4},"end":{"line":150,"column":5}},"type":"if","locations":[{"start":{"line":148,"column":4},"end":{"line":150,"column":5}},{"start":{},"end":{}}]},"1":{"loc":{"start":{"line":157,"column":4},"end":{"line":161,"column":5}},"type":"if","locations":[{"start":{"line":157,"column":4},"end":{"line":161,"column":5}},{"start":{"line":159,"column":11},"end":{"line":161,"column":5}}]},"2":{"loc":{"start":{"line":159,"column":11},"end":{"line":161,"column":5}},"type":"if","locations":[{"start":{"line":159,"column":11},"end":{"line":161,"column":5}},{"start":{},"end":{}}]}},"s":{"0":0,"1":0,"2":0,"3":0,"4":0,"5":0,"6":0,"7":0,"8":0,"9":0,"10":0,"11":0,"12":0,"13":0,"14":0,"15":0,"16":0,"17":0,"18":0,"19":0,"20":0,"21":0,"22":0,"23":0,"24":0,"25":0,"26":0,"27":0,"28":0,"29":0,"30":0},"f":{"0":0,"1":0,"2":0,"3":0,"4":0},"b":{"0":[0,0],"1":[0,0],"2":[0,0]}}
,"/Users/oz/01-maestria-FSD/06-Monografia/SisPostgrUCB/03-Frontend/src/components/mode-toggle.tsx": {"path":"/Users/oz/01-maestria-FSD/06-Monografia/SisPostgrUCB/03-Frontend/src/components/mode-toggle.tsx","statementMap":{"0":{"start":{"line":12,"column":0},"end":{"line":12,"column":16}},"1":{"start":{"line":1,"column":0},"end":{"line":1,"column":40}},"2":{"start":{"line":3,"column":0},"end":{"line":3,"column":47}},"3":{"start":{"line":4,"column":0},"end":{"line":4,"column":null}},"4":{"start":{"line":10,"column":0},"end":{"line":10,"column":54}},"5":{"start":{"line":13,"column":23},"end":{"line":13,"column":33}},"6":{"start":{"line":15,"column":2},"end":{"line":36,"column":null}},"7":{"start":{"line":25,"column":41},"end":{"line":25,"column":58}},"8":{"start":{"line":28,"column":41},"end":{"line":28,"column":57}},"9":{"start":{"line":31,"column":41},"end":{"line":31,"column":59}}},"fnMap":{"0":{"name":"ModeToggle","decl":{"start":{"line":12,"column":16},"end":{"line":12,"column":26}},"loc":{"start":{"line":12,"column":26},"end":{"line":37,"column":1}}},"1":{"name":"(anonymous_1)","decl":{"start":{"line":25,"column":35},"end":{"line":25,"column":38}},"loc":{"start":{"line":25,"column":41},"end":{"line":25,"column":58}}},"2":{"name":"(anonymous_2)","decl":{"start":{"line":28,"column":35},"end":{"line":28,"column":38}},"loc":{"start":{"line":28,"column":41},"end":{"line":28,"column":57}}},"3":{"name":"(anonymous_3)","decl":{"start":{"line":31,"column":35},"end":{"line":31,"column":38}},"loc":{"start":{"line":31,"column":41},"end":{"line":31,"column":59}}}},"branchMap":{},"s":{"0":0,"1":0,"2":0,"3":0,"4":0,"5":0,"6":0,"7":0,"8":0,"9":0},"f":{"0":0,"1":0,"2":0,"3":0},"b":{}}
,"/Users/oz/01-maestria-FSD/06-Monografia/SisPostgrUCB/03-Frontend/src/components/nav-documents.tsx": {"path":"/Users/oz/01-maestria-FSD/06-Monografia/SisPostgrUCB/03-Frontend/src/components/nav-documents.tsx","statementMap":{"0":{"start":{"line":28,"column":0},"end":{"line":28,"column":16}},"1":{"start":{"line":3,"column":0},"end":{"line":3,"column":null}},"2":{"start":{"line":11,"column":0},"end":{"line":11,"column":null}},"3":{"start":{"line":18,"column":0},"end":{"line":18,"column":null}},"4":{"start":{"line":37,"column":23},"end":{"line":37,"column":35}},"5":{"start":{"line":39,"column":2},"end":{"line":91,"column":null}},"6":{"start":{"line":44,"column":10},"end":{"line":44,"column":null}}},"fnMap":{"0":{"name":"NavDocuments","decl":{"start":{"line":28,"column":16},"end":{"line":28,"column":28}},"loc":{"start":{"line":36,"column":1},"end":{"line":92,"column":1}}},"1":{"name":"(anonymous_1)","decl":{"start":{"line":43,"column":19},"end":{"line":43,"column":20}},"loc":{"start":{"line":44,"column":10},"end":{"line":44,"column":null}}}},"branchMap":{"0":{"loc":{"start":{"line":63,"column":22},"end":{"line":63,"column":51}},"type":"cond-expr","locations":[{"start":{"line":63,"column":33},"end":{"line":63,"column":41}},{"start":{"line":63,"column":44},"end":{"line":63,"column":51}}]},"1":{"loc":{"start":{"line":64,"column":23},"end":{"line":64,"column":49}},"type":"cond-expr","locations":[{"start":{"line":64,"column":34},"end":{"line":64,"column":39}},{"start":{"line":64,"column":42},"end":{"line":64,"column":49}}]}},"s":{"0":0,"1":0,"2":0,"3":0,"4":0,"5":0,"6":0},"f":{"0":0,"1":0},"b":{"0":[0,0],"1":[0,0]}}
,"/Users/oz/01-maestria-FSD/06-Monografia/SisPostgrUCB/03-Frontend/src/components/nav-main.tsx": {"path":"/Users/oz/01-maestria-FSD/06-Monografia/SisPostgrUCB/03-Frontend/src/components/nav-main.tsx","statementMap":{"0":{"start":{"line":28,"column":0},"end":{"line":28,"column":16}},"1":{"start":{"line":2,"column":0},"end":{"line":2,"column":51}},"2":{"start":{"line":5,"column":0},"end":{"line":5,"column":91}},"3":{"start":{"line":6,"column":0},"end":{"line":6,"column":null}},"4":{"start":{"line":14,"column":0},"end":{"line":14,"column":53}},"5":{"start":{"line":15,"column":0},"end":{"line":15,"column":null}},"6":{"start":{"line":29,"column":23},"end":{"line":29,"column":35}},"7":{"start":{"line":30,"column":19},"end":{"line":30,"column":32}},"8":{"start":{"line":32,"column":2},"end":{"line":118,"column":null}},"9":{"start":{"line":45,"column":12},"end":{"line":91,"column":13}},"10":{"start":{"line":46,"column":36},"end":{"line":46,"column":121}},"11":{"start":{"line":47,"column":14},"end":{"line":90,"column":null}},"12":{"start":{"line":93,"column":12},"end":{"line":110,"column":null}},"13":{"start":{"line":99,"column":20},"end":{"line":103,"column":22}},"14":{"start":{"line":121,"column":0},"end":{"line":121,"column":null}}},"fnMap":{"0":{"name":"NavMain","decl":{"start":{"line":28,"column":16},"end":{"line":28,"column":23}},"loc":{"start":{"line":28,"column":55},"end":{"line":119,"column":1}}},"1":{"name":"(anonymous_1)","decl":{"start":{"line":43,"column":21},"end":{"line":43,"column":22}},"loc":{"start":{"line":43,"column":30},"end":{"line":111,"column":11}}},"2":{"name":"(anonymous_2)","decl":{"start":{"line":98,"column":29},"end":{"line":98,"column":30}},"loc":{"start":{"line":99,"column":20},"end":{"line":103,"column":22}}}},"branchMap":{"0":{"loc":{"start":{"line":45,"column":12},"end":{"line":91,"column":13}},"type":"if","locations":[{"start":{"line":45,"column":12},"end":{"line":91,"column":13}},{"start":{},"end":{}}]},"1":{"loc":{"start":{"line":46,"column":36},"end":{"line":46,"column":121}},"type":"binary-expr","locations":[{"start":{"line":46,"column":36},"end":{"line":46,"column":72}},{"start":{"line":46,"column":76},"end":{"line":46,"column":121}}]},"2":{"loc":{"start":{"line":53,"column":26},"end":{"line":55,"column":null}},"type":"cond-expr","locations":[{"start":{"line":54,"column":30},"end":{"line":54,"column":78}},{"start":{"line":55,"column":30},"end":{"line":55,"column":null}}]},"3":{"loc":{"start":{"line":58,"column":25},"end":{"line":58,"column":61}},"type":"binary-expr","locations":[{"start":{"line":58,"column":25},"end":{"line":58,"column":34}},{"start":{"line":58,"column":38},"end":{"line":58,"column":61}}]},"4":{"loc":{"start":{"line":65,"column":28},"end":{"line":65,"column":57}},"type":"cond-expr","locations":[{"start":{"line":65,"column":39},"end":{"line":65,"column":47}},{"start":{"line":65,"column":50},"end":{"line":65,"column":57}}]},"5":{"loc":{"start":{"line":100,"column":22},"end":{"line":102,"column":null}},"type":"cond-expr","locations":[{"start":{"line":101,"column":26},"end":{"line":101,"column":74}},{"start":{"line":102,"column":26},"end":{"line":102,"column":null}}]},"6":{"loc":{"start":{"line":106,"column":19},"end":{"line":106,"column":55}},"type":"binary-expr","locations":[{"start":{"line":106,"column":19},"end":{"line":106,"column":28}},{"start":{"line":106,"column":32},"end":{"line":106,"column":55}}]}},"s":{"0":0,"1":0,"2":0,"3":0,"4":0,"5":0,"6":0,"7":0,"8":0,"9":0,"10":0,"11":0,"12":0,"13":0,"14":0},"f":{"0":0,"1":0,"2":0},"b":{"0":[0,0],"1":[0,0],"2":[0,0],"3":[0,0],"4":[0,0],"5":[0,0],"6":[0,0]}}
,"/Users/oz/01-maestria-FSD/06-Monografia/SisPostgrUCB/03-Frontend/src/components/nav-secondary.tsx": {"path":"/Users/oz/01-maestria-FSD/06-Monografia/SisPostgrUCB/03-Frontend/src/components/nav-secondary.tsx","statementMap":{"0":{"start":{"line":14,"column":0},"end":{"line":14,"column":16}},"1":{"start":{"line":6,"column":0},"end":{"line":6,"column":null}},"2":{"start":{"line":15,"column":7},"end":{"line":15,"column":null}},"3":{"start":{"line":16,"column":10},"end":{"line":17,"column":null}},"4":{"start":{"line":24,"column":2},"end":{"line":41,"column":null}},"5":{"start":{"line":29,"column":12},"end":{"line":29,"column":null}}},"fnMap":{"0":{"name":"NavSecondary","decl":{"start":{"line":14,"column":16},"end":{"line":14,"column":28}},"loc":{"start":{"line":23,"column":55},"end":{"line":42,"column":1}}},"1":{"name":"(anonymous_2)","decl":{"start":{"line":28,"column":21},"end":{"line":28,"column":22}},"loc":{"start":{"line":29,"column":12},"end":{"line":29,"column":null}}}},"branchMap":{},"s":{"0":0,"1":0,"2":0,"3":0,"4":0,"5":0},"f":{"0":0,"1":0},"b":{}}
,"/Users/oz/01-maestria-FSD/06-Monografia/SisPostgrUCB/03-Frontend/src/components/nav-user.tsx": {"path":"/Users/oz/01-maestria-FSD/06-Monografia/SisPostgrUCB/03-Frontend/src/components/nav-user.tsx","statementMap":{"0":{"start":{"line":31,"column":0},"end":{"line":31,"column":16}},"1":{"start":{"line":1,"column":0},"end":{"line":1,"column":null}},"2":{"start":{"line":9,"column":0},"end":{"line":9,"column":null}},"3":{"start":{"line":14,"column":0},"end":{"line":14,"column":null}},"4":{"start":{"line":23,"column":0},"end":{"line":23,"column":null}},"5":{"start":{"line":29,"column":0},"end":{"line":29,"column":57}},"6":{"start":{"line":41,"column":23},"end":{"line":41,"column":35}},"7":{"start":{"line":42,"column":21},"end":{"line":42,"column":37}},"8":{"start":{"line":44,"column":22},"end":{"line":52,"column":3}},"9":{"start":{"line":45,"column":4},"end":{"line":45,"column":25}},"10":{"start":{"line":45,"column":15},"end":{"line":45,"column":25}},"11":{"start":{"line":46,"column":18},"end":{"line":46,"column":58}},"12":{"start":{"line":47,"column":4},"end":{"line":47,"column":38}},"13":{"start":{"line":47,"column":28},"end":{"line":47,"column":38}},"14":{"start":{"line":48,"column":4},"end":{"line":48,"column":70}},"15":{"start":{"line":48,"column":28},"end":{"line":48,"column":70}},"16":{"start":{"line":49,"column":18},"end":{"line":49,"column":29}},"17":{"start":{"line":50,"column":17},"end":{"line":50,"column":43}},"18":{"start":{"line":51,"column":4},"end":{"line":51,"column":40}},"19":{"start":{"line":56,"column":2},"end":{"line":122,"column":null}},"20":{"start":{"line":114,"column":47},"end":{"line":114,"column":56}}},"fnMap":{"0":{"name":"NavUser","decl":{"start":{"line":31,"column":16},"end":{"line":31,"column":23}},"loc":{"start":{"line":40,"column":1},"end":{"line":123,"column":1}}},"1":{"name":"(anonymous_1)","decl":{"start":{"line":44,"column":22},"end":{"line":44,"column":23}},"loc":{"start":{"line":44,"column":40},"end":{"line":52,"column":3}}},"2":{"name":"(anonymous_2)","decl":{"start":{"line":114,"column":39},"end":{"line":114,"column":42}},"loc":{"start":{"line":114,"column":44},"end":{"line":114,"column":57}}}},"branchMap":{"0":{"loc":{"start":{"line":45,"column":4},"end":{"line":45,"column":25}},"type":"if","locations":[{"start":{"line":45,"column":4},"end":{"line":45,"column":25}},{"start":{},"end":{}}]},"1":{"loc":{"start":{"line":47,"column":4},"end":{"line":47,"column":38}},"type":"if","locations":[{"start":{"line":47,"column":4},"end":{"line":47,"column":38}},{"start":{},"end":{}}]},"2":{"loc":{"start":{"line":48,"column":4},"end":{"line":48,"column":70}},"type":"if","locations":[{"start":{"line":48,"column":4},"end":{"line":48,"column":70}},{"start":{},"end":{}}]},"3":{"loc":{"start":{"line":72,"column":19},"end":{"line":72,"column":42}},"type":"cond-expr","locations":[{"start":{"line":72,"column":28},"end":{"line":72,"column":32}},{"start":{"line":72,"column":32},"end":{"line":72,"column":42}}]},"4":{"loc":{"start":{"line":72,"column":19},"end":{"line":72,"column":32}},"type":"binary-expr","locations":[{"start":{"line":72,"column":19},"end":{"line":72,"column":32}},{"start":{"line":72,"column":28},"end":{"line":72,"column":32}}]},"5":{"loc":{"start":{"line":80,"column":18},"end":{"line":80,"column":47}},"type":"cond-expr","locations":[{"start":{"line":80,"column":29},"end":{"line":80,"column":37}},{"start":{"line":80,"column":40},"end":{"line":80,"column":47}}]},"6":{"loc":{"start":{"line":93,"column":21},"end":{"line":93,"column":44}},"type":"cond-expr","locations":[{"start":{"line":93,"column":30},"end":{"line":93,"column":34}},{"start":{"line":93,"column":34},"end":{"line":93,"column":44}}]},"7":{"loc":{"start":{"line":93,"column":21},"end":{"line":93,"column":34}},"type":"binary-expr","locations":[{"start":{"line":93,"column":21},"end":{"line":93,"column":34}},{"start":{"line":93,"column":30},"end":{"line":93,"column":34}}]}},"s":{"0":0,"1":0,"2":0,"3":0,"4":0,"5":0,"6":0,"7":0,"8":0,"9":0,"10":0,"11":0,"12":0,"13":0,"14":0,"15":0,"16":0,"17":0,"18":0,"19":0,"20":0},"f":{"0":0,"1":0,"2":0},"b":{"0":[0,0],"1":[0,0],"2":[0,0],"3":[0,0],"4":[0,0],"5":[0,0],"6":[0,0],"7":[0,0]}}
,"/Users/oz/01-maestria-FSD/06-Monografia/SisPostgrUCB/03-Frontend/src/components/section-cards.tsx": {"path":"/Users/oz/01-maestria-FSD/06-Monografia/SisPostgrUCB/03-Frontend/src/components/section-cards.tsx","statementMap":{"0":{"start":{"line":13,"column":0},"end":{"line":13,"column":16}},"1":{"start":{"line":1,"column":0},"end":{"line":1,"column":132}},"2":{"start":{"line":3,"column":0},"end":{"line":3,"column":45}},"3":{"start":{"line":4,"column":0},"end":{"line":4,"column":null}},"4":{"start":{"line":14,"column":2},"end":{"line":111,"column":null}}},"fnMap":{"0":{"name":"SectionCards","decl":{"start":{"line":13,"column":16},"end":{"line":13,"column":28}},"loc":{"start":{"line":13,"column":28},"end":{"line":112,"column":1}}}},"branchMap":{},"s":{"0":0,"1":0,"2":0,"3":0,"4":0},"f":{"0":0},"b":{}}
,"/Users/oz/01-maestria-FSD/06-Monografia/SisPostgrUCB/03-Frontend/src/components/site-header.tsx": {"path":"/Users/oz/01-maestria-FSD/06-Monografia/SisPostgrUCB/03-Frontend/src/components/site-header.tsx","statementMap":{"0":{"start":{"line":7,"column":0},"end":{"line":7,"column":16}},"1":{"start":{"line":1,"column":0},"end":{"line":1,"column":53}},"2":{"start":{"line":2,"column":0},"end":{"line":2,"column":56}},"3":{"start":{"line":3,"column":0},"end":{"line":3,"column":42}},"4":{"start":{"line":4,"column":0},"end":{"line":4,"column":51}},"5":{"start":{"line":5,"column":0},"end":{"line":5,"column":43}},"6":{"start":{"line":8,"column":19},"end":{"line":8,"column":32}},"7":{"start":{"line":9,"column":15},"end":{"line":9,"column":32}},"8":{"start":{"line":11,"column":16},"end":{"line":16,"column":6}},"9":{"start":{"line":12,"column":18},"end":{"line":12,"column":49}},"10":{"start":{"line":13,"column":4},"end":{"line":13,"column":38}},"11":{"start":{"line":13,"column":28},"end":{"line":13,"column":38}},"12":{"start":{"line":14,"column":17},"end":{"line":14,"column":40}},"13":{"start":{"line":15,"column":4},"end":{"line":15,"column":56}},"14":{"start":{"line":18,"column":2},"end":{"line":32,"column":null}}},"fnMap":{"0":{"name":"SiteHeader","decl":{"start":{"line":7,"column":16},"end":{"line":7,"column":26}},"loc":{"start":{"line":7,"column":26},"end":{"line":33,"column":1}}},"1":{"name":"(anonymous_1)","decl":{"start":{"line":11,"column":38},"end":{"line":11,"column":41}},"loc":{"start":{"line":11,"column":43},"end":{"line":16,"column":3}}}},"branchMap":{"0":{"loc":{"start":{"line":11,"column":16},"end":{"line":16,"column":6}},"type":"cond-expr","locations":[{"start":{"line":11,"column":33},"end":{"line":11,"column":37}},{"start":{"line":11,"column":37},"end":{"line":16,"column":6}}]},"1":{"loc":{"start":{"line":11,"column":16},"end":{"line":11,"column":37}},"type":"binary-expr","locations":[{"start":{"line":11,"column":16},"end":{"line":11,"column":37}},{"start":{"line":11,"column":33},"end":{"line":11,"column":37}}]},"2":{"loc":{"start":{"line":13,"column":4},"end":{"line":13,"column":38}},"type":"if","locations":[{"start":{"line":13,"column":4},"end":{"line":13,"column":38}},{"start":{},"end":{}}]}},"s":{"0":0,"1":0,"2":0,"3":0,"4":0,"5":0,"6":0,"7":0,"8":0,"9":0,"10":0,"11":0,"12":0,"13":0,"14":0},"f":{"0":0,"1":0},"b":{"0":[0,0],"1":[0,0],"2":[0,0]}}
,"/Users/oz/01-maestria-FSD/06-Monografia/SisPostgrUCB/03-Frontend/src/components/theme-provider.tsx": {"path":"/Users/oz/01-maestria-FSD/06-Monografia/SisPostgrUCB/03-Frontend/src/components/theme-provider.tsx","statementMap":{"0":{"start":{"line":23,"column":0},"end":{"line":23,"column":16}},"1":{"start":{"line":1,"column":0},"end":{"line":1,"column":70}},"2":{"start":{"line":16,"column":41},"end":{"line":19,"column":null}},"3":{"start":{"line":18,"column":18},"end":{"line":18,"column":22}},"4":{"start":{"line":21,"column":29},"end":{"line":21,"column":76}},"5":{"start":{"line":26,"column":30},"end":{"line":26,"column":null}},"6":{"start":{"line":27,"column":10},"end":{"line":28,"column":21}},"7":{"start":{"line":29,"column":28},"end":{"line":30,"column":null}},"8":{"start":{"line":30,"column":11},"end":{"line":30,"column":69}},"9":{"start":{"line":33,"column":2},"end":{"line":49,"column":null}},"10":{"start":{"line":34,"column":17},"end":{"line":34,"column":48}},"11":{"start":{"line":36,"column":4},"end":{"line":36,"column":null}},"12":{"start":{"line":38,"column":4},"end":{"line":46,"column":5}},"13":{"start":{"line":39,"column":26},"end":{"line":42,"column":17}},"14":{"start":{"line":44,"column":6},"end":{"line":44,"column":null}},"15":{"start":{"line":45,"column":6},"end":{"line":45,"column":12}},"16":{"start":{"line":48,"column":4},"end":{"line":48,"column":null}},"17":{"start":{"line":51,"column":16},"end":{"line":57,"column":null}},"18":{"start":{"line":54,"column":6},"end":{"line":54,"column":null}},"19":{"start":{"line":55,"column":6},"end":{"line":55,"column":null}},"20":{"start":{"line":59,"column":2},"end":{"line":63,"column":null}},"21":{"start":{"line":66,"column":24},"end":{"line":73,"column":1}},"22":{"start":{"line":67,"column":18},"end":{"line":67,"column":50}},"23":{"start":{"line":69,"column":2},"end":{"line":70,"column":null}},"24":{"start":{"line":70,"column":4},"end":{"line":70,"column":null}},"25":{"start":{"line":72,"column":2},"end":{"line":72,"column":null}},"26":{"start":{"line":66,"column":13},"end":{"line":66,"column":24}}},"fnMap":{"0":{"name":"(anonymous_1)","decl":{"start":{"line":18,"column":12},"end":{"line":18,"column":15}},"loc":{"start":{"line":18,"column":18},"end":{"line":18,"column":22}}},"1":{"name":"ThemeProvider","decl":{"start":{"line":23,"column":16},"end":{"line":23,"column":29}},"loc":{"start":{"line":28,"column":21},"end":{"line":64,"column":1}}},"2":{"name":"(anonymous_3)","decl":{"start":{"line":30,"column":4},"end":{"line":30,"column":7}},"loc":{"start":{"line":30,"column":11},"end":{"line":30,"column":69}}},"3":{"name":"(anonymous_4)","decl":{"start":{"line":33,"column":12},"end":{"line":33,"column":15}},"loc":{"start":{"line":33,"column":17},"end":{"line":49,"column":3}}},"4":{"name":"(anonymous_5)","decl":{"start":{"line":53,"column":14},"end":{"line":53,"column":15}},"loc":{"start":{"line":53,"column":31},"end":{"line":56,"column":5}}},"5":{"name":"(anonymous_6)","decl":{"start":{"line":66,"column":24},"end":{"line":66,"column":27}},"loc":{"start":{"line":66,"column":29},"end":{"line":73,"column":1}}}},"branchMap":{"0":{"loc":{"start":{"line":25,"column":2},"end":{"line":25,"column":25}},"type":"default-arg","locations":[{"start":{"line":25,"column":17},"end":{"line":25,"column":25}}]},"1":{"loc":{"start":{"line":26,"column":2},"end":{"line":26,"column":30}},"type":"default-arg","locations":[{"start":{"line":26,"column":15},"end":{"line":26,"column":30}}]},"2":{"loc":{"start":{"line":30,"column":11},"end":{"line":30,"column":69}},"type":"binary-expr","locations":[{"start":{"line":30,"column":11},"end":{"line":30,"column":53}},{"start":{"line":30,"column":57},"end":{"line":30,"column":69}}]},"3":{"loc":{"start":{"line":38,"column":4},"end":{"line":46,"column":5}},"type":"if","locations":[{"start":{"line":38,"column":4},"end":{"line":46,"column":5}},{"start":{},"end":{}}]},"4":{"loc":{"start":{"line":39,"column":26},"end":{"line":42,"column":17}},"type":"cond-expr","locations":[{"start":{"line":41,"column":10},"end":{"line":41,"column":16}},{"start":{"line":42,"column":10},"end":{"line":42,"column":17}}]},"5":{"loc":{"start":{"line":69,"column":2},"end":{"line":70,"column":null}},"type":"if","locations":[{"start":{"line":69,"column":2},"end":{"line":70,"column":null}},{"start":{},"end":{}}]}},"s":{"0":0,"1":0,"2":0,"3":0,"4":0,"5":0,"6":0,"7":0,"8":0,"9":0,"10":0,"11":0,"12":0,"13":0,"14":0,"15":0,"16":0,"17":0,"18":0,"19":0,"20":0,"21":0,"22":0,"23":0,"24":0,"25":0,"26":0},"f":{"0":0,"1":0,"2":0,"3":0,"4":0,"5":0},"b":{"0":[0],"1":[0],"2":[0,0],"3":[0,0],"4":[0,0],"5":[0,0]}}
,"/Users/oz/01-maestria-FSD/06-Monografia/SisPostgrUCB/03-Frontend/src/components/admin/admin-list.tsx": {"path":"/Users/oz/01-maestria-FSD/06-Monografia/SisPostgrUCB/03-Frontend/src/components/admin/admin-list.tsx","statementMap":{"0":{"start":{"line":53,"column":0},"end":{"line":53,"column":24}},"1":{"start":{"line":1,"column":0},"end":{"line":1,"column":30}},"2":{"start":{"line":2,"column":0},"end":{"line":2,"column":147}},"3":{"start":{"line":3,"column":0},"end":{"line":3,"column":30}},"4":{"start":{"line":4,"column":0},"end":{"line":4,"column":null}},"5":{"start":{"line":13,"column":0},"end":{"line":13,"column":53}},"6":{"start":{"line":14,"column":0},"end":{"line":14,"column":47}},"7":{"start":{"line":15,"column":0},"end":{"line":15,"column":45}},"8":{"start":{"line":16,"column":0},"end":{"line":16,"column":null}},"9":{"start":{"line":24,"column":0},"end":{"line":24,"column":45}},"10":{"start":{"line":46,"column":28},"end":{"line":51,"column":1}},"11":{"start":{"line":47,"column":2},"end":{"line":47,"column":null}},"12":{"start":{"line":47,"column":41},"end":{"line":47,"column":null}},"13":{"start":{"line":48,"column":2},"end":{"line":48,"column":null}},"14":{"start":{"line":48,"column":31},"end":{"line":48,"column":null}},"15":{"start":{"line":49,"column":2},"end":{"line":49,"column":null}},"16":{"start":{"line":49,"column":31},"end":{"line":49,"column":null}},"17":{"start":{"line":50,"column":2},"end":{"line":50,"column":null}},"18":{"start":{"line":54,"column":118},"end":{"line":54,"column":123}},"19":{"start":{"line":56,"column":28},"end":{"line":56,"column":60}},"20":{"start":{"line":57,"column":32},"end":{"line":57,"column":53}},"21":{"start":{"line":58,"column":28},"end":{"line":58,"column":63}},"22":{"start":{"line":59,"column":36},"end":{"line":59,"column":53}},"23":{"start":{"line":60,"column":34},"end":{"line":60,"column":52}},"24":{"start":{"line":61,"column":34},"end":{"line":61,"column":76}},"25":{"start":{"line":62,"column":28},"end":{"line":62,"column":46}},"26":{"start":{"line":64,"column":28},"end":{"line":64,"column":57}},"27":{"start":{"line":65,"column":30},"end":{"line":65,"column":65}},"28":{"start":{"line":66,"column":32},"end":{"line":66,"column":70}},"29":{"start":{"line":67,"column":38},"end":{"line":67,"column":59}},"30":{"start":{"line":69,"column":21},"end":{"line":76,"column":3}},"31":{"start":{"line":70,"column":4},"end":{"line":75,"column":5}},"32":{"start":{"line":71,"column":6},"end":{"line":71,"column":null}},"33":{"start":{"line":71,"column":25},"end":{"line":71,"column":53}},"34":{"start":{"line":73,"column":6},"end":{"line":73,"column":null}},"35":{"start":{"line":74,"column":6},"end":{"line":74,"column":null}},"36":{"start":{"line":78,"column":21},"end":{"line":93,"column":16}},"37":{"start":{"line":78,"column":70},"end":{"line":93,"column":5}},"38":{"start":{"line":79,"column":4},"end":{"line":79,"column":null}},"39":{"start":{"line":80,"column":4},"end":{"line":92,"column":5}},"40":{"start":{"line":81,"column":18},"end":{"line":81,"column":51}},"41":{"start":{"line":82,"column":6},"end":{"line":82,"column":null}},"42":{"start":{"line":82,"column":19},"end":{"line":82,"column":null}},"43":{"start":{"line":83,"column":19},"end":{"line":83,"column":35}},"44":{"start":{"line":84,"column":24},"end":{"line":84,"column":63}},"45":{"start":{"line":85,"column":6},"end":{"line":85,"column":null}},"46":{"start":{"line":87,"column":20},"end":{"line":87,"column":62}},"47":{"start":{"line":88,"column":6},"end":{"line":88,"column":45}},"48":{"start":{"line":88,"column":39},"end":{"line":88,"column":45}},"49":{"start":{"line":89,"column":6},"end":{"line":89,"column":null}},"50":{"start":{"line":91,"column":6},"end":{"line":91,"column":null}},"51":{"start":{"line":95,"column":2},"end":{"line":99,"column":null}},"52":{"start":{"line":96,"column":15},"end":{"line":96,"column":36}},"53":{"start":{"line":97,"column":4},"end":{"line":97,"column":null}},"54":{"start":{"line":98,"column":4},"end":{"line":98,"column":null}},"55":{"start":{"line":98,"column":17},"end":{"line":98,"column":27}},"56":{"start":{"line":102,"column":2},"end":{"line":104,"column":null}},"57":{"start":{"line":103,"column":4},"end":{"line":103,"column":null}},"58":{"start":{"line":103,"column":33},"end":{"line":103,"column":45}},"59":{"start":{"line":106,"column":2},"end":{"line":132,"column":null}},"60":{"start":{"line":107,"column":4},"end":{"line":107,"column":25}},"61":{"start":{"line":107,"column":19},"end":{"line":107,"column":25}},"62":{"start":{"line":108,"column":15},"end":{"line":108,"column":36}},"63":{"start":{"line":109,"column":22},"end":{"line":129,"column":null}},"64":{"start":{"line":109,"column":33},"end":{"line":129,"column":null}},"65":{"start":{"line":110,"column":6},"end":{"line":128,"column":7}},"66":{"start":{"line":111,"column":20},"end":{"line":111,"column":64}},"67":{"start":{"line":112,"column":8},"end":{"line":112,"column":null}},"68":{"start":{"line":112,"column":21},"end":{"line":112,"column":null}},"69":{"start":{"line":113,"column":21},"end":{"line":113,"column":37}},"70":{"start":{"line":114,"column":21},"end":{"line":114,"column":60}},"71":{"start":{"line":115,"column":20},"end":{"line":122,"column":40}},"72":{"start":{"line":116,"column":21},"end":{"line":116,"column":49}},"73":{"start":{"line":117,"column":21},"end":{"line":117,"column":34}},"74":{"start":{"line":118,"column":26},"end":{"line":118,"column":39}},"75":{"start":{"line":119,"column":23},"end":{"line":119,"column":78}},"76":{"start":{"line":120,"column":10},"end":{"line":120,"column":null}},"77":{"start":{"line":121,"column":10},"end":{"line":121,"column":null}},"78":{"start":{"line":123,"column":8},"end":{"line":123,"column":null}},"79":{"start":{"line":125,"column":22},"end":{"line":125,"column":46}},"80":{"start":{"line":126,"column":8},"end":{"line":126,"column":47}},"81":{"start":{"line":126,"column":41},"end":{"line":126,"column":47}},"82":{"start":{"line":127,"column":8},"end":{"line":127,"column":null}},"83":{"start":{"line":130,"column":4},"end":{"line":130,"column":null}},"84":{"start":{"line":131,"column":4},"end":{"line":131,"column":null}},"85":{"start":{"line":131,"column":17},"end":{"line":131,"column":27}},"86":{"start":{"line":134,"column":20},"end":{"line":227,"column":68}},"87":{"start":{"line":135,"column":4},"end":{"line":135,"column":null}},"88":{"start":{"line":135,"column":16},"end":{"line":135,"column":null}},"89":{"start":{"line":136,"column":14},"end":{"line":136,"column":40}},"90":{"start":{"line":138,"column":24},"end":{"line":143,"column":5}},"91":{"start":{"line":139,"column":16},"end":{"line":139,"column":38}},"92":{"start":{"line":140,"column":6},"end":{"line":140,"column":null}},"93":{"start":{"line":140,"column":60},"end":{"line":140,"column":null}},"94":{"start":{"line":141,"column":6},"end":{"line":141,"column":null}},"95":{"start":{"line":141,"column":56},"end":{"line":141,"column":null}},"96":{"start":{"line":142,"column":6},"end":{"line":142,"column":null}},"97":{"start":{"line":147,"column":15},"end":{"line":176,"column":6}},"98":{"start":{"line":148,"column":19},"end":{"line":148,"column":38}},"99":{"start":{"line":149,"column":6},"end":{"line":149,"column":null}},"100":{"start":{"line":149,"column":14},"end":{"line":149,"column":null}},"101":{"start":{"line":151,"column":24},"end":{"line":151,"column":94}},"102":{"start":{"line":153,"column":6},"end":{"line":159,"column":7}},"103":{"start":{"line":154,"column":8},"end":{"line":158,"column":null}},"104":{"start":{"line":162,"column":6},"end":{"line":166,"column":7}},"105":{"start":{"line":163,"column":23},"end":{"line":163,"column":37}},"106":{"start":{"line":164,"column":8},"end":{"line":164,"column":null}},"107":{"start":{"line":164,"column":29},"end":{"line":164,"column":null}},"108":{"start":{"line":165,"column":8},"end":{"line":165,"column":null}},"109":{"start":{"line":169,"column":6},"end":{"line":171,"column":7}},"110":{"start":{"line":170,"column":8},"end":{"line":170,"column":null}},"111":{"start":{"line":174,"column":19},"end":{"line":174,"column":69}},"112":{"start":{"line":175,"column":6},"end":{"line":175,"column":null}},"113":{"start":{"line":178,"column":4},"end":{"line":224,"column":5}},"114":{"start":{"line":179,"column":6},"end":{"line":223,"column":null}},"115":{"start":{"line":180,"column":19},"end":{"line":180,"column":38}},"116":{"start":{"line":181,"column":19},"end":{"line":181,"column":38}},"117":{"start":{"line":182,"column":46},"end":{"line":182,"column":55}},"118":{"start":{"line":183,"column":46},"end":{"line":183,"column":55}},"119":{"start":{"line":184,"column":8},"end":{"line":208,"column":9}},"120":{"start":{"line":186,"column":12},"end":{"line":186,"column":null}},"121":{"start":{"line":187,"column":12},"end":{"line":187,"column":null}},"122":{"start":{"line":188,"column":12},"end":{"line":188,"column":17}},"123":{"start":{"line":190,"column":12},"end":{"line":190,"column":null}},"124":{"start":{"line":191,"column":12},"end":{"line":191,"column":null}},"125":{"start":{"line":192,"column":12},"end":{"line":192,"column":17}},"126":{"start":{"line":194,"column":12},"end":{"line":194,"column":null}},"127":{"start":{"line":195,"column":12},"end":{"line":195,"column":null}},"128":{"start":{"line":196,"column":12},"end":{"line":196,"column":17}},"129":{"start":{"line":198,"column":12},"end":{"line":198,"column":null}},"130":{"start":{"line":199,"column":12},"end":{"line":199,"column":null}},"131":{"start":{"line":200,"column":12},"end":{"line":200,"column":17}},"132":{"start":{"line":202,"column":12},"end":{"line":202,"column":null}},"133":{"start":{"line":203,"column":12},"end":{"line":203,"column":null}},"134":{"start":{"line":204,"column":12},"end":{"line":204,"column":17}},"135":{"start":{"line":206,"column":12},"end":{"line":206,"column":null}},"136":{"start":{"line":207,"column":12},"end":{"line":207,"column":null}},"137":{"start":{"line":210,"column":22},"end":{"line":210,"column":82}},"138":{"start":{"line":211,"column":22},"end":{"line":211,"column":82}},"139":{"start":{"line":213,"column":8},"end":{"line":217,"column":9}},"140":{"start":{"line":214,"column":10},"end":{"line":214,"column":null}},"141":{"start":{"line":214,"column":29},"end":{"line":214,"column":null}},"142":{"start":{"line":215,"column":10},"end":{"line":215,"column":null}},"143":{"start":{"line":215,"column":29},"end":{"line":215,"column":null}},"144":{"start":{"line":216,"column":10},"end":{"line":216,"column":null}},"145":{"start":{"line":219,"column":19},"end":{"line":219,"column":32}},"146":{"start":{"line":220,"column":19},"end":{"line":220,"column":32}},"147":{"start":{"line":221,"column":20},"end":{"line":221,"column":40}},"148":{"start":{"line":222,"column":8},"end":{"line":222,"column":null}},"149":{"start":{"line":226,"column":4},"end":{"line":226,"column":null}},"150":{"start":{"line":229,"column":2},"end":{"line":376,"column":null}},"151":{"start":{"line":241,"column":58},"end":{"line":241,"column":69}},"152":{"start":{"line":254,"column":35},"end":{"line":254,"column":60}},"153":{"start":{"line":254,"column":61},"end":{"line":254,"column":77}},"154":{"start":{"line":261,"column":58},"end":{"line":261,"column":70}},"155":{"start":{"line":261,"column":71},"end":{"line":261,"column":84}},"156":{"start":{"line":261,"column":85},"end":{"line":261,"column":101}},"157":{"start":{"line":268,"column":37},"end":{"line":268,"column":56}},"158":{"start":{"line":269,"column":18},"end":{"line":269,"column":42}},"159":{"start":{"line":276,"column":65},"end":{"line":276,"column":78}},"160":{"start":{"line":276,"column":79},"end":{"line":276,"column":95}},"161":{"start":{"line":282,"column":45},"end":{"line":282,"column":64}},"162":{"start":{"line":287,"column":101},"end":{"line":299,"column":8}},"163":{"start":{"line":289,"column":18},"end":{"line":289,"column":33}},"164":{"start":{"line":290,"column":21},"end":{"line":290,"column":66}},"165":{"start":{"line":291,"column":18},"end":{"line":291,"column":57}},"166":{"start":{"line":292,"column":8},"end":{"line":296,"column":9}},"167":{"start":{"line":293,"column":10},"end":{"line":293,"column":null}},"168":{"start":{"line":294,"column":10},"end":{"line":294,"column":null}},"169":{"start":{"line":295,"column":10},"end":{"line":295,"column":16}},"170":{"start":{"line":297,"column":8},"end":{"line":297,"column":null}},"171":{"start":{"line":297,"column":27},"end":{"line":297,"column":52}},"172":{"start":{"line":298,"column":8},"end":{"line":298,"column":null}},"173":{"start":{"line":311,"column":20},"end":{"line":311,"column":null}},"174":{"start":{"line":313,"column":83},"end":{"line":313,"column":102}},"175":{"start":{"line":326,"column":32},"end":{"line":326,"column":48}},"176":{"start":{"line":327,"column":36},"end":{"line":327,"column":76}},"177":{"start":{"line":328,"column":38},"end":{"line":328,"column":72}},"178":{"start":{"line":329,"column":32},"end":{"line":329,"column":54}},"179":{"start":{"line":330,"column":30},"end":{"line":330,"column":46}},"180":{"start":{"line":331,"column":36},"end":{"line":331,"column":63}},"181":{"start":{"line":333,"column":18},"end":{"line":342,"column":null}},"182":{"start":{"line":334,"column":35},"end":{"line":334,"column":82}},"183":{"start":{"line":335,"column":20},"end":{"line":341,"column":null}},"184":{"start":{"line":338,"column":26},"end":{"line":338,"column":67}},"185":{"start":{"line":351,"column":80},"end":{"line":351,"column":91}},"186":{"start":{"line":351,"column":93},"end":{"line":351,"column":108}},"187":{"start":{"line":351,"column":109},"end":{"line":351,"column":125}},"188":{"start":{"line":356,"column":44},"end":{"line":356,"column":64}},"189":{"start":{"line":363,"column":40},"end":{"line":363,"column":52}},"190":{"start":{"line":363,"column":72},"end":{"line":363,"column":112}},"191":{"start":{"line":363,"column":114},"end":{"line":363,"column":188}},"192":{"start":{"line":366,"column":69},"end":{"line":366,"column":84}},"193":{"start":{"line":367,"column":69},"end":{"line":367,"column":108}},"194":{"start":{"line":367,"column":89},"end":{"line":367,"column":107}},"195":{"start":{"line":368,"column":85},"end":{"line":368,"column":97}},"196":{"start":{"line":368,"column":117},"end":{"line":368,"column":157}},"197":{"start":{"line":368,"column":159},"end":{"line":368,"column":211}},"198":{"start":{"line":368,"column":179},"end":{"line":368,"column":209}},"199":{"start":{"line":368,"column":247},"end":{"line":368,"column":259}},"200":{"start":{"line":368,"column":279},"end":{"line":368,"column":319}},"201":{"start":{"line":368,"column":321},"end":{"line":368,"column":355}},"202":{"start":{"line":369,"column":85},"end":{"line":369,"column":97}},"203":{"start":{"line":369,"column":117},"end":{"line":369,"column":157}},"204":{"start":{"line":369,"column":159},"end":{"line":369,"column":187}},"205":{"start":{"line":369,"column":223},"end":{"line":369,"column":235}},"206":{"start":{"line":369,"column":255},"end":{"line":369,"column":295}},"207":{"start":{"line":369,"column":297},"end":{"line":369,"column":331}}},"fnMap":{"0":{"name":"(anonymous_16)","decl":{"start":{"line":46,"column":28},"end":{"line":46,"column":29}},"loc":{"start":{"line":46,"column":54},"end":{"line":51,"column":1}}},"1":{"name":"AdminList","decl":{"start":{"line":53,"column":24},"end":{"line":53,"column":33}},"loc":{"start":{"line":53,"column":147},"end":{"line":377,"column":1}}},"2":{"name":"(anonymous_18)","decl":{"start":{"line":69,"column":21},"end":{"line":69,"column":22}},"loc":{"start":{"line":69,"column":40},"end":{"line":76,"column":3}}},"3":{"name":"(anonymous_19)","decl":{"start":{"line":71,"column":17},"end":{"line":71,"column":18}},"loc":{"start":{"line":71,"column":25},"end":{"line":71,"column":53}}},"4":{"name":"(anonymous_20)","decl":{"start":{"line":78,"column":39},"end":{"line":78,"column":46}},"loc":{"start":{"line":78,"column":70},"end":{"line":93,"column":5}}},"5":{"name":"(anonymous_21)","decl":{"start":{"line":78,"column":70},"end":{"line":78,"column":null}},"loc":{"start":{"line":78,"column":70},"end":{"line":93,"column":3}}},"6":{"name":"(anonymous_22)","decl":{"start":{"line":95,"column":18},"end":{"line":95,"column":21}},"loc":{"start":{"line":95,"column":23},"end":{"line":99,"column":3}}},"7":{"name":"(anonymous_23)","decl":{"start":{"line":98,"column":11},"end":{"line":98,"column":14}},"loc":{"start":{"line":98,"column":17},"end":{"line":98,"column":27}}},"8":{"name":"(anonymous_24)","decl":{"start":{"line":102,"column":18},"end":{"line":102,"column":21}},"loc":{"start":{"line":102,"column":23},"end":{"line":104,"column":3}}},"9":{"name":"(anonymous_25)","decl":{"start":{"line":103,"column":27},"end":{"line":103,"column":30}},"loc":{"start":{"line":103,"column":33},"end":{"line":103,"column":45}}},"10":{"name":"(anonymous_26)","decl":{"start":{"line":106,"column":18},"end":{"line":106,"column":21}},"loc":{"start":{"line":106,"column":23},"end":{"line":132,"column":3}}},"11":{"name":"(anonymous_27)","decl":{"start":{"line":109,"column":22},"end":{"line":109,"column":31}},"loc":{"start":{"line":109,"column":33},"end":{"line":129,"column":null}}},"12":{"name":"(anonymous_28)","decl":{"start":{"line":109,"column":33},"end":{"line":109,"column":null}},"loc":{"start":{"line":109,"column":33},"end":{"line":129,"column":5}}},"13":{"name":"(anonymous_29)","decl":{"start":{"line":115,"column":32},"end":{"line":115,"column":33}},"loc":{"start":{"line":115,"column":76},"end":{"line":122,"column":9}}},"14":{"name":"(anonymous_30)","decl":{"start":{"line":131,"column":11},"end":{"line":131,"column":14}},"loc":{"start":{"line":131,"column":17},"end":{"line":131,"column":27}}},"15":{"name":"(anonymous_31)","decl":{"start":{"line":134,"column":34},"end":{"line":134,"column":37}},"loc":{"start":{"line":134,"column":39},"end":{"line":227,"column":3}}},"16":{"name":"(anonymous_32)","decl":{"start":{"line":138,"column":24},"end":{"line":138,"column":25}},"loc":{"start":{"line":138,"column":38},"end":{"line":143,"column":5}}},"17":{"name":"(anonymous_33)","decl":{"start":{"line":147,"column":28},"end":{"line":147,"column":29}},"loc":{"start":{"line":147,"column":34},"end":{"line":176,"column":5}}},"18":{"name":"(anonymous_34)","decl":{"start":{"line":179,"column":28},"end":{"line":179,"column":29}},"loc":{"start":{"line":179,"column":37},"end":{"line":223,"column":7}}},"19":{"name":"(anonymous_35)","decl":{"start":{"line":241,"column":51},"end":{"line":241,"column":52}},"loc":{"start":{"line":241,"column":58},"end":{"line":241,"column":69}}},"20":{"name":"(anonymous_36)","decl":{"start":{"line":254,"column":26},"end":{"line":254,"column":27}},"loc":{"start":{"line":254,"column":32},"end":{"line":254,"column":78}}},"21":{"name":"(anonymous_37)","decl":{"start":{"line":261,"column":49},"end":{"line":261,"column":50}},"loc":{"start":{"line":261,"column":55},"end":{"line":261,"column":102}}},"22":{"name":"(anonymous_38)","decl":{"start":{"line":268,"column":32},"end":{"line":268,"column":33}},"loc":{"start":{"line":268,"column":37},"end":{"line":268,"column":56}}},"23":{"name":"(anonymous_39)","decl":{"start":{"line":268,"column":62},"end":{"line":268,"column":63}},"loc":{"start":{"line":269,"column":18},"end":{"line":269,"column":42}}},"24":{"name":"(anonymous_40)","decl":{"start":{"line":276,"column":57},"end":{"line":276,"column":60}},"loc":{"start":{"line":276,"column":62},"end":{"line":276,"column":96}}},"25":{"name":"(anonymous_41)","decl":{"start":{"line":282,"column":39},"end":{"line":282,"column":42}},"loc":{"start":{"line":282,"column":45},"end":{"line":282,"column":64}}},"26":{"name":"(anonymous_42)","decl":{"start":{"line":287,"column":86},"end":{"line":287,"column":93}},"loc":{"start":{"line":287,"column":101},"end":{"line":299,"column":8}}},"27":{"name":"(anonymous_43)","decl":{"start":{"line":287,"column":101},"end":{"line":287,"column":null}},"loc":{"start":{"line":287,"column":101},"end":{"line":299,"column":7}}},"28":{"name":"(anonymous_44)","decl":{"start":{"line":297,"column":17},"end":{"line":297,"column":18}},"loc":{"start":{"line":297,"column":27},"end":{"line":297,"column":52}}},"29":{"name":"(anonymous_45)","decl":{"start":{"line":310,"column":31},"end":{"line":310,"column":32}},"loc":{"start":{"line":311,"column":20},"end":{"line":311,"column":null}}},"30":{"name":"(anonymous_46)","decl":{"start":{"line":313,"column":77},"end":{"line":313,"column":80}},"loc":{"start":{"line":313,"column":83},"end":{"line":313,"column":102}}},"31":{"name":"(anonymous_47)","decl":{"start":{"line":325,"column":18},"end":{"line":325,"column":21}},"loc":{"start":{"line":325,"column":23},"end":{"line":343,"column":17}}},"32":{"name":"(anonymous_48)","decl":{"start":{"line":333,"column":39},"end":{"line":333,"column":40}},"loc":{"start":{"line":333,"column":52},"end":{"line":342,"column":19}}},"33":{"name":"(anonymous_49)","decl":{"start":{"line":337,"column":37},"end":{"line":337,"column":38}},"loc":{"start":{"line":338,"column":26},"end":{"line":338,"column":67}}},"34":{"name":"(anonymous_50)","decl":{"start":{"line":351,"column":59},"end":{"line":351,"column":60}},"loc":{"start":{"line":351,"column":67},"end":{"line":351,"column":126}}},"35":{"name":"(anonymous_51)","decl":{"start":{"line":356,"column":36},"end":{"line":356,"column":37}},"loc":{"start":{"line":356,"column":44},"end":{"line":356,"column":64}}},"36":{"name":"(anonymous_52)","decl":{"start":{"line":363,"column":18},"end":{"line":363,"column":21}},"loc":{"start":{"line":363,"column":23},"end":{"line":363,"column":189}}},"37":{"name":"(anonymous_53)","decl":{"start":{"line":366,"column":63},"end":{"line":366,"column":66}},"loc":{"start":{"line":366,"column":69},"end":{"line":366,"column":84}}},"38":{"name":"(anonymous_54)","decl":{"start":{"line":367,"column":63},"end":{"line":367,"column":66}},"loc":{"start":{"line":367,"column":69},"end":{"line":367,"column":108}}},"39":{"name":"(anonymous_55)","decl":{"start":{"line":367,"column":82},"end":{"line":367,"column":83}},"loc":{"start":{"line":367,"column":89},"end":{"line":367,"column":107}}},"40":{"name":"(anonymous_56)","decl":{"start":{"line":368,"column":63},"end":{"line":368,"column":66}},"loc":{"start":{"line":368,"column":68},"end":{"line":368,"column":212}}},"41":{"name":"(anonymous_57)","decl":{"start":{"line":368,"column":172},"end":{"line":368,"column":173}},"loc":{"start":{"line":368,"column":179},"end":{"line":368,"column":209}}},"42":{"name":"(anonymous_58)","decl":{"start":{"line":368,"column":225},"end":{"line":368,"column":228}},"loc":{"start":{"line":368,"column":230},"end":{"line":368,"column":356}}},"43":{"name":"(anonymous_59)","decl":{"start":{"line":369,"column":63},"end":{"line":369,"column":66}},"loc":{"start":{"line":369,"column":68},"end":{"line":369,"column":188}}},"44":{"name":"(anonymous_60)","decl":{"start":{"line":369,"column":201},"end":{"line":369,"column":204}},"loc":{"start":{"line":369,"column":206},"end":{"line":369,"column":332}}}},"branchMap":{"0":{"loc":{"start":{"line":47,"column":2},"end":{"line":47,"column":null}},"type":"if","locations":[{"start":{"line":47,"column":2},"end":{"line":47,"column":null}},{"start":{},"end":{}}]},"1":{"loc":{"start":{"line":47,"column":6},"end":{"line":47,"column":39}},"type":"binary-expr","locations":[{"start":{"line":47,"column":6},"end":{"line":47,"column":23}},{"start":{"line":47,"column":27},"end":{"line":47,"column":39}}]},"2":{"loc":{"start":{"line":48,"column":2},"end":{"line":48,"column":null}},"type":"if","locations":[{"start":{"line":48,"column":2},"end":{"line":48,"column":null}},{"start":{},"end":{}}]},"3":{"loc":{"start":{"line":49,"column":2},"end":{"line":49,"column":null}},"type":"if","locations":[{"start":{"line":49,"column":2},"end":{"line":49,"column":null}},{"start":{},"end":{}}]},"4":{"loc":{"start":{"line":54,"column":79},"end":{"line":54,"column":113}},"type":"default-arg","locations":[{"start":{"line":54,"column":94},"end":{"line":54,"column":113}}]},"5":{"loc":{"start":{"line":70,"column":4},"end":{"line":75,"column":5}},"type":"if","locations":[{"start":{"line":70,"column":4},"end":{"line":75,"column":5}},{"start":{"line":72,"column":11},"end":{"line":75,"column":5}}]},"6":{"loc":{"start":{"line":71,"column":25},"end":{"line":71,"column":53}},"type":"cond-expr","locations":[{"start":{"line":71,"column":39},"end":{"line":71,"column":45}},{"start":{"line":71,"column":48},"end":{"line":71,"column":53}}]},"7":{"loc":{"start":{"line":82,"column":6},"end":{"line":82,"column":null}},"type":"if","locations":[{"start":{"line":82,"column":6},"end":{"line":82,"column":null}},{"start":{},"end":{}}]},"8":{"loc":{"start":{"line":84,"column":24},"end":{"line":84,"column":63}},"type":"cond-expr","locations":[{"start":{"line":84,"column":50},"end":{"line":84,"column":58}},{"start":{"line":84,"column":61},"end":{"line":84,"column":63}}]},"9":{"loc":{"start":{"line":88,"column":6},"end":{"line":88,"column":45}},"type":"if","locations":[{"start":{"line":88,"column":6},"end":{"line":88,"column":45}},{"start":{},"end":{}}]},"10":{"loc":{"start":{"line":89,"column":15},"end":{"line":89,"column":43}},"type":"binary-expr","locations":[{"start":{"line":89,"column":15},"end":{"line":89,"column":28}},{"start":{"line":89,"column":32},"end":{"line":89,"column":43}}]},"11":{"loc":{"start":{"line":103,"column":4},"end":{"line":103,"column":46}},"type":"cond-expr","locations":[{"start":{"line":103,"column":24},"end":{"line":103,"column":27}},{"start":{"line":103,"column":24},"end":{"line":103,"column":46}}]},"12":{"loc":{"start":{"line":103,"column":4},"end":{"line":103,"column":27}},"type":"binary-expr","locations":[{"start":{"line":103,"column":4},"end":{"line":103,"column":27}},{"start":{"line":103,"column":24},"end":{"line":103,"column":27}}]},"13":{"loc":{"start":{"line":107,"column":4},"end":{"line":107,"column":25}},"type":"if","locations":[{"start":{"line":107,"column":4},"end":{"line":107,"column":25}},{"start":{},"end":{}}]},"14":{"loc":{"start":{"line":112,"column":8},"end":{"line":112,"column":null}},"type":"if","locations":[{"start":{"line":112,"column":8},"end":{"line":112,"column":null}},{"start":{},"end":{}}]},"15":{"loc":{"start":{"line":114,"column":21},"end":{"line":114,"column":60}},"type":"cond-expr","locations":[{"start":{"line":114,"column":47},"end":{"line":114,"column":55}},{"start":{"line":114,"column":58},"end":{"line":114,"column":60}}]},"16":{"loc":{"start":{"line":118,"column":26},"end":{"line":118,"column":39}},"type":"cond-expr","locations":[{"start":{"line":118,"column":33},"end":{"line":118,"column":37}},{"start":{"line":118,"column":37},"end":{"line":118,"column":39}}]},"17":{"loc":{"start":{"line":118,"column":26},"end":{"line":118,"column":37}},"type":"binary-expr","locations":[{"start":{"line":118,"column":26},"end":{"line":118,"column":37}},{"start":{"line":118,"column":33},"end":{"line":118,"column":37}}]},"18":{"loc":{"start":{"line":119,"column":23},"end":{"line":119,"column":78}},"type":"cond-expr","locations":[{"start":{"line":119,"column":53},"end":{"line":119,"column":60}},{"start":{"line":119,"column":63},"end":{"line":119,"column":78}}]},"19":{"loc":{"start":{"line":126,"column":8},"end":{"line":126,"column":47}},"type":"if","locations":[{"start":{"line":126,"column":8},"end":{"line":126,"column":47}},{"start":{},"end":{}}]},"20":{"loc":{"start":{"line":135,"column":4},"end":{"line":135,"column":null}},"type":"if","locations":[{"start":{"line":135,"column":4},"end":{"line":135,"column":null}},{"start":{},"end":{}}]},"21":{"loc":{"start":{"line":140,"column":6},"end":{"line":140,"column":null}},"type":"if","locations":[{"start":{"line":140,"column":6},"end":{"line":140,"column":null}},{"start":{},"end":{}}]},"22":{"loc":{"start":{"line":141,"column":6},"end":{"line":141,"column":null}},"type":"if","locations":[{"start":{"line":141,"column":6},"end":{"line":141,"column":null}},{"start":{},"end":{}}]},"23":{"loc":{"start":{"line":149,"column":6},"end":{"line":149,"column":null}},"type":"if","locations":[{"start":{"line":149,"column":6},"end":{"line":149,"column":null}},{"start":{},"end":{}}]},"24":{"loc":{"start":{"line":151,"column":24},"end":{"line":151,"column":94}},"type":"cond-expr","locations":[{"start":{"line":151,"column":64},"end":{"line":151,"column":68}},{"start":{"line":151,"column":68},"end":{"line":151,"column":94}}]},"25":{"loc":{"start":{"line":151,"column":24},"end":{"line":151,"column":68}},"type":"binary-expr","locations":[{"start":{"line":151,"column":24},"end":{"line":151,"column":68}},{"start":{"line":151,"column":64},"end":{"line":151,"column":68}}]},"26":{"loc":{"start":{"line":151,"column":25},"end":{"line":151,"column":63}},"type":"binary-expr","locations":[{"start":{"line":151,"column":25},"end":{"line":151,"column":37}},{"start":{"line":151,"column":41},"end":{"line":151,"column":63}}]},"27":{"loc":{"start":{"line":153,"column":6},"end":{"line":159,"column":7}},"type":"if","locations":[{"start":{"line":153,"column":6},"end":{"line":159,"column":7}},{"start":{},"end":{}}]},"28":{"loc":{"start":{"line":155,"column":10},"end":{"line":157,"column":59}},"type":"binary-expr","locations":[{"start":{"line":155,"column":10},"end":{"line":155,"column":59}},{"start":{"line":156,"column":10},"end":{"line":156,"column":60}},{"start":{"line":157,"column":10},"end":{"line":157,"column":59}}]},"29":{"loc":{"start":{"line":155,"column":17},"end":{"line":155,"column":32}},"type":"binary-expr","locations":[{"start":{"line":155,"column":17},"end":{"line":155,"column":26}},{"start":{"line":155,"column":30},"end":{"line":155,"column":32}}]},"30":{"loc":{"start":{"line":156,"column":17},"end":{"line":156,"column":33}},"type":"binary-expr","locations":[{"start":{"line":156,"column":17},"end":{"line":156,"column":27}},{"start":{"line":156,"column":31},"end":{"line":156,"column":33}}]},"31":{"loc":{"start":{"line":157,"column":17},"end":{"line":157,"column":32}},"type":"binary-expr","locations":[{"start":{"line":157,"column":17},"end":{"line":157,"column":26}},{"start":{"line":157,"column":30},"end":{"line":157,"column":32}}]},"32":{"loc":{"start":{"line":162,"column":6},"end":{"line":166,"column":7}},"type":"if","locations":[{"start":{"line":162,"column":6},"end":{"line":166,"column":7}},{"start":{},"end":{}}]},"33":{"loc":{"start":{"line":164,"column":8},"end":{"line":164,"column":null}},"type":"if","locations":[{"start":{"line":164,"column":8},"end":{"line":164,"column":null}},{"start":{},"end":{}}]},"34":{"loc":{"start":{"line":169,"column":6},"end":{"line":171,"column":7}},"type":"if","locations":[{"start":{"line":169,"column":6},"end":{"line":171,"column":7}},{"start":{},"end":{}}]},"35":{"loc":{"start":{"line":170,"column":22},"end":{"line":170,"column":37}},"type":"binary-expr","locations":[{"start":{"line":170,"column":22},"end":{"line":170,"column":31}},{"start":{"line":170,"column":35},"end":{"line":170,"column":37}}]},"36":{"loc":{"start":{"line":175,"column":20},"end":{"line":175,"column":29}},"type":"cond-expr","locations":[{"start":{"line":175,"column":20},"end":{"line":175,"column":23}},{"start":{"line":175,"column":27},"end":{"line":175,"column":29}}]},"37":{"loc":{"start":{"line":175,"column":20},"end":{"line":175,"column":27}},"type":"binary-expr","locations":[{"start":{"line":175,"column":20},"end":{"line":175,"column":27}},{"start":{"line":175,"column":20},"end":{"line":175,"column":27}}]},"38":{"loc":{"start":{"line":178,"column":4},"end":{"line":224,"column":5}},"type":"if","locations":[{"start":{"line":178,"column":4},"end":{"line":224,"column":5}},{"start":{},"end":{}}]},"39":{"loc":{"start":{"line":184,"column":8},"end":{"line":208,"column":9}},"type":"switch","locations":[{"start":{"line":185,"column":10},"end":{"line":188,"column":17}},{"start":{"line":189,"column":10},"end":{"line":192,"column":17}},{"start":{"line":193,"column":10},"end":{"line":196,"column":17}},{"start":{"line":197,"column":10},"end":{"line":200,"column":17}},{"start":{"line":201,"column":10},"end":{"line":204,"column":17}},{"start":{"line":205,"column":10},"end":{"line":207,"column":null}}]},"40":{"loc":{"start":{"line":186,"column":17},"end":{"line":186,"column":30}},"type":"binary-expr","locations":[{"start":{"line":186,"column":17},"end":{"line":186,"column":24}},{"start":{"line":186,"column":28},"end":{"line":186,"column":30}}]},"41":{"loc":{"start":{"line":187,"column":17},"end":{"line":187,"column":30}},"type":"binary-expr","locations":[{"start":{"line":187,"column":17},"end":{"line":187,"column":24}},{"start":{"line":187,"column":28},"end":{"line":187,"column":30}}]},"42":{"loc":{"start":{"line":190,"column":17},"end":{"line":190,"column":31}},"type":"binary-expr","locations":[{"start":{"line":190,"column":17},"end":{"line":190,"column":25}},{"start":{"line":190,"column":29},"end":{"line":190,"column":31}}]},"43":{"loc":{"start":{"line":191,"column":17},"end":{"line":191,"column":31}},"type":"binary-expr","locations":[{"start":{"line":191,"column":17},"end":{"line":191,"column":25}},{"start":{"line":191,"column":29},"end":{"line":191,"column":31}}]},"44":{"loc":{"start":{"line":194,"column":17},"end":{"line":194,"column":27}},"type":"cond-expr","locations":[{"start":{"line":194,"column":22},"end":{"line":194,"column":26}},{"start":{"line":194,"column":26},"end":{"line":194,"column":27}}]},"45":{"loc":{"start":{"line":194,"column":17},"end":{"line":194,"column":26}},"type":"binary-expr","locations":[{"start":{"line":194,"column":17},"end":{"line":194,"column":26}},{"start":{"line":194,"column":22},"end":{"line":194,"column":26}}]},"46":{"loc":{"start":{"line":195,"column":17},"end":{"line":195,"column":27}},"type":"cond-expr","locations":[{"start":{"line":195,"column":22},"end":{"line":195,"column":26}},{"start":{"line":195,"column":26},"end":{"line":195,"column":27}}]},"47":{"loc":{"start":{"line":195,"column":17},"end":{"line":195,"column":26}},"type":"binary-expr","locations":[{"start":{"line":195,"column":17},"end":{"line":195,"column":26}},{"start":{"line":195,"column":22},"end":{"line":195,"column":26}}]},"48":{"loc":{"start":{"line":198,"column":17},"end":{"line":198,"column":81}},"type":"cond-expr","locations":[{"start":{"line":198,"column":53},"end":{"line":198,"column":57}},{"start":{"line":198,"column":57},"end":{"line":198,"column":81}}]},"49":{"loc":{"start":{"line":198,"column":17},"end":{"line":198,"column":57}},"type":"binary-expr","locations":[{"start":{"line":198,"column":17},"end":{"line":198,"column":57}},{"start":{"line":198,"column":53},"end":{"line":198,"column":57}}]},"50":{"loc":{"start":{"line":198,"column":18},"end":{"line":198,"column":52}},"type":"binary-expr","locations":[{"start":{"line":198,"column":18},"end":{"line":198,"column":28}},{"start":{"line":198,"column":32},"end":{"line":198,"column":52}}]},"51":{"loc":{"start":{"line":199,"column":17},"end":{"line":199,"column":81}},"type":"cond-expr","locations":[{"start":{"line":199,"column":53},"end":{"line":199,"column":57}},{"start":{"line":199,"column":57},"end":{"line":199,"column":81}}]},"52":{"loc":{"start":{"line":199,"column":17},"end":{"line":199,"column":57}},"type":"binary-expr","locations":[{"start":{"line":199,"column":17},"end":{"line":199,"column":57}},{"start":{"line":199,"column":53},"end":{"line":199,"column":57}}]},"53":{"loc":{"start":{"line":199,"column":18},"end":{"line":199,"column":52}},"type":"binary-expr","locations":[{"start":{"line":199,"column":18},"end":{"line":199,"column":28}},{"start":{"line":199,"column":32},"end":{"line":199,"column":52}}]},"54":{"loc":{"start":{"line":202,"column":17},"end":{"line":202,"column":36}},"type":"cond-expr","locations":[{"start":{"line":202,"column":31},"end":{"line":202,"column":32}},{"start":{"line":202,"column":35},"end":{"line":202,"column":36}}]},"55":{"loc":{"start":{"line":203,"column":17},"end":{"line":203,"column":36}},"type":"cond-expr","locations":[{"start":{"line":203,"column":31},"end":{"line":203,"column":32}},{"start":{"line":203,"column":35},"end":{"line":203,"column":36}}]},"56":{"loc":{"start":{"line":206,"column":24},"end":{"line":206,"column":80}},"type":"cond-expr","locations":[{"start":{"line":206,"column":74},"end":{"line":206,"column":78}},{"start":{"line":206,"column":78},"end":{"line":206,"column":80}}]},"57":{"loc":{"start":{"line":206,"column":24},"end":{"line":206,"column":78}},"type":"binary-expr","locations":[{"start":{"line":206,"column":24},"end":{"line":206,"column":78}},{"start":{"line":206,"column":74},"end":{"line":206,"column":78}}]},"58":{"loc":{"start":{"line":207,"column":24},"end":{"line":207,"column":80}},"type":"cond-expr","locations":[{"start":{"line":207,"column":74},"end":{"line":207,"column":78}},{"start":{"line":207,"column":78},"end":{"line":207,"column":80}}]},"59":{"loc":{"start":{"line":207,"column":24},"end":{"line":207,"column":78}},"type":"binary-expr","locations":[{"start":{"line":207,"column":24},"end":{"line":207,"column":78}},{"start":{"line":207,"column":74},"end":{"line":207,"column":78}}]},"60":{"loc":{"start":{"line":210,"column":22},"end":{"line":210,"column":82}},"type":"cond-expr","locations":[{"start":{"line":210,"column":47},"end":{"line":210,"column":49}},{"start":{"line":210,"column":52},"end":{"line":210,"column":82}}]},"61":{"loc":{"start":{"line":210,"column":59},"end":{"line":210,"column":67}},"type":"cond-expr","locations":[{"start":{"line":210,"column":59},"end":{"line":210,"column":61}},{"start":{"line":210,"column":65},"end":{"line":210,"column":67}}]},"62":{"loc":{"start":{"line":210,"column":59},"end":{"line":210,"column":65}},"type":"binary-expr","locations":[{"start":{"line":210,"column":59},"end":{"line":210,"column":65}},{"start":{"line":210,"column":59},"end":{"line":210,"column":65}}]},"63":{"loc":{"start":{"line":211,"column":22},"end":{"line":211,"column":82}},"type":"cond-expr","locations":[{"start":{"line":211,"column":47},"end":{"line":211,"column":49}},{"start":{"line":211,"column":52},"end":{"line":211,"column":82}}]},"64":{"loc":{"start":{"line":211,"column":59},"end":{"line":211,"column":67}},"type":"cond-expr","locations":[{"start":{"line":211,"column":59},"end":{"line":211,"column":61}},{"start":{"line":211,"column":65},"end":{"line":211,"column":67}}]},"65":{"loc":{"start":{"line":211,"column":59},"end":{"line":211,"column":65}},"type":"binary-expr","locations":[{"start":{"line":211,"column":59},"end":{"line":211,"column":65}},{"start":{"line":211,"column":59},"end":{"line":211,"column":65}}]},"66":{"loc":{"start":{"line":213,"column":8},"end":{"line":217,"column":9}},"type":"if","locations":[{"start":{"line":213,"column":8},"end":{"line":217,"column":9}},{"start":{},"end":{}}]},"67":{"loc":{"start":{"line":213,"column":12},"end":{"line":213,"column":66}},"type":"binary-expr","locations":[{"start":{"line":213,"column":12},"end":{"line":213,"column":37}},{"start":{"line":213,"column":41},"end":{"line":213,"column":66}}]},"68":{"loc":{"start":{"line":214,"column":10},"end":{"line":214,"column":null}},"type":"if","locations":[{"start":{"line":214,"column":10},"end":{"line":214,"column":null}},{"start":{},"end":{}}]},"69":{"loc":{"start":{"line":214,"column":36},"end":{"line":214,"column":62}},"type":"cond-expr","locations":[{"start":{"line":214,"column":56},"end":{"line":214,"column":58}},{"start":{"line":214,"column":61},"end":{"line":214,"column":62}}]},"70":{"loc":{"start":{"line":215,"column":10},"end":{"line":215,"column":null}},"type":"if","locations":[{"start":{"line":215,"column":10},"end":{"line":215,"column":null}},{"start":{},"end":{}}]},"71":{"loc":{"start":{"line":215,"column":36},"end":{"line":215,"column":62}},"type":"cond-expr","locations":[{"start":{"line":215,"column":56},"end":{"line":215,"column":57}},{"start":{"line":215,"column":60},"end":{"line":215,"column":62}}]},"72":{"loc":{"start":{"line":222,"column":15},"end":{"line":222,"column":45}},"type":"cond-expr","locations":[{"start":{"line":222,"column":35},"end":{"line":222,"column":38}},{"start":{"line":222,"column":41},"end":{"line":222,"column":45}}]},"73":{"loc":{"start":{"line":232,"column":7},"end":{"line":232,"column":89}},"type":"binary-expr","locations":[{"start":{"line":232,"column":7},"end":{"line":232,"column":18}},{"start":{"line":232,"column":22},"end":{"line":232,"column":89}}]},"74":{"loc":{"start":{"line":240,"column":13},"end":{"line":256,"column":null}},"type":"cond-expr","locations":[{"start":{"line":241,"column":14},"end":{"line":248,"column":null}},{"start":{"line":251,"column":14},"end":{"line":255,"column":null}}]},"75":{"loc":{"start":{"line":275,"column":11},"end":{"line":278,"column":null}},"type":"binary-expr","locations":[{"start":{"line":275,"column":11},"end":{"line":275,"column":16}},{"start":{"line":276,"column":12},"end":{"line":277,"column":null}}]},"76":{"loc":{"start":{"line":291,"column":18},"end":{"line":291,"column":57}},"type":"binary-expr","locations":[{"start":{"line":291,"column":18},"end":{"line":291,"column":36}},{"start":{"line":291,"column":40},"end":{"line":291,"column":57}}]},"77":{"loc":{"start":{"line":292,"column":8},"end":{"line":296,"column":9}},"type":"if","locations":[{"start":{"line":292,"column":8},"end":{"line":296,"column":9}},{"start":{},"end":{}}]},"78":{"loc":{"start":{"line":297,"column":27},"end":{"line":297,"column":52}},"type":"cond-expr","locations":[{"start":{"line":297,"column":34},"end":{"line":297,"column":46}},{"start":{"line":297,"column":49},"end":{"line":297,"column":52}}]},"79":{"loc":{"start":{"line":301,"column":7},"end":{"line":301,"column":82}},"type":"binary-expr","locations":[{"start":{"line":301,"column":7},"end":{"line":301,"column":14}},{"start":{"line":301,"column":18},"end":{"line":301,"column":82}}]},"80":{"loc":{"start":{"line":302,"column":7},"end":{"line":302,"column":78}},"type":"binary-expr","locations":[{"start":{"line":302,"column":7},"end":{"line":302,"column":12}},{"start":{"line":302,"column":16},"end":{"line":302,"column":78}}]},"81":{"loc":{"start":{"line":304,"column":7},"end":{"line":373,"column":null}},"type":"binary-expr","locations":[{"start":{"line":304,"column":7},"end":{"line":304,"column":15}},{"start":{"line":304,"column":19},"end":{"line":304,"column":24}},{"start":{"line":305,"column":8},"end":{"line":372,"column":null}}]},"82":{"loc":{"start":{"line":312,"column":23},"end":{"line":318,"column":null}},"type":"cond-expr","locations":[{"start":{"line":313,"column":24},"end":{"line":315,"column":null}},{"start":{"line":318,"column":24},"end":{"line":318,"column":33}}]},"83":{"loc":{"start":{"line":315,"column":27},"end":{"line":315,"column":154}},"type":"cond-expr","locations":[{"start":{"line":315,"column":49},"end":{"line":315,"column":146}},{"start":{"line":315,"column":150},"end":{"line":315,"column":154}}]},"84":{"loc":{"start":{"line":315,"column":49},"end":{"line":315,"column":146}},"type":"cond-expr","locations":[{"start":{"line":315,"column":69},"end":{"line":315,"column":105}},{"start":{"line":315,"column":108},"end":{"line":315,"column":146}}]},"85":{"loc":{"start":{"line":334,"column":35},"end":{"line":334,"column":82}},"type":"cond-expr","locations":[{"start":{"line":334,"column":52},"end":{"line":334,"column":64}},{"start":{"line":334,"column":67},"end":{"line":334,"column":82}}]}},"s":{"0":0,"1":0,"2":0,"3":0,"4":0,"5":0,"6":0,"7":0,"8":0,"9":0,"10":0,"11":0,"12":0,"13":0,"14":0,"15":0,"16":0,"17":0,"18":0,"19":0,"20":0,"21":0,"22":0,"23":0,"24":0,"25":0,"26":0,"27":0,"28":0,"29":0,"30":0,"31":0,"32":0,"33":0,"34":0,"35":0,"36":0,"37":0,"38":0,"39":0,"40":0,"41":0,"42":0,"43":0,"44":0,"45":0,"46":0,"47":0,"48":0,"49":0,"50":0,"51":0,"52":0,"53":0,"54":0,"55":0,"56":0,"57":0,"58":0,"59":0,"60":0,"61":0,"62":0,"63":0,"64":0,"65":0,"66":0,"67":0,"68":0,"69":0,"70":0,"71":0,"72":0,"73":0,"74":0,"75":0,"76":0,"77":0,"78":0,"79":0,"80":0,"81":0,"82":0,"83":0,"84":0,"85":0,"86":0,"87":0,"88":0,"89":0,"90":0,"91":0,"92":0,"93":0,"94":0,"95":0,"96":0,"97":0,"98":0,"99":0,"100":0,"101":0,"102":0,"103":0,"104":0,"105":0,"106":0,"107":0,"108":0,"109":0,"110":0,"111":0,"112":0,"113":0,"114":0,"115":0,"116":0,"117":0,"118":0,"119":0,"120":0,"121":0,"122":0,"123":0,"124":0,"125":0,"126":0,"127":0,"128":0,"129":0,"130":0,"131":0,"132":0,"133":0,"134":0,"135":0,"136":0,"137":0,"138":0,"139":0,"140":0,"141":0,"142":0,"143":0,"144":0,"145":0,"146":0,"147":0,"148":0,"149":0,"150":0,"151":0,"152":0,"153":0,"154":0,"155":0,"156":0,"157":0,"158":0,"159":0,"160":0,"161":0,"162":0,"163":0,"164":0,"165":0,"166":0,"167":0,"168":0,"169":0,"170":0,"171":0,"172":0,"173":0,"174":0,"175":0,"176":0,"177":0,"178":0,"179":0,"180":0,"181":0,"182":0,"183":0,"184":0,"185":0,"186":0,"187":0,"188":0,"189":0,"190":0,"191":0,"192":0,"193":0,"194":0,"195":0,"196":0,"197":0,"198":0,"199":0,"200":0,"201":0,"202":0,"203":0,"204":0,"205":0,"206":0,"207":0},"f":{"0":0,"1":0,"2":0,"3":0,"4":0,"5":0,"6":0,"7":0,"8":0,"9":0,"10":0,"11":0,"12":0,"13":0,"14":0,"15":0,"16":0,"17":0,"18":0,"19":0,"20":0,"21":0,"22":0,"23":0,"24":0,"25":0,"26":0,"27":0,"28":0,"29":0,"30":0,"31":0,"32":0,"33":0,"34":0,"35":0,"36":0,"37":0,"38":0,"39":0,"40":0,"41":0,"42":0,"43":0,"44":0},"b":{"0":[0,0],"1":[0,0],"2":[0,0],"3":[0,0],"4":[0],"5":[0,0],"6":[0,0],"7":[0,0],"8":[0,0],"9":[0,0],"10":[0,0],"11":[0,0],"12":[0,0],"13":[0,0],"14":[0,0],"15":[0,0],"16":[0,0],"17":[0,0],"18":[0,0],"19":[0,0],"20":[0,0],"21":[0,0],"22":[0,0],"23":[0,0],"24":[0,0],"25":[0,0],"26":[0,0],"27":[0,0],"28":[0,0,0],"29":[0,0],"30":[0,0],"31":[0,0],"32":[0,0],"33":[0,0],"34":[0,0],"35":[0,0],"36":[0,0],"37":[0,0],"38":[0,0],"39":[0,0,0,0,0,0],"40":[0,0],"41":[0,0],"42":[0,0],"43":[0,0],"44":[0,0],"45":[0,0],"46":[0,0],"47":[0,0],"48":[0,0],"49":[0,0],"50":[0,0],"51":[0,0],"52":[0,0],"53":[0,0],"54":[0,0],"55":[0,0],"56":[0,0],"57":[0,0],"58":[0,0],"59":[0,0],"60":[0,0],"61":[0,0],"62":[0,0],"63":[0,0],"64":[0,0],"65":[0,0],"66":[0,0],"67":[0,0],"68":[0,0],"69":[0,0],"70":[0,0],"71":[0,0],"72":[0,0],"73":[0,0],"74":[0,0],"75":[0,0],"76":[0,0],"77":[0,0],"78":[0,0],"79":[0,0],"80":[0,0],"81":[0,0,0],"82":[0,0],"83":[0,0],"84":[0,0],"85":[0,0]}}
,"/Users/oz/01-maestria-FSD/06-Monografia/SisPostgrUCB/03-Frontend/src/components/ui/alert-dialog.tsx": {"path":"/Users/oz/01-maestria-FSD/06-Monografia/SisPostgrUCB/03-Frontend/src/components/ui/alert-dialog.tsx","statementMap":{"0":{"start":{"line":144,"column":2},"end":{"line":144,"column":13}},"1":{"start":{"line":145,"column":2},"end":{"line":145,"column":19}},"2":{"start":{"line":146,"column":2},"end":{"line":146,"column":20}},"3":{"start":{"line":147,"column":2},"end":{"line":147,"column":20}},"4":{"start":{"line":148,"column":2},"end":{"line":148,"column":20}},"5":{"start":{"line":149,"column":2},"end":{"line":149,"column":19}},"6":{"start":{"line":150,"column":2},"end":{"line":150,"column":19}},"7":{"start":{"line":151,"column":2},"end":{"line":151,"column":18}},"8":{"start":{"line":152,"column":2},"end":{"line":152,"column":24}},"9":{"start":{"line":153,"column":2},"end":{"line":153,"column":19}},"10":{"start":{"line":154,"column":2},"end":{"line":154,"column":19}},"11":{"start":{"line":2,"column":0},"end":{"line":2,"column":68}},"12":{"start":{"line":4,"column":0},"end":{"line":4,"column":32}},"13":{"start":{"line":5,"column":0},"end":{"line":5,"column":55}},"14":{"start":{"line":8,"column":10},"end":{"line":9,"column":57}},"15":{"start":{"line":10,"column":2},"end":{"line":10,"column":null}},"16":{"start":{"line":14,"column":10},"end":{"line":15,"column":60}},"17":{"start":{"line":16,"column":2},"end":{"line":18,"column":null}},"18":{"start":{"line":22,"column":10},"end":{"line":23,"column":59}},"19":{"start":{"line":24,"column":2},"end":{"line":26,"column":null}},"20":{"start":{"line":30,"column":11},"end":{"line":30,"column":null}},"21":{"start":{"line":31,"column":10},"end":{"line":32,"column":60}},"22":{"start":{"line":33,"column":2},"end":{"line":42,"column":null}},"23":{"start":{"line":46,"column":11},"end":{"line":46,"column":null}},"24":{"start":{"line":47,"column":10},"end":{"line":48,"column":60}},"25":{"start":{"line":49,"column":2},"end":{"line":61,"column":null}},"26":{"start":{"line":65,"column":11},"end":{"line":65,"column":null}},"27":{"start":{"line":66,"column":10},"end":{"line":67,"column":30}},"28":{"start":{"line":68,"column":2},"end":{"line":74,"column":null}},"29":{"start":{"line":78,"column":11},"end":{"line":78,"column":null}},"30":{"start":{"line":79,"column":10},"end":{"line":80,"column":30}},"31":{"start":{"line":81,"column":2},"end":{"line":90,"column":null}},"32":{"start":{"line":94,"column":11},"end":{"line":94,"column":null}},"33":{"start":{"line":95,"column":10},"end":{"line":96,"column":58}},"34":{"start":{"line":97,"column":2},"end":{"line":103,"column":null}},"35":{"start":{"line":107,"column":11},"end":{"line":107,"column":null}},"36":{"start":{"line":108,"column":10},"end":{"line":109,"column":64}},"37":{"start":{"line":110,"column":2},"end":{"line":116,"column":null}},"38":{"start":{"line":120,"column":11},"end":{"line":120,"column":null}},"39":{"start":{"line":121,"column":10},"end":{"line":122,"column":59}},"40":{"start":{"line":123,"column":2},"end":{"line":128,"column":null}},"41":{"start":{"line":132,"column":11},"end":{"line":132,"column":null}},"42":{"start":{"line":133,"column":10},"end":{"line":134,"column":59}},"43":{"start":{"line":135,"column":2},"end":{"line":140,"column":null}}},"fnMap":{"0":{"name":"AlertDialog","decl":{"start":{"line":7,"column":9},"end":{"line":7,"column":20}},"loc":{"start":{"line":9,"column":57},"end":{"line":11,"column":1}}},"1":{"name":"AlertDialogTrigger","decl":{"start":{"line":13,"column":9},"end":{"line":13,"column":27}},"loc":{"start":{"line":15,"column":60},"end":{"line":19,"column":1}}},"2":{"name":"AlertDialogPortal","decl":{"start":{"line":21,"column":9},"end":{"line":21,"column":26}},"loc":{"start":{"line":23,"column":59},"end":{"line":27,"column":1}}},"3":{"name":"AlertDialogOverlay","decl":{"start":{"line":29,"column":9},"end":{"line":29,"column":27}},"loc":{"start":{"line":32,"column":60},"end":{"line":43,"column":1}}},"4":{"name":"AlertDialogContent","decl":{"start":{"line":45,"column":9},"end":{"line":45,"column":27}},"loc":{"start":{"line":48,"column":60},"end":{"line":62,"column":1}}},"5":{"name":"AlertDialogHeader","decl":{"start":{"line":64,"column":9},"end":{"line":64,"column":26}},"loc":{"start":{"line":67,"column":30},"end":{"line":75,"column":1}}},"6":{"name":"AlertDialogFooter","decl":{"start":{"line":77,"column":9},"end":{"line":77,"column":26}},"loc":{"start":{"line":80,"column":30},"end":{"line":91,"column":1}}},"7":{"name":"AlertDialogTitle","decl":{"start":{"line":93,"column":9},"end":{"line":93,"column":25}},"loc":{"start":{"line":96,"column":58},"end":{"line":104,"column":1}}},"8":{"name":"AlertDialogDescription","decl":{"start":{"line":106,"column":9},"end":{"line":106,"column":31}},"loc":{"start":{"line":109,"column":64},"end":{"line":117,"column":1}}},"9":{"name":"AlertDialogAction","decl":{"start":{"line":119,"column":9},"end":{"line":119,"column":26}},"loc":{"start":{"line":122,"column":59},"end":{"line":129,"column":1}}},"10":{"name":"AlertDialogCancel","decl":{"start":{"line":131,"column":9},"end":{"line":131,"column":26}},"loc":{"start":{"line":134,"column":59},"end":{"line":141,"column":1}}}},"branchMap":{},"s":{"0":0,"1":0,"2":0,"3":0,"4":0,"5":0,"6":0,"7":0,"8":0,"9":0,"10":0,"11":0,"12":0,"13":0,"14":0,"15":0,"16":0,"17":0,"18":0,"19":0,"20":0,"21":0,"22":0,"23":0,"24":0,"25":0,"26":0,"27":0,"28":0,"29":0,"30":0,"31":0,"32":0,"33":0,"34":0,"35":0,"36":0,"37":0,"38":0,"39":0,"40":0,"41":0,"42":0,"43":0},"f":{"0":0,"1":0,"2":0,"3":0,"4":0,"5":0,"6":0,"7":0,"8":0,"9":0,"10":0},"b":{}}
[...]
n":112},"end":{"line":139,"column":116}},{"start":{"line":139,"column":116},"end":{"line":139,"column":125}}]},"19":{"loc":{"start":{"line":139,"column":100},"end":{"line":139,"column":116}},"type":"binary-expr","locations":[{"start":{"line":139,"column":100},"end":{"line":139,"column":116}},{"start":{"line":139,"column":112},"end":{"line":139,"column":116}}]},"20":{"loc":{"start":{"line":144,"column":4},"end":{"line":144,"column":null}},"type":"if","locations":[{"start":{"line":144,"column":4},"end":{"line":144,"column":null}},{"start":{},"end":{}}]},"21":{"loc":{"start":{"line":144,"column":30},"end":{"line":144,"column":45}},"type":"cond-expr","locations":[{"start":{"line":144,"column":39},"end":{"line":144,"column":43}},{"start":{"line":144,"column":43},"end":{"line":144,"column":45}}]},"22":{"loc":{"start":{"line":144,"column":30},"end":{"line":144,"column":43}},"type":"binary-expr","locations":[{"start":{"line":144,"column":30},"end":{"line":144,"column":43}},{"start":{"line":144,"column":39},"end":{"line":144,"column":43}}]},"23":{"loc":{"start":{"line":144,"column":54},"end":{"line":144,"column":70}},"type":"cond-expr","locations":[{"start":{"line":144,"column":64},"end":{"line":144,"column":68}},{"start":{"line":144,"column":68},"end":{"line":144,"column":70}}]},"24":{"loc":{"start":{"line":144,"column":54},"end":{"line":144,"column":68}},"type":"binary-expr","locations":[{"start":{"line":144,"column":54},"end":{"line":144,"column":68}},{"start":{"line":144,"column":64},"end":{"line":144,"column":68}}]},"25":{"loc":{"start":{"line":144,"column":81},"end":{"line":144,"column":106}},"type":"cond-expr","locations":[{"start":{"line":144,"column":93},"end":{"line":144,"column":97}},{"start":{"line":144,"column":97},"end":{"line":144,"column":106}}]},"26":{"loc":{"start":{"line":144,"column":81},"end":{"line":144,"column":97}},"type":"binary-expr","locations":[{"start":{"line":144,"column":81},"end":{"line":144,"column":97}},{"start":{"line":144,"column":93},"end":{"line":144,"column":97}}]},"27":{"loc":{"start":{"line":152,"column":8},"end":{"line":152,"column":null}},"type":"if","locations":[{"start":{"line":152,"column":8},"end":{"line":152,"column":null}},{"start":{},"end":{}}]},"28":{"loc":{"start":{"line":154,"column":22},"end":{"line":154,"column":58}},"type":"cond-expr","locations":[{"start":{"line":154,"column":43},"end":{"line":154,"column":51}},{"start":{"line":154,"column":54},"end":{"line":154,"column":58}}]},"29":{"loc":{"start":{"line":154,"column":23},"end":{"line":154,"column":39}},"type":"binary-expr","locations":[{"start":{"line":154,"column":23},"end":{"line":154,"column":27}},{"start":{"line":154,"column":31},"end":{"line":154,"column":39}}]},"30":{"loc":{"start":{"line":155,"column":8},"end":{"line":155,"column":null}},"type":"if","locations":[{"start":{"line":155,"column":8},"end":{"line":155,"column":null}},{"start":{},"end":{}}]},"31":{"loc":{"start":{"line":155,"column":30},"end":{"line":155,"column":63}},"type":"cond-expr","locations":[{"start":{"line":155,"column":53},"end":{"line":155,"column":58}},{"start":{"line":155,"column":61},"end":{"line":155,"column":63}}]},"32":{"loc":{"start":{"line":158,"column":45},"end":{"line":158,"column":73}},"type":"binary-expr","locations":[{"start":{"line":158,"column":45},"end":{"line":158,"column":58}},{"start":{"line":158,"column":62},"end":{"line":158,"column":73}}]},"33":{"loc":{"start":{"line":162,"column":4},"end":{"line":162,"column":null}},"type":"if","locations":[{"start":{"line":162,"column":4},"end":{"line":162,"column":null}},{"start":{},"end":{}}]},"34":{"loc":{"start":{"line":167,"column":4},"end":{"line":167,"column":24}},"type":"if","locations":[{"start":{"line":167,"column":4},"end":{"line":167,"column":24}},{"start":{},"end":{}}]},"35":{"loc":{"start":{"line":176,"column":6},"end":{"line":184,"column":7}},"type":"if","locations":[{"start":{"line":176,"column":6},"end":{"line":184,"column":7}},{"start":{},"end":{}}]},"36":{"loc":{"start":{"line":176,"column":10},"end":{"line":176,"column":50}},"type":"binary-expr","locations":[{"start":{"line":176,"column":10},"end":{"line":176,"column":28}},{"start":{"line":176,"column":32},"end":{"line":176,"column":50}}]},"37":{"loc":{"start":{"line":179,"column":8},"end":{"line":183,"column":9}},"type":"if","locations":[{"start":{"line":179,"column":8},"end":{"line":183,"column":9}},{"start":{},"end":{}}]},"38":{"loc":{"start":{"line":179,"column":12},"end":{"line":179,"column":104}},"type":"binary-expr","locations":[{"start":{"line":179,"column":12},"end":{"line":179,"column":22}},{"start":{"line":179,"column":26},"end":{"line":179,"column":62}},{"start":{"line":179,"column":66},"end":{"line":179,"column":104}}]},"39":{"loc":{"start":{"line":186,"column":6},"end":{"line":186,"column":null}},"type":"if","locations":[{"start":{"line":186,"column":6},"end":{"line":186,"column":null}},{"start":{},"end":{}}]},"40":{"loc":{"start":{"line":188,"column":22},"end":{"line":188,"column":162}},"type":"cond-expr","locations":[{"start":{"line":188,"column":75},"end":{"line":188,"column":83}},{"start":{"line":188,"column":86},"end":{"line":188,"column":162}}]},"41":{"loc":{"start":{"line":188,"column":23},"end":{"line":188,"column":71}},"type":"binary-expr","locations":[{"start":{"line":188,"column":23},"end":{"line":188,"column":27}},{"start":{"line":188,"column":31},"end":{"line":188,"column":39}},{"start":{"line":188,"column":43},"end":{"line":188,"column":71}}]},"42":{"loc":{"start":{"line":189,"column":6},"end":{"line":189,"column":null}},"type":"if","locations":[{"start":{"line":189,"column":6},"end":{"line":189,"column":null}},{"start":{},"end":{}}]},"43":{"loc":{"start":{"line":190,"column":6},"end":{"line":190,"column":null}},"type":"if","locations":[{"start":{"line":190,"column":6},"end":{"line":190,"column":null}},{"start":{},"end":{}}]},"44":{"loc":{"start":{"line":195,"column":41},"end":{"line":195,"column":69}},"type":"binary-expr","locations":[{"start":{"line":195,"column":41},"end":{"line":195,"column":54}},{"start":{"line":195,"column":58},"end":{"line":195,"column":69}}]},"45":{"loc":{"start":{"line":202,"column":4},"end":{"line":202,"column":24}},"type":"if","locations":[{"start":{"line":202,"column":4},"end":{"line":202,"column":24}},{"start":{},"end":{}}]},"46":{"loc":{"start":{"line":210,"column":6},"end":{"line":210,"column":null}},"type":"if","locations":[{"start":{"line":210,"column":6},"end":{"line":210,"column":null}},{"start":{},"end":{}}]},"47":{"loc":{"start":{"line":213,"column":6},"end":{"line":213,"column":null}},"type":"if","locations":[{"start":{"line":213,"column":6},"end":{"line":213,"column":null}},{"start":{},"end":{}}]},"48":{"loc":{"start":{"line":216,"column":51},"end":{"line":216,"column":79}},"type":"binary-expr","locations":[{"start":{"line":216,"column":51},"end":{"line":216,"column":64}},{"start":{"line":216,"column":68},"end":{"line":216,"column":79}}]},"49":{"loc":{"start":{"line":254,"column":27},"end":{"line":254,"column":67}},"type":"cond-expr","locations":[{"start":{"line":254,"column":42},"end":{"line":254,"column":62}},{"start":{"line":254,"column":65},"end":{"line":254,"column":67}}]},"50":{"loc":{"start":{"line":254,"column":124},"end":{"line":254,"column":149}},"type":"cond-expr","locations":[{"start":{"line":254,"column":128},"end":{"line":254,"column":137}},{"start":{"line":254,"column":140},"end":{"line":254,"column":149}}]},"51":{"loc":{"start":{"line":276,"column":23},"end":{"line":280,"column":null}},"type":"cond-expr","locations":[{"start":{"line":276,"column":35},"end":{"line":276,"column":50}},{"start":{"line":277,"column":24},"end":{"line":278,"column":null}}]},"52":{"loc":{"start":{"line":298,"column":58},"end":{"line":298,"column":93}},"type":"cond-expr","locations":[{"start":{"line":298,"column":67},"end":{"line":298,"column":81}},{"start":{"line":298,"column":84},"end":{"line":298,"column":93}}]},"53":{"loc":{"start":{"line":319,"column":8},"end":{"line":319,"column":null}},"type":"if","locations":[{"start":{"line":319,"column":8},"end":{"line":319,"column":null}},{"start":{},"end":{}}]},"54":{"loc":{"start":{"line":321,"column":22},"end":{"line":321,"column":58}},"type":"cond-expr","locations":[{"start":{"line":321,"column":43},"end":{"line":321,"column":51}},{"start":{"line":321,"column":54},"end":{"line":321,"column":58}}]},"55":{"loc":{"start":{"line":321,"column":23},"end":{"line":321,"column":39}},"type":"binary-expr","locations":[{"start":{"line":321,"column":23},"end":{"line":321,"column":27}},{"start":{"line":321,"column":31},"end":{"line":321,"column":39}}]},"56":{"loc":{"start":{"line":322,"column":8},"end":{"line":322,"column":null}},"type":"if","locations":[{"start":{"line":322,"column":8},"end":{"line":322,"column":null}},{"start":{},"end":{}}]},"57":{"loc":{"start":{"line":322,"column":30},"end":{"line":322,"column":63}},"type":"cond-expr","locations":[{"start":{"line":322,"column":53},"end":{"line":322,"column":58}},{"start":{"line":322,"column":61},"end":{"line":322,"column":63}}]},"58":{"loc":{"start":{"line":325,"column":45},"end":{"line":325,"column":73}},"type":"binary-expr","locations":[{"start":{"line":325,"column":45},"end":{"line":325,"column":58}},{"start":{"line":325,"column":62},"end":{"line":325,"column":73}}]},"59":{"loc":{"start":{"line":342,"column":67},"end":{"line":342,"column":78}},"type":"cond-expr","locations":[{"start":{"line":342,"column":71},"end":{"line":342,"column":75}},{"start":{"line":342,"column":75},"end":{"line":342,"column":78}}]},"60":{"loc":{"start":{"line":342,"column":67},"end":{"line":342,"column":75}},"type":"binary-expr","locations":[{"start":{"line":342,"column":67},"end":{"line":342,"column":75}},{"start":{"line":342,"column":71},"end":{"line":342,"column":75}}]},"61":{"loc":{"start":{"line":343,"column":73},"end":{"line":343,"column":86}},"type":"cond-expr","locations":[{"start":{"line":343,"column":79},"end":{"line":343,"column":83}},{"start":{"line":343,"column":83},"end":{"line":343,"column":86}}]},"62":{"loc":{"start":{"line":343,"column":73},"end":{"line":343,"column":83}},"type":"binary-expr","locations":[{"start":{"line":343,"column":73},"end":{"line":343,"column":83}},{"start":{"line":343,"column":79},"end":{"line":343,"column":83}}]},"63":{"loc":{"start":{"line":344,"column":73},"end":{"line":344,"column":87}},"type":"cond-expr","locations":[{"start":{"line":344,"column":80},"end":{"line":344,"column":84}},{"start":{"line":344,"column":84},"end":{"line":344,"column":87}}]},"64":{"loc":{"start":{"line":344,"column":73},"end":{"line":344,"column":84}},"type":"binary-expr","locations":[{"start":{"line":344,"column":73},"end":{"line":344,"column":84}},{"start":{"line":344,"column":80},"end":{"line":344,"column":84}}]},"65":{"loc":{"start":{"line":345,"column":71},"end":{"line":345,"column":143}},"type":"cond-expr","locations":[{"start":{"line":345,"column":92},"end":{"line":345,"column":136}},{"start":{"line":345,"column":140},"end":{"line":345,"column":143}}]},"66":{"loc":{"start":{"line":345,"column":92},"end":{"line":345,"column":136}},"type":"cond-expr","locations":[{"start":{"line":345,"column":115},"end":{"line":345,"column":119}},{"start":{"line":345,"column":119},"end":{"line":345,"column":136}}]},"67":{"loc":{"start":{"line":345,"column":92},"end":{"line":345,"column":119}},"type":"binary-expr","locations":[{"start":{"line":345,"column":92},"end":{"line":345,"column":119}},{"start":{"line":345,"column":115},"end":{"line":345,"column":119}}]},"68":{"loc":{"start":{"line":346,"column":78},"end":{"line":346,"column":180}},"type":"cond-expr","locations":[{"start":{"line":346,"column":91},"end":{"line":346,"column":132}},{"start":{"line":346,"column":135},"end":{"line":346,"column":180}}]}},"s":{"0":0,"1":0,"2":0,"3":0,"4":0,"5":0,"6":0,"7":0,"8":0,"9":0,"10":0,"11":0,"12":0,"13":0,"14":0,"15":0,"16":0,"17":0,"18":0,"19":0,"20":0,"21":0,"22":0,"23":0,"24":0,"25":0,"26":0,"27":0,"28":0,"29":0,"30":0,"31":0,"32":0,"33":0,"34":0,"35":0,"36":0,"37":0,"38":0,"39":0,"40":0,"41":0,"42":0,"43":0,"44":0,"45":0,"46":0,"47":0,"48":0,"49":0,"50":0,"51":0,"52":0,"53":0,"54":0,"55":0,"56":0,"57":0,"58":0,"59":0,"60":0,"61":0,"62":0,"63":0,"64":0,"65":0,"66":0,"67":0,"68":0,"69":0,"70":0,"71":0,"72":0,"73":0,"74":0,"75":0,"76":0,"77":0,"78":0,"79":0,"80":0,"81":0,"82":0,"83":0,"84":0,"85":0,"86":0,"87":0,"88":0,"89":0,"90":0,"91":0,"92":0,"93":0,"94":0,"95":0,"96":0,"97":0,"98":0,"99":0,"100":0,"101":0,"102":0,"103":0,"104":0,"105":0,"106":0,"107":0,"108":0,"109":0,"110":0,"111":0,"112":0,"113":0,"114":0,"115":0,"116":0,"117":0,"118":0,"119":0,"120":0,"121":0,"122":0,"123":0,"124":0,"125":0,"126":0,"127":0,"128":0,"129":0,"130":0,"131":0,"132":0,"133":0,"134":0,"135":0,"136":0,"137":0,"138":0,"139":0,"140":0,"141":0,"142":0,"143":0,"144":0,"145":0,"146":0,"147":0,"148":0,"149":0,"150":0,"151":0,"152":0,"153":0,"154":0,"155":0,"156":0,"157":0,"158":0,"159":0,"160":0,"161":0,"162":0,"163":0,"164":0,"165":0,"166":0,"167":0,"168":0,"169":0,"170":0,"171":0,"172":0,"173":0,"174":0,"175":0},"f":{"0":0,"1":0,"2":0,"3":0,"4":0,"5":0,"6":0,"7":0,"8":0,"9":0,"10":0,"11":0,"12":0,"13":0,"14":0,"15":0,"16":0,"17":0,"18":0,"19":0,"20":0,"21":0,"22":0,"23":0,"24":0,"25":0,"26":0,"27":0,"28":0,"29":0,"30":0,"31":0,"32":0,"33":0,"34":0,"35":0,"36":0,"37":0,"38":0,"39":0,"40":0,"41":0,"42":0,"43":0,"44":0,"45":0,"46":0,"47":0,"48":0,"49":0,"50":0},"b":{"0":[0,0],"1":[0,0],"2":[0,0],"3":[0,0],"4":[0,0],"5":[0,0],"6":[0,0],"7":[0,0],"8":[0,0],"9":[0,0,0],"10":[0,0],"11":[0,0],"12":[0,0],"13":[0,0],"14":[0,0],"15":[0,0],"16":[0,0],"17":[0,0],"18":[0,0],"19":[0,0],"20":[0,0],"21":[0,0],"22":[0,0],"23":[0,0],"24":[0,0],"25":[0,0],"26":[0,0],"27":[0,0],"28":[0,0],"29":[0,0],"30":[0,0],"31":[0,0],"32":[0,0],"33":[0,0],"34":[0,0],"35":[0,0],"36":[0,0],"37":[0,0],"38":[0,0,0],"39":[0,0],"40":[0,0],"41":[0,0,0],"42":[0,0],"43":[0,0],"44":[0,0],"45":[0,0],"46":[0,0],"47":[0,0],"48":[0,0],"49":[0,0],"50":[0,0],"51":[0,0],"52":[0,0],"53":[0,0],"54":[0,0],"55":[0,0],"56":[0,0],"57":[0,0],"58":[0,0],"59":[0,0],"60":[0,0],"61":[0,0],"62":[0,0],"63":[0,0],"64":[0,0],"65":[0,0],"66":[0,0],"67":[0,0],"68":[0,0]}}
,"/Users/oz/01-maestria-FSD/06-Monografia/SisPostgrUCB/03-Frontend/src/pages/auth/login.page.tsx": {"path":"/Users/oz/01-maestria-FSD/06-Monografia/SisPostgrUCB/03-Frontend/src/pages/auth/login.page.tsx","statementMap":{"0":{"start":{"line":2,"column":0},"end":{"line":2,"column":96}},"1":{"start":{"line":3,"column":0},"end":{"line":3,"column":75}},"2":{"start":{"line":4,"column":0},"end":{"line":4,"column":53}},"3":{"start":{"line":5,"column":0},"end":{"line":5,"column":41}},"4":{"start":{"line":6,"column":0},"end":{"line":6,"column":47}},"5":{"start":{"line":7,"column":0},"end":{"line":7,"column":45}},"6":{"start":{"line":8,"column":0},"end":{"line":8,"column":101}},"7":{"start":{"line":9,"column":0},"end":{"line":9,"column":56}},"8":{"start":{"line":10,"column":0},"end":{"line":10,"column":75}},"9":{"start":{"line":11,"column":0},"end":{"line":11,"column":30}},"10":{"start":{"line":13,"column":18},"end":{"line":111,"column":1}},"11":{"start":{"line":14,"column":29},"end":{"line":14,"column":45}},"12":{"start":{"line":15,"column":15},"end":{"line":21,"column":4}},"13":{"start":{"line":23,"column":19},"end":{"line":41,"column":null}},"14":{"start":{"line":23,"column":54},"end":{"line":41,"column":null}},"15":{"start":{"line":25,"column":21},"end":{"line":25,"column":59}},"16":{"start":{"line":26,"column":4},"end":{"line":40,"column":5}},"17":{"start":{"line":27,"column":6},"end":{"line":27,"column":null}},"18":{"start":{"line":28,"column":6},"end":{"line":33,"column":8}},"19":{"start":{"line":34,"column":6},"end":{"line":39,"column":8}},"20":{"start":{"line":43,"column":2},"end":{"line":110,"column":null}},"21":{"start":{"line":59,"column":16},"end":{"line":72,"column":null}},"22":{"start":{"line":80,"column":16},"end":{"line":93,"column":null}},"23":{"start":{"line":112,"column":0},"end":{"line":112,"column":null}}},"fnMap":{"0":{"name":"(anonymous_7)","decl":{"start":{"line":13,"column":18},"end":{"line":13,"column":21}},"loc":{"start":{"line":13,"column":23},"end":{"line":111,"column":1}}},"1":{"name":"(anonymous_8)","decl":{"start":{"line":23,"column":19},"end":{"line":23,"column":26}},"loc":{"start":{"line":23,"column":54},"end":{"line":41,"column":null}}},"2":{"name":"(anonymous_9)","decl":{"start":{"line":23,"column":54},"end":{"line":23,"column":null}},"loc":{"start":{"line":23,"column":54},"end":{"line":41,"column":3}}},"3":{"name":"(anonymous_10)","decl":{"start":{"line":58,"column":22},"end":{"line":58,"column":23}},"loc":{"start":{"line":59,"column":16},"end":{"line":72,"column":null}}},"4":{"name":"(anonymous_11)","decl":{"start":{"line":79,"column":22},"end":{"line":79,"column":23}},"loc":{"start":{"line":80,"column":16},"end":{"line":93,"column":null}}}},"branchMap":{"0":{"loc":{"start":{"line":26,"column":4},"end":{"line":40,"column":5}},"type":"if","locations":[{"start":{"line":26,"column":4},"end":{"line":40,"column":5}},{"start":{},"end":{}}]},"1":{"loc":{"start":{"line":103,"column":15},"end":{"line":103,"column":65}},"type":"cond-expr","locations":[{"start":{"line":103,"column":25},"end":{"line":103,"column":46}},{"start":{"line":103,"column":49},"end":{"line":103,"column":65}}]}},"s":{"0":1,"1":1,"2":1,"3":1,"4":1,"5":1,"6":1,"7":1,"8":1,"9":1,"10":1,"11":30,"12":30,"13":30,"14":3,"15":3,"16":3,"17":1,"18":1,"19":1,"20":30,"21":129,"22":86,"23":1},"f":{"0":30,"1":3,"2":3,"3":129,"4":86},"b":{"0":[1,2],"1":[0,30]}}
,"/Users/oz/01-maestria-FSD/06-Monografia/SisPostgrUCB/03-Frontend/src/pages/auth/register.page.tsx": {"path":"/Users/oz/01-maestria-FSD/06-Monografia/SisPostgrUCB/03-Frontend/src/pages/auth/register.page.tsx","statementMap":{"0":{"start":{"line":1,"column":0},"end":{"line":1,"column":58}},"1":{"start":{"line":2,"column":0},"end":{"line":2,"column":96}},"2":{"start":{"line":3,"column":0},"end":{"line":3,"column":75}},"3":{"start":{"line":5,"column":21},"end":{"line":24,"column":1}},"4":{"start":{"line":6,"column":22},"end":{"line":6,"column":38}},"5":{"start":{"line":8,"column":2},"end":{"line":23,"column":null}},"6":{"start":{"line":25,"column":0},"end":{"line":25,"column":null}}},"fnMap":{"0":{"name":"(anonymous_1)","decl":{"start":{"line":5,"column":21},"end":{"line":5,"column":24}},"loc":{"start":{"line":5,"column":26},"end":{"line":24,"column":1}}}},"branchMap":{},"s":{"0":0,"1":0,"2":0,"3":0,"4":0,"5":0,"6":0},"f":{"0":0},"b":{}}
,"/Users/oz/01-maestria-FSD/06-Monografia/SisPostgrUCB/03-Frontend/src/pages/public/home.page.tsx": {"path":"/Users/oz/01-maestria-FSD/06-Monografia/SisPostgrUCB/03-Frontend/src/pages/public/home.page.tsx","statementMap":{"0":{"start":{"line":1,"column":17},"end":{"line":5,"column":1}},"1":{"start":{"line":2,"column":2},"end":{"line":4,"column":null}},"2":{"start":{"line":6,"column":0},"end":{"line":6,"column":null}}},"fnMap":{"0":{"name":"(anonymous_0)","decl":{"start":{"line":1,"column":17},"end":{"line":1,"column":20}},"loc":{"start":{"line":1,"column":22},"end":{"line":5,"column":1}}}},"branchMap":{},"s":{"0":0,"1":0,"2":0},"f":{"0":0},"b":{}}
,"/Users/oz/01-maestria-FSD/06-Monografia/SisPostgrUCB/03-Frontend/src/pages/public/not-found.page.tsx": {"path":"/Users/oz/01-maestria-FSD/06-Monografia/SisPostgrUCB/03-Frontend/src/pages/public/not-found.page.tsx","statementMap":{"0":{"start":{"line":1,"column":0},"end":{"line":1,"column":48}},"1":{"start":{"line":2,"column":0},"end":{"line":2,"column":36}},"2":{"start":{"line":4,"column":21},"end":{"line":24,"column":1}},"3":{"start":{"line":5,"column":2},"end":{"line":23,"column":null}},"4":{"start":{"line":25,"column":0},"end":{"line":25,"column":null}}},"fnMap":{"0":{"name":"(anonymous_0)","decl":{"start":{"line":4,"column":21},"end":{"line":4,"column":24}},"loc":{"start":{"line":4,"column":26},"end":{"line":24,"column":1}}}},"branchMap":{},"s":{"0":0,"1":0,"2":0,"3":0,"4":0},"f":{"0":0},"b":{}}
}
