TN:
SF:src/App.tsx
FN:19,(anonymous_1)
FNF:1
FNH:0
FNDA:0,(anonymous_1)
DA:1,0
DA:2,0
DA:3,0
DA:4,0
DA:5,0
DA:6,0
DA:7,0
DA:8,0
DA:9,0
DA:10,0
DA:11,0
DA:12,0
DA:13,0
DA:14,0
DA:15,0
DA:16,0
DA:17,0
DA:19,0
DA:20,0
DA:85,0
LF:20
LH:0
BRF:0
BRH:0
end_of_record
TN:
SF:src/components/card-footer-auth.tsx
FN:11,(anonymous_0)
FNF:1
FNH:0
FNDA:0,(anonymous_0)
DA:1,0
DA:2,0
DA:3,0
DA:11,0
DA:13,0
DA:15,0
DA:33,0
LF:7
LH:0
BRDA:19,0,0,0
BRDA:19,0,1,0
BRDA:20,1,0,0
BRDA:20,1,1,0
BRDA:25,2,0,0
BRDA:25,2,1,0
BRF:6
BRH:0
end_of_record
TN:
SF:src/components/chart-area-interactive.tsx
FN:143,ChartAreaInteractive
FN:147,(anonymous_10)
FN:153,(anonymous_11)
FN:250,(anonymous_12)
FN:262,(anonymous_13)
FNF:5
FNH:0
FNDA:0,ChartAreaInteractive
FNDA:0,(anonymous_10)
FNDA:0,(anonymous_11)
FNDA:0,(anonymous_12)
FNDA:0,(anonymous_13)
DA:3,0
DA:4,0
DA:6,0
DA:7,0
DA:15,0
DA:21,0
DA:28,0
DA:33,0
DA:35,0
DA:129,0
DA:143,0
DA:144,0
DA:145,0
DA:147,0
DA:148,0
DA:149,0
DA:153,0
DA:154,0
DA:155,0
DA:156,0
DA:157,0
DA:158,0
DA:159,0
DA:160,0
DA:162,0
DA:163,0
DA:164,0
DA:167,0
DA:251,0
DA:252,0
DA:263,0
LF:31
LH:0
BRDA:148,0,0,0
BRDA:148,0,1,0
BRDA:157,1,0,0
BRDA:157,1,1,0
BRDA:159,2,0,0
BRDA:159,2,1,0
BRF:6
BRH:0
end_of_record
TN:
SF:src/components/mode-toggle.tsx
FN:12,ModeToggle
FN:25,(anonymous_1)
FN:28,(anonymous_2)
FN:31,(anonymous_3)
FNF:4
FNH:0
FNDA:0,ModeToggle
FNDA:0,(anonymous_1)
FNDA:0,(anonymous_2)
FNDA:0,(anonymous_3)
DA:1,0
DA:3,0
DA:4,0
DA:10,0
DA:12,0
DA:13,0
DA:15,0
DA:25,0
DA:28,0
DA:31,0
LF:10
LH:0
BRF:0
BRH:0
end_of_record
TN:
SF:src/components/nav-documents.tsx
FN:28,NavDocuments
FN:43,(anonymous_1)
FNF:2
FNH:0
FNDA:0,NavDocuments
FNDA:0,(anonymous_1)
DA:3,0
DA:11,0
DA:18,0
DA:28,0
DA:37,0
DA:39,0
DA:44,0
LF:7
LH:0
BRDA:63,0,0,0
BRDA:63,0,1,0
BRDA:64,1,0,0
BRDA:64,1,1,0
BRF:4
BRH:0
end_of_record
TN:
SF:src/components/nav-main.tsx
FN:28,NavMain
FN:43,(anonymous_1)
FN:98,(anonymous_2)
FNF:3
FNH:0
FNDA:0,NavMain
FNDA:0,(anonymous_1)
FNDA:0,(anonymous_2)
DA:2,0
DA:5,0
DA:6,0
DA:14,0
DA:15,0
DA:28,0
DA:29,0
DA:30,0
DA:32,0
DA:45,0
DA:46,0
DA:47,0
DA:93,0
DA:99,0
DA:121,0
LF:15
LH:0
BRDA:45,0,0,0
BRDA:45,0,1,0
BRDA:46,1,0,0
BRDA:46,1,1,0
BRDA:53,2,0,0
BRDA:53,2,1,0
BRDA:58,3,0,0
BRDA:58,3,1,0
BRDA:65,4,0,0
BRDA:65,4,1,0
BRDA:100,5,0,0
BRDA:100,5,1,0
BRDA:106,6,0,0
BRDA:106,6,1,0
BRF:14
BRH:0
end_of_record
TN:
SF:src/components/nav-secondary.tsx
FN:14,NavSecondary
FN:28,(anonymous_2)
FNF:2
FNH:0
FNDA:0,NavSecondary
FNDA:0,(anonymous_2)
DA:6,0
DA:14,0
DA:15,0
DA:16,0
DA:24,0
DA:29,0
LF:6
LH:0
BRF:0
BRH:0
end_of_record
TN:
SF:src/components/nav-user.tsx
FN:31,NavUser
FN:44,(anonymous_1)
FN:114,(anonymous_2)
FNF:3
FNH:0
FNDA:0,NavUser
FNDA:0,(anonymous_1)
FNDA:0,(anonymous_2)
DA:1,0
DA:9,0
DA:14,0
DA:23,0
DA:29,0
DA:31,0
DA:41,0
DA:42,0
DA:44,0
DA:45,0
DA:46,0
DA:47,0
DA:48,0
DA:49,0
DA:50,0
DA:51,0
DA:56,0
DA:114,0
LF:18
LH:0
BRDA:45,0,0,0
BRDA:45,0,1,0
BRDA:47,1,0,0
BRDA:47,1,1,0
BRDA:48,2,0,0
BRDA:48,2,1,0
BRDA:72,3,0,0
BRDA:72,3,1,0
BRDA:72,4,0,0
BRDA:72,4,1,0
BRDA:80,5,0,0
BRDA:80,5,1,0
BRDA:93,6,0,0
BRDA:93,6,1,0
BRDA:93,7,0,0
BRDA:93,7,1,0
BRF:16
BRH:0
end_of_record
TN:
SF:src/components/section-cards.tsx
FN:13,SectionCards
FNF:1
FNH:0
FNDA:0,SectionCards
DA:1,0
DA:3,0
DA:4,0
DA:13,0
DA:14,0
LF:5
LH:0
BRF:0
BRH:0
end_of_record
TN:
SF:src/components/site-header.tsx
FN:7,SiteHeader
FN:11,(anonymous_1)
FNF:2
FNH:0
FNDA:0,SiteHeader
FNDA:0,(anonymous_1)
DA:1,0
DA:2,0
DA:3,0
DA:4,0
DA:5,0
DA:7,0
DA:8,0
DA:9,0
DA:11,0
DA:12,0
DA:13,0
DA:14,0
DA:15,0
DA:18,0
LF:14
LH:0
BRDA:11,0,0,0
BRDA:11,0,1,0
BRDA:11,1,0,0
BRDA:11,1,1,0
BRDA:13,2,0,0
BRDA:13,2,1,0
BRF:6
BRH:0
end_of_record
TN:
SF:src/components/theme-provider.tsx
FN:18,(anonymous_1)
FN:23,ThemeProvider
FN:30,(anonymous_3)
FN:33,(anonymous_4)
FN:53,(anonymous_5)
FN:66,(anonymous_6)
FNF:6
FNH:0
FNDA:0,(anonymous_1)
FNDA:0,ThemeProvider
FNDA:0,(anonymous_3)
FNDA:0,(anonymous_4)
FNDA:0,(anonymous_5)
FNDA:0,(anonymous_6)
DA:1,0
DA:16,0
DA:18,0
DA:21,0
DA:23,0
DA:26,0
DA:27,0
DA:29,0
DA:30,0
DA:33,0
DA:34,0
DA:36,0
DA:38,0
DA:39,0
DA:44,0
DA:45,0
DA:48,0
DA:51,0
DA:54,0
DA:55,0
DA:59,0
DA:66,0
DA:67,0
DA:69,0
DA:70,0
DA:72,0
LF:26
LH:0
BRDA:25,0,0,0
BRDA:26,1,0,0
BRDA:30,2,0,0
BRDA:30,2,1,0
BRDA:38,3,0,0
BRDA:38,3,1,0
BRDA:39,4,0,0
BRDA:39,4,1,0
BRDA:69,5,0,0
BRDA:69,5,1,0
BRF:10
BRH:0
end_of_record
TN:
SF:src/components/admin/admin-list.tsx
FN:46,(anonymous_16)
FN:53,AdminList
FN:69,(anonymous_18)
FN:71,(anonymous_19)
FN:78,(anonymous_20)
FN:78,(anonymous_21)
FN:95,(anonymous_22)
FN:98,(anonymous_23)
FN:102,(anonymous_24)
FN:103,(anonymous_25)
FN:106,(anonymous_26)
FN:109,(anonymous_27)
FN:109,(anonymous_28)
FN:115,(anonymous_29)
FN:131,(anonymous_30)
FN:134,(anonymous_31)
FN:138,(anonymous_32)
FN:147,(anonymous_33)
FN:179,(anonymous_34)
FN:241,(anonymous_35)
FN:254,(anonymous_36)
FN:261,(anonymous_37)
FN:268,(anonymous_38)
FN:268,(anonymous_39)
FN:276,(anonymous_40)
FN:282,(anonymous_41)
FN:287,(anonymous_42)
FN:287,(anonymous_43)
FN:297,(anonymous_44)
FN:310,(anonymous_45)
FN:313,(anonymous_46)
FN:325,(anonymous_47)
FN:333,(anonymous_48)
FN:337,(anonymous_49)
FN:351,(anonymous_50)
FN:356,(anonymous_51)
FN:363,(anonymous_52)
FN:366,(anonymous_53)
FN:367,(anonymous_54)
FN:367,(anonymous_55)
FN:368,(anonymous_56)
FN:368,(anonymous_57)
FN:368,(anonymous_58)
FN:369,(anonymous_59)
FN:369,(anonymous_60)
FNF:45
FNH:0
FNDA:0,(anonymous_16)
FNDA:0,AdminList
FNDA:0,(anonymous_18)
FNDA:0,(anonymous_19)
FNDA:0,(anonymous_20)
FNDA:0,(anonymous_21)
FNDA:0,(anonymous_22)
FNDA:0,(anonymous_23)
FNDA:0,(anonymous_24)
FNDA:0,(anonymous_25)
FNDA:0,(anonymous_26)
FNDA:0,(anonymous_27)
FNDA:0,(anonymous_28)
FNDA:0,(anonymous_29)
FNDA:0,(anonymous_30)
FNDA:0,(anonymous_31)
FNDA:0,(anonymous_32)
FNDA:0,(anonymous_33)
FNDA:0,(anonymous_34)
FNDA:0,(anonymous_35)
FNDA:0,(anonymous_36)
FNDA:0,(anonymous_37)
FNDA:0,(anonymous_38)
FNDA:0,(anonymous_39)
FNDA:0,(anonymous_40)
FNDA:0,(anonymous_41)
FNDA:0,(anonymous_42)
FNDA:0,(anonymous_43)
FNDA:0,(anonymous_44)
FNDA:0,(anonymous_45)
FNDA:0,(anonymous_46)
FNDA:0,(anonymous_47)
FNDA:0,(anonymous_48)
FNDA:0,(anonymous_49)
FNDA:0,(anonymous_50)
FNDA:0,(anonymous_51)
FNDA:0,(anonymous_52)
FNDA:0,(anonymous_53)
FNDA:0,(anonymous_54)
FNDA:0,(anonymous_55)
FNDA:0,(anonymous_56)
FNDA:0,(anonymous_57)
FNDA:0,(anonymous_58)
FNDA:0,(anonymous_59)
FNDA:0,(anonymous_60)
DA:1,0
DA:2,0
DA:3,0
DA:4,0
DA:13,0
DA:14,0
DA:15,0
DA:16,0
DA:24,0
DA:46,0
DA:47,0
DA:48,0
DA:49,0
DA:50,0
DA:53,0
DA:54,0
DA:56,0
DA:57,0
DA:58,0
DA:59,0
DA:60,0
DA:61,0
DA:62,0
DA:64,0
DA:65,0
DA:66,0
DA:67,0
DA:69,0
DA:70,0
DA:71,0
DA:73,0
DA:74,0
DA:78,0
DA:79,0
DA:80,0
DA:81,0
DA:82,0
DA:83,0
DA:84,0
DA:85,0
DA:87,0
DA:88,0
DA:89,0
DA:91,0
DA:95,0
DA:96,0
DA:97,0
DA:98,0
DA:102,0
DA:103,0
DA:106,0
DA:107,0
DA:108,0
DA:109,0
DA:110,0
DA:111,0
DA:112,0
DA:113,0
DA:114,0
DA:115,0
DA:116,0
DA:117,0
DA:118,0
DA:119,0
DA:120,0
DA:121,0
DA:123,0
DA:125,0
DA:126,0
DA:127,0
DA:130,0
DA:131,0
DA:134,0
DA:135,0
DA:136,0
DA:138,0
DA:139,0
DA:140,0
DA:141,0
DA:142,0
DA:147,0
DA:148,0
DA:149,0
DA:151,0
DA:153,0
DA:154,0
DA:162,0
DA:163,0
DA:164,0
DA:165,0
DA:169,0
DA:170,0
DA:174,0
DA:175,0
DA:178,0
DA:179,0
DA:180,0
DA:181,0
DA:182,0
DA:183,0
DA:184,0
DA:186,0
DA:187,0
DA:188,0
DA:190,0
DA:191,0
DA:192,0
DA:194,0
DA:195,0
DA:196,0
DA:198,0
DA:199,0
DA:200,0
DA:202,0
DA:203,0
DA:204,0
DA:206,0
DA:207,0
DA:210,0
DA:211,0
DA:213,0
DA:214,0
DA:215,0
DA:216,0
DA:219,0
DA:220,0
DA:221,0
DA:222,0
DA:226,0
DA:229,0
DA:241,0
DA:254,0
DA:261,0
DA:268,0
DA:269,0
DA:276,0
DA:282,0
DA:287,0
DA:289,0
DA:290,0
DA:291,0
DA:292,0
DA:293,0
DA:294,0
DA:295,0
DA:297,0
DA:298,0
DA:311,0
DA:313,0
DA:326,0
DA:327,0
DA:328,0
DA:329,0
DA:330,0
DA:331,0
DA:333,0
DA:334,0
DA:335,0
DA:338,0
DA:351,0
DA:356,0
DA:363,0
DA:366,0
DA:367,0
DA:368,0
DA:369,0
LF:166
LH:0
BRDA:47,0,0,0
BRDA:47,0,1,0
BRDA:47,1,0,0
BRDA:47,1,1,0
BRDA:48,2,0,0
BRDA:48,2,1,0
BRDA:49,3,0,0
BRDA:49,3,1,0
BRDA:54,4,0,0
BRDA:70,5,0,0
BRDA:70,5,1,0
BRDA:71,6,0,0
BRDA:71,6,1,0
BRDA:82,7,0,0
BRDA:82,7,1,0
BRDA:84,8,0,0
BRDA:84,8,1,0
BRDA:88,9,0,0
BRDA:88,9,1,0
BRDA:89,10,0,0
BRDA:89,10,1,0
BRDA:103,11,0,0
BRDA:103,11,1,0
BRDA:103,12,0,0
BRDA:103,12,1,0
BRDA:107,13,0,0
BRDA:107,13,1,0
BRDA:112,14,0,0
BRDA:112,14,1,0
BRDA:114,15,0,0
BRDA:114,15,1,0
BRDA:118,16,0,0
BRDA:118,16,1,0
BRDA:118,17,0,0
BRDA:118,17,1,0
BRDA:119,18,0,0
BRDA:119,18,1,0
BRDA:126,19,0,0
BRDA:126,19,1,0
BRDA:135,20,0,0
BRDA:135,20,1,0
BRDA:140,21,0,0
BRDA:140,21,1,0
BRDA:141,22,0,0
BRDA:141,22,1,0
BRDA:149,23,0,0
BRDA:149,23,1,0
BRDA:151,24,0,0
BRDA:151,24,1,0
BRDA:151,25,0,0
BRDA:151,25,1,0
BRDA:151,26,0,0
BRDA:151,26,1,0
BRDA:153,27,0,0
BRDA:153,27,1,0
BRDA:155,28,0,0
BRDA:155,28,1,0
BRDA:155,28,2,0
BRDA:155,29,0,0
BRDA:155,29,1,0
BRDA:156,30,0,0
BRDA:156,30,1,0
BRDA:157,31,0,0
BRDA:157,31,1,0
BRDA:162,32,0,0
BRDA:162,32,1,0
BRDA:164,33,0,0
BRDA:164,33,1,0
BRDA:169,34,0,0
BRDA:169,34,1,0
BRDA:170,35,0,0
BRDA:170,35,1,0
BRDA:175,36,0,0
BRDA:175,36,1,0
BRDA:175,37,0,0
BRDA:175,37,1,0
BRDA:178,38,0,0
BRDA:178,38,1,0
BRDA:184,39,0,0
BRDA:184,39,1,0
BRDA:184,39,2,0
BRDA:184,39,3,0
BRDA:184,39,4,0
BRDA:184,39,5,0
BRDA:186,40,0,0
BRDA:186,40,1,0
BRDA:187,41,0,0
BRDA:187,41,1,0
BRDA:190,42,0,0
BRDA:190,42,1,0
BRDA:191,43,0,0
BRDA:191,43,1,0
BRDA:194,44,0,0
BRDA:194,44,1,0
BRDA:194,45,0,0
BRDA:194,45,1,0
BRDA:195,46,0,0
BRDA:195,46,1,0
BRDA:195,47,0,0
BRDA:195,47,1,0
BRDA:198,48,0,0
BRDA:198,48,1,0
BRDA:198,49,0,0
BRDA:198,49,1,0
BRDA:198,50,0,0
BRDA:198,50,1,0
BRDA:199,51,0,0
BRDA:199,51,1,0
BRDA:199,52,0,0
BRDA:199,52,1,0
BRDA:199,53,0,0
BRDA:199,53,1,0
BRDA:202,54,0,0
BRDA:202,54,1,0
BRDA:203,55,0,0
BRDA:203,55,1,0
BRDA:206,56,0,0
BRDA:206,56,1,0
BRDA:206,57,0,0
BRDA:206,57,1,0
BRDA:207,58,0,0
BRDA:207,58,1,0
BRDA:207,59,0,0
BRDA:207,59,1,0
BRDA:210,60,0,0
BRDA:210,60,1,0
BRDA:210,61,0,0
BRDA:210,61,1,0
BRDA:210,62,0,0
BRDA:210,62,1,0
BRDA:211,63,0,0
BRDA:211,63,1,0
BRDA:211,64,0,0
BRDA:211,64,1,0
BRDA:211,65,0,0
BRDA:211,65,1,0
BRDA:213,66,0,0
BRDA:213,66,1,0
BRDA:213,67,0,0
BRDA:213,67,1,0
BRDA:214,68,0,0
BRDA:214,68,1,0
BRDA:214,69,0,0
BRDA:214,69,1,0
BRDA:215,70,0,0
BRDA:215,70,1,0
BRDA:215,71,0,0
BRDA:215,71,1,0
BRDA:222,72,0,0
BRDA:222,72,1,0
BRDA:232,73,0,0
BRDA:232,73,1,0
BRDA:240,74,0,0
BRDA:240,74,1,0
BRDA:275,75,0,0
BRDA:275,75,1,0
BRDA:291,76,0,0
BRDA:291,76,1,0
BRDA:292,77,0,0
BRDA:292,77,1,0
BRDA:297,78,0,0
BRDA:297,78,1,0
BRDA:301,79,0,0
BRDA:301,79,1,0
BRDA:302,80,0,0
BRDA:302,80,1,0
BRDA:304,81,0,0
BRDA:304,81,1,0
BRDA:304,81,2,0
BRDA:312,82,0,0
BRDA:312,82,1,0
BRDA:315,83,0,0
BRDA:315,83,1,0
BRDA:315,84,0,0
BRDA:315,84,1,0
BRDA:334,85,0,0
BRDA:334,85,1,0
BRF:177
BRH:0
end_of_record
TN:
SF:src/components/ui/alert-dialog.tsx
FN:7,AlertDialog
FN:13,AlertDialogTrigger
FN:21,AlertDialogPortal
FN:29,AlertDialogOverlay
FN:45,AlertDialogContent
FN:64,AlertDialogHeader
FN:77,AlertDialogFooter
FN:93,AlertDialogTitle
FN:106,AlertDialogDescription
FN:119,AlertDialogAction
FN:131,AlertDialogCancel
FNF:11
FNH:0
FNDA:0,AlertDialog
FNDA:0,AlertDialogTrigger
FNDA:0,AlertDialogPortal
FNDA:0,AlertDialogOverlay
FNDA:0,AlertDialogContent
FNDA:0,AlertDialogHeader
FNDA:0,AlertDialogFooter
FNDA:0,AlertDialogTitle
FNDA:0,AlertDialogDescription
FNDA:0,AlertDialogAction
FNDA:0,AlertDialogCancel
DA:2,0
DA:4,0
DA:5,0
DA:8,0
DA:10,0
DA:14,0
DA:16,0
DA:22,0
DA:24,0
DA:30,0
DA:31,0
DA:33,0
DA:46,0
DA:47,0
DA:49,0
DA:65,0
DA:66,0
DA:68,0
DA:78,0
DA:79,0
DA:81,0
DA:94,0
DA:95,0
DA:97,0
DA:107,0
DA:108,0
DA:110,0
DA:120,0
DA:121,0
DA:123,0
DA:132,0
DA:133,0
DA:135,0
DA:144,0
DA:145,0
DA:146,0
DA:147,0
DA:148,0
DA:149,0
DA:150,0
DA:151,0
DA:152,0
DA:153,0
DA:154,0
LF:44
LH:0
BRF:0
BRH:0
end_of_record
TN:
SF:src/components/ui/avatar.tsx
FN:8,Avatar
FN:24,AvatarImage
FN:37,AvatarFallback
FNF:3
FNH:0
FNDA:0,Avatar
FNDA:0,AvatarImage
FNDA:0,AvatarFallback
DA:4,0
DA:6,0
DA:9,0
DA:10,0
DA:12,0
DA:25,0
DA:26,0
DA:28,0
DA:38,0
DA:39,0
DA:41,0
DA:53,0
LF:12
LH:0
BRF:0
BRH:0
end_of_record
TN:
SF:src/components/ui/badge.tsx
FN:28,Badge
FNF:1
FNH:0
FNDA:0,Badge
DA:2,0
DA:3,0
DA:5,0
DA:7,0
DA:31,0
DA:32,0
DA:35,0
DA:37,0
DA:46,0
LF:9
LH:0
BRDA:31,0,0,0
BRDA:35,1,0,0
BRDA:35,1,1,0
BRF:3
BRH:0
end_of_record
TN:
SF:src/components/ui/breadcrumb.tsx
FN:7,Breadcrumb
FN:11,BreadcrumbList
FN:24,BreadcrumbItem
FN:34,BreadcrumbLink
FN:52,BreadcrumbPage
FN:65,BreadcrumbSeparator
FN:83,BreadcrumbEllipsis
FNF:7
FNH:0
FNDA:0,Breadcrumb
FNDA:0,BreadcrumbList
FNDA:0,BreadcrumbItem
FNDA:0,BreadcrumbLink
FNDA:0,BreadcrumbPage
FNDA:0,BreadcrumbSeparator
FNDA:0,BreadcrumbEllipsis
DA:2,0
DA:3,0
DA:5,0
DA:7,0
DA:8,0
DA:11,0
DA:12,0
DA:24,0
DA:25,0
DA:36,0
DA:37,0
DA:41,0
DA:43,0
DA:52,0
DA:53,0
DA:67,0
DA:68,0
DA:70,0
DA:84,0
DA:85,0
DA:87,0
DA:102,0
DA:103,0
DA:104,0
DA:105,0
DA:106,0
DA:107,0
DA:108,0
LF:28
LH:0
BRDA:41,0,0,0
BRDA:41,0,1,0
BRDA:78,1,0,0
BRDA:78,1,1,0
BRDA:78,2,0,0
BRDA:78,2,1,0
BRF:6
BRH:0
end_of_record
TN:
SF:src/components/ui/button.tsx
FN:39,Button
FNF:1
FNH:1
FNDA:30,Button
DA:2,1
DA:3,1
DA:5,1
DA:7,1
DA:43,30
DA:44,30
DA:49,30
DA:51,30
DA:60,1
LF:9
LH:9
BRDA:43,0,0,30
BRDA:49,1,0,0
BRDA:49,1,1,30
BRF:3
BRH:2
end_of_record
TN:
SF:src/components/ui/card.tsx
FN:5,Card
FN:18,CardHeader
FN:31,CardTitle
FN:41,CardDescription
FN:51,CardAction
FN:64,CardContent
FN:74,CardFooter
FNF:7
FNH:5
FNDA:30,Card
FNDA:30,CardHeader
FNDA:30,CardTitle
FNDA:30,CardDescription
FNDA:0,CardAction
FNDA:30,CardContent
FNDA:0,CardFooter
DA:3,1
DA:5,30
DA:6,30
DA:18,30
DA:19,30
DA:31,30
DA:32,30
DA:41,30
DA:42,30
DA:51,0
DA:52,0
DA:64,30
DA:65,30
DA:74,0
DA:75,0
DA:85,1
DA:86,1
DA:87,1
DA:88,1
DA:89,1
DA:90,1
DA:91,1
LF:22
LH:18
BRF:0
BRH:0
end_of_record
TN:
SF:src/components/ui/chart.tsx
FN:25,useChart
FN:35,ChartContainer
FN:70,(anonymous_12)
FN:72,(anonymous_13)
FN:84,(anonymous_14)
FN:87,(anonymous_15)
FN:105,ChartTooltipContent
FN:129,(anonymous_17)
FN:181,(anonymous_18)
FN:182,(anonymous_19)
FN:253,ChartLegendContent
FN:279,(anonymous_21)
FN:280,(anonymous_22)
FN:310,getPayloadConfigFromPayload
FNF:14
FNH:0
FNDA:0,useChart
FNDA:0,ChartContainer
FNDA:0,(anonymous_12)
FNDA:0,(anonymous_13)
FNDA:0,(anonymous_14)
FNDA:0,(anonymous_15)
FNDA:0,ChartTooltipContent
FNDA:0,(anonymous_17)
FNDA:0,(anonymous_18)
FNDA:0,(anonymous_19)
FNDA:0,ChartLegendContent
FNDA:0,(anonymous_21)
FNDA:0,(anonymous_22)
FNDA:0,getPayloadConfigFromPayload
DA:1,0
DA:2,0
DA:4,0
DA:7,0
DA:23,0
DA:26,0
DA:28,0
DA:29,0
DA:32,0
DA:39,0
DA:40,0
DA:47,0
DA:48,0
DA:50,0
DA:70,0
DA:71,0
DA:72,0
DA:75,0
DA:76,0
DA:79,0
DA:84,0
DA:89,0
DA:91,0
DA:103,0
DA:127,0
DA:129,0
DA:130,0
DA:131,0
DA:134,0
DA:135,0
DA:136,0
DA:138,0
DA:142,0
DA:143,0
DA:150,0
DA:151,0
DA:154,0
DA:165,0
DA:166,0
DA:169,0
DA:171,0
DA:181,0
DA:183,0
DA:184,0
DA:185,0
DA:187,0
DA:251,0
DA:264,0
DA:266,0
DA:267,0
DA:270,0
DA:279,0
DA:281,0
DA:282,0
DA:284,0
DA:315,0
DA:316,0
DA:320,0
DA:326,0
DA:328,0
DA:332,0
DA:333,0
DA:338,0
DA:343,0
DA:349,0
DA:350,0
DA:351,0
DA:352,0
DA:353,0
DA:354,0
LF:70
LH:0
BRDA:28,0,0,0
BRDA:28,0,1,0
BRDA:48,1,0,0
BRDA:48,1,1,0
BRDA:72,2,0,0
BRDA:72,2,1,0
BRDA:75,3,0,0
BRDA:75,3,1,0
BRDA:89,4,0,0
BRDA:89,4,1,0
BRDA:89,5,0,0
BRDA:89,5,1,0
BRDA:89,6,0,0
BRDA:89,6,1,0
BRDA:91,7,0,0
BRDA:91,7,1,0
BRDA:109,8,0,0
BRDA:110,9,0,0
BRDA:111,10,0,0
BRDA:130,11,0,0
BRDA:130,11,1,0
BRDA:130,12,0,0
BRDA:130,12,1,0
BRDA:130,13,0,0
BRDA:130,13,1,0
BRDA:130,14,0,0
BRDA:130,14,1,0
BRDA:135,15,0,0
BRDA:135,15,1,0
BRDA:135,15,2,0
BRDA:135,15,3,0
BRDA:135,16,0,0
BRDA:135,16,1,0
BRDA:135,17,0,0
BRDA:135,17,1,0
BRDA:135,18,0,0
BRDA:135,18,1,0
BRDA:135,19,0,0
BRDA:135,19,1,0
BRDA:138,20,0,0
BRDA:138,20,1,0
BRDA:138,21,0,0
BRDA:138,21,1,0
BRDA:139,22,0,0
BRDA:139,22,1,0
BRDA:139,23,0,0
BRDA:139,23,1,0
BRDA:139,24,0,0
BRDA:139,24,1,0
BRDA:140,25,0,0
BRDA:140,25,1,0
BRDA:140,26,0,0
BRDA:140,26,1,0
BRDA:142,27,0,0
BRDA:142,27,1,0
BRDA:150,28,0,0
BRDA:150,28,1,0
BRDA:165,29,0,0
BRDA:165,29,1,0
BRDA:165,30,0,0
BRDA:165,30,1,0
BRDA:165,31,0,0
BRDA:165,31,1,0
BRDA:165,32,0,0
BRDA:165,32,1,0
BRDA:169,33,0,0
BRDA:169,33,1,0
BRDA:178,34,0,0
BRDA:178,34,1,0
BRDA:183,35,0,0
BRDA:183,35,1,0
BRDA:183,35,2,0
BRDA:183,35,3,0
BRDA:185,36,0,0
BRDA:185,36,1,0
BRDA:185,36,2,0
BRDA:192,37,0,0
BRDA:192,37,1,0
BRDA:195,38,0,0
BRDA:195,38,1,0
BRDA:195,39,0,0
BRDA:195,39,1,0
BRDA:195,39,2,0
BRDA:195,40,0,0
BRDA:195,40,1,0
BRDA:195,41,0,0
BRDA:195,41,1,0
BRDA:199,42,0,0
BRDA:199,42,1,0
BRDA:199,43,0,0
BRDA:199,43,1,0
BRDA:199,44,0,0
BRDA:199,44,1,0
BRDA:202,45,0,0
BRDA:202,45,1,0
BRDA:211,46,0,0
BRDA:211,46,1,0
BRDA:226,47,0,0
BRDA:226,47,1,0
BRDA:230,48,0,0
BRDA:230,48,1,0
BRDA:232,49,0,0
BRDA:232,49,1,0
BRDA:232,50,0,0
BRDA:232,50,1,0
BRDA:232,51,0,0
BRDA:232,51,1,0
BRDA:235,52,0,0
BRDA:235,52,1,0
BRDA:255,53,0,0
BRDA:257,54,0,0
BRDA:266,55,0,0
BRDA:266,55,1,0
BRDA:266,56,0,0
BRDA:266,56,1,0
BRDA:266,57,0,0
BRDA:266,57,1,0
BRDA:274,58,0,0
BRDA:274,58,1,0
BRDA:281,59,0,0
BRDA:281,59,1,0
BRDA:281,59,2,0
BRDA:291,60,0,0
BRDA:291,60,1,0
BRDA:291,61,0,0
BRDA:291,61,1,0
BRDA:291,62,0,0
BRDA:291,62,1,0
BRDA:291,63,0,0
BRDA:291,63,1,0
BRDA:301,64,0,0
BRDA:301,64,1,0
BRDA:301,65,0,0
BRDA:301,65,1,0
BRDA:315,66,0,0
BRDA:315,66,1,0
BRDA:315,67,0,0
BRDA:315,67,1,0
BRDA:320,68,0,0
BRDA:320,68,1,0
BRDA:320,69,0,0
BRDA:320,69,1,0
BRDA:320,69,2,0
BRDA:328,70,0,0
BRDA:328,70,1,0
BRDA:329,71,0,0
BRDA:329,71,1,0
BRDA:333,72,0,0
BRDA:333,72,1,0
BRDA:334,73,0,0
BRDA:334,73,1,0
BRDA:334,73,2,0
BRDA:343,74,0,0
BRDA:343,74,1,0
BRF:154
BRH:0
end_of_record
TN:
SF:src/components/ui/checkbox.tsx
FN:7,Checkbox
FNF:1
FNH:0
FNDA:0,Checkbox
DA:2,0
DA:3,0
DA:5,0
DA:8,0
DA:9,0
DA:11,0
DA:30,0
LF:7
LH:0
BRF:0
BRH:0
end_of_record
TN:
SF:src/components/ui/dialog.tsx
FN:7,Dialog
FN:13,DialogTrigger
FN:19,DialogPortal
FN:25,DialogClose
FN:31,DialogOverlay
FN:47,DialogContent
FN:81,DialogHeader
FN:91,DialogFooter
FN:104,DialogTitle
FN:117,DialogDescription
FNF:10
FNH:0
FNDA:0,Dialog
FNDA:0,DialogTrigger
FNDA:0,DialogPortal
FNDA:0,DialogClose
FNDA:0,DialogOverlay
FNDA:0,DialogContent
FNDA:0,DialogHeader
FNDA:0,DialogFooter
FNDA:0,DialogTitle
FNDA:0,DialogDescription
DA:2,0
DA:3,0
DA:5,0
DA:8,0
DA:10,0
DA:14,0
DA:16,0
DA:20,0
DA:22,0
DA:26,0
DA:28,0
DA:32,0
DA:33,0
DA:35,0
DA:50,0
DA:51,0
DA:55,0
DA:81,0
DA:82,0
DA:91,0
DA:92,0
DA:105,0
DA:106,0
DA:108,0
DA:118,0
DA:119,0
DA:121,0
DA:131,0
DA:132,0
DA:133,0
DA:134,0
DA:135,0
DA:136,0
DA:137,0
DA:138,0
DA:139,0
DA:140,0
LF:37
LH:0
BRDA:50,0,0,0
BRDA:67,1,0,0
BRDA:67,1,1,0
BRF:3
BRH:0
end_of_record
TN:
SF:src/components/ui/drawer.tsx
FN:6,Drawer
FN:12,DrawerTrigger
FN:18,DrawerPortal
FN:24,DrawerClose
FN:30,DrawerOverlay
FN:46,DrawerContent
FN:73,DrawerHeader
FN:86,DrawerFooter
FN:96,DrawerTitle
FN:109,DrawerDescription
FNF:10
FNH:0
FNDA:0,Drawer
FNDA:0,DrawerTrigger
FNDA:0,DrawerPortal
FNDA:0,DrawerClose
FNDA:0,DrawerOverlay
FNDA:0,DrawerContent
FNDA:0,DrawerHeader
FNDA:0,DrawerFooter
FNDA:0,DrawerTitle
FNDA:0,DrawerDescription
DA:2,0
DA:4,0
DA:7,0
DA:9,0
DA:13,0
DA:15,0
DA:19,0
DA:21,0
DA:25,0
DA:27,0
DA:31,0
DA:32,0
DA:34,0
DA:48,0
DA:49,0
DA:51,0
DA:73,0
DA:74,0
DA:86,0
DA:87,0
DA:97,0
DA:98,0
DA:100,0
DA:110,0
DA:111,0
DA:113,0
DA:123,0
DA:124,0
DA:125,0
DA:126,0
DA:127,0
DA:128,0
DA:129,0
DA:130,0
DA:131,0
DA:132,0
LF:36
LH:0
BRF:0
BRH:0
end_of_record
TN:
SF:src/components/ui/dropdown-menu.tsx
FN:9,DropdownMenu
FN:15,DropdownMenuPortal
FN:23,DropdownMenuTrigger
FN:34,DropdownMenuContent
FN:54,DropdownMenuGroup
FN:62,DropdownMenuItem
FN:85,DropdownMenuCheckboxItem
FN:111,DropdownMenuRadioGroup
FN:122,DropdownMenuRadioItem
FN:146,DropdownMenuLabel
FN:166,DropdownMenuSeparator
FN:179,DropdownMenuShortcut
FN:195,DropdownMenuSub
FN:201,DropdownMenuSubTrigger
FN:225,DropdownMenuSubContent
FNF:15
FNH:0
FNDA:0,DropdownMenu
FNDA:0,DropdownMenuPortal
FNDA:0,DropdownMenuTrigger
FNDA:0,DropdownMenuContent
FNDA:0,DropdownMenuGroup
FNDA:0,DropdownMenuItem
FNDA:0,DropdownMenuCheckboxItem
FNDA:0,DropdownMenuRadioGroup
FNDA:0,DropdownMenuRadioItem
FNDA:0,DropdownMenuLabel
FNDA:0,DropdownMenuSeparator
FNDA:0,DropdownMenuShortcut
FNDA:0,DropdownMenuSub
FNDA:0,DropdownMenuSubTrigger
FNDA:0,DropdownMenuSubContent
DA:4,0
DA:5,0
DA:7,0
DA:10,0
DA:12,0
DA:16,0
DA:18,0
DA:24,0
DA:26,0
DA:36,0
DA:37,0
DA:39,0
DA:55,0
DA:57,0
DA:65,0
DA:66,0
DA:71,0
DA:88,0
DA:89,0
DA:91,0
DA:112,0
DA:114,0
DA:124,0
DA:125,0
DA:127,0
DA:148,0
DA:149,0
DA:153,0
DA:167,0
DA:168,0
DA:170,0
DA:180,0
DA:181,0
DA:183,0
DA:196,0
DA:198,0
DA:204,0
DA:205,0
DA:209,0
DA:226,0
DA:227,0
DA:229,0
DA:242,0
DA:243,0
DA:244,0
DA:245,0
DA:246,0
DA:247,0
DA:248,0
DA:249,0
DA:250,0
DA:251,0
DA:252,0
DA:253,0
DA:254,0
DA:255,0
DA:256,0
LF:57
LH:0
BRDA:36,0,0,0
BRDA:65,1,0,0
BRF:2
BRH:0
end_of_record
TN:
SF:src/components/ui/form.tsx
FN:32,(anonymous_10)
FN:45,(anonymous_11)
FN:76,FormItem
FN:90,FormLabel
FN:107,FormControl
FN:125,FormDescription
FN:138,FormMessage
FNF:7
FNH:6
FNDA:60,(anonymous_10)
FNDA:675,(anonymous_11)
FNDA:205,FormItem
FNDA:225,FormLabel
FNDA:225,FormControl
FNDA:0,FormDescription
FNDA:225,FormMessage
DA:3,1
DA:5,1
DA:6,1
DA:16,1
DA:17,1
DA:19,1
DA:28,1
DA:32,1
DA:36,60
DA:38,60
DA:45,1
DA:46,675
DA:47,675
DA:48,675
DA:49,675
DA:50,675
DA:52,675
DA:53,0
DA:56,675
DA:58,675
DA:72,1
DA:76,205
DA:77,205
DA:79,205
DA:91,225
DA:92,225
DA:94,225
DA:96,225
DA:107,225
DA:108,225
DA:110,225
DA:125,0
DA:126,0
DA:128,0
DA:138,225
DA:139,225
DA:140,225
DA:142,225
DA:143,220
DA:146,5
DA:159,1
DA:160,1
DA:161,1
DA:162,1
DA:163,1
DA:164,1
DA:165,1
DA:166,1
LF:48
LH:44
BRDA:52,0,0,0
BRDA:52,0,1,675
BRDA:115,1,0,220
BRDA:115,1,1,5
BRDA:140,2,0,5
BRDA:140,2,1,220
BRDA:140,3,0,5
BRDA:140,3,1,0
BRDA:140,4,0,5
BRDA:140,4,1,5
BRDA:140,5,0,0
BRDA:140,5,1,5
BRDA:140,6,0,5
BRDA:140,6,1,5
BRDA:142,7,0,220
BRDA:142,7,1,5
BRF:16
BRH:13
end_of_record
TN:
SF:src/components/ui/input.tsx
FN:5,Input
FNF:1
FNH:1
FNDA:205,Input
DA:3,1
DA:5,205
DA:6,205
DA:21,1
LF:4
LH:4
BRF:0
BRH:0
end_of_record
TN:
SF:src/components/ui/label.tsx
FN:8,Label
FNF:1
FNH:1
FNDA:225,Label
DA:4,1
DA:6,1
DA:9,225
DA:10,225
DA:12,225
DA:24,1
LF:6
LH:6
BRF:0
BRH:0
end_of_record
TN:
SF:src/components/ui/select.tsx
FN:7,Select
FN:13,SelectGroup
FN:19,SelectValue
FN:25,SelectTrigger
FN:51,SelectContent
FN:88,SelectLabel
FN:101,SelectItem
FN:125,SelectSeparator
FN:138,SelectScrollUpButton
FN:156,SelectScrollDownButton
FNF:10
FNH:0
FNDA:0,Select
FNDA:0,SelectGroup
FNDA:0,SelectValue
FNDA:0,SelectTrigger
FNDA:0,SelectContent
FNDA:0,SelectLabel
FNDA:0,SelectItem
FNDA:0,SelectSeparator
FNDA:0,SelectScrollUpButton
FNDA:0,SelectScrollDownButton
DA:2,0
DA:3,0
DA:5,0
DA:8,0
DA:10,0
DA:14,0
DA:16,0
DA:20,0
DA:22,0
DA:28,0
DA:29,0
DA:33,0
DA:55,0
DA:56,0
DA:58,0
DA:89,0
DA:90,0
DA:92,0
DA:103,0
DA:104,0
DA:106,0
DA:126,0
DA:127,0
DA:129,0
DA:139,0
DA:140,0
DA:142,0
DA:157,0
DA:158,0
DA:160,0
DA:175,0
DA:176,0
DA:177,0
DA:178,0
DA:179,0
DA:180,0
DA:181,0
DA:182,0
DA:183,0
DA:184,0
LF:40
LH:0
BRDA:27,0,0,0
BRDA:54,1,0,0
BRDA:55,2,0,0
BRDA:64,3,0,0
BRDA:64,3,1,0
BRDA:76,4,0,0
BRDA:76,4,1,0
BRF:7
BRH:0
end_of_record
TN:
SF:src/components/ui/separator.tsx
FN:6,Separator
FNF:1
FNH:0
FNDA:0,Separator
DA:2,0
DA:4,0
DA:9,0
DA:10,0
DA:12,0
DA:26,0
LF:6
LH:0
BRDA:8,0,0,0
BRDA:9,1,0,0
BRF:2
BRH:0
end_of_record
TN:
SF:src/components/ui/sheet.tsx
FN:9,Sheet
FN:13,SheetTrigger
FN:19,SheetClose
FN:25,SheetPortal
FN:31,SheetOverlay
FN:47,SheetContent
FN:84,SheetHeader
FN:94,SheetFooter
FN:104,SheetTitle
FN:117,SheetDescription
FNF:10
FNH:0
FNDA:0,Sheet
FNDA:0,SheetTrigger
FNDA:0,SheetClose
FNDA:0,SheetPortal
FNDA:0,SheetOverlay
FNDA:0,SheetContent
FNDA:0,SheetHeader
FNDA:0,SheetFooter
FNDA:0,SheetTitle
FNDA:0,SheetDescription
DA:4,0
DA:5,0
DA:7,0
DA:9,0
DA:10,0
DA:14,0
DA:16,0
DA:20,0
DA:22,0
DA:26,0
DA:28,0
DA:32,0
DA:33,0
DA:35,0
DA:50,0
DA:51,0
DA:55,0
DA:84,0
DA:85,0
DA:94,0
DA:95,0
DA:105,0
DA:106,0
DA:108,0
DA:118,0
DA:119,0
DA:121,0
DA:131,0
DA:132,0
DA:133,0
DA:134,0
DA:135,0
DA:136,0
DA:137,0
DA:138,0
LF:35
LH:0
BRDA:50,0,0,0
BRDA:62,1,0,0
BRDA:62,1,1,0
BRDA:64,2,0,0
BRDA:64,2,1,0
BRDA:66,3,0,0
BRDA:66,3,1,0
BRDA:68,4,0,0
BRDA:68,4,1,0
BRF:9
BRH:0
end_of_record
TN:
SF:src/components/ui/sidebar.tsx
FN:47,useSidebar
FN:56,SidebarProvider
FN:77,(anonymous_12)
FN:92,(anonymous_13)
FN:93,(anonymous_14)
FN:93,(anonymous_15)
FN:97,(anonymous_16)
FN:98,(anonymous_17)
FN:109,(anonymous_18)
FN:117,(anonymous_19)
FN:154,Sidebar
FN:256,SidebarTrigger
FN:270,(anonymous_22)
FN:282,SidebarRail
FN:307,SidebarInset
FN:321,SidebarInput
FN:335,SidebarHeader
FN:346,SidebarFooter
FN:357,SidebarSeparator
FN:371,SidebarContent
FN:385,SidebarGroup
FN:396,SidebarGroupLabel
FN:417,SidebarGroupAction
FN:440,SidebarGroupContent
FN:454,SidebarMenu
FN:465,SidebarMenuItem
FN:498,SidebarMenuButton
FN:548,SidebarMenuAction
FN:580,SidebarMenuBadge
FN:602,SidebarMenuSkeleton
FN:610,(anonymous_40)
FN:640,SidebarMenuSub
FN:655,SidebarMenuSubItem
FN:669,SidebarMenuSubButton
FNF:34
FNH:0
FNDA:0,useSidebar
FNDA:0,SidebarProvider
FNDA:0,(anonymous_12)
FNDA:0,(anonymous_13)
FNDA:0,(anonymous_14)
FNDA:0,(anonymous_15)
FNDA:0,(anonymous_16)
FNDA:0,(anonymous_17)
FNDA:0,(anonymous_18)
FNDA:0,(anonymous_19)
FNDA:0,Sidebar
FNDA:0,SidebarTrigger
FNDA:0,(anonymous_22)
FNDA:0,SidebarRail
FNDA:0,SidebarInset
FNDA:0,SidebarInput
FNDA:0,SidebarHeader
FNDA:0,SidebarFooter
FNDA:0,SidebarSeparator
FNDA:0,SidebarContent
FNDA:0,SidebarGroup
FNDA:0,SidebarGroupLabel
FNDA:0,SidebarGroupAction
FNDA:0,SidebarGroupContent
FNDA:0,SidebarMenu
FNDA:0,SidebarMenuItem
FNDA:0,SidebarMenuButton
FNDA:0,SidebarMenuAction
FNDA:0,SidebarMenuBadge
FNDA:0,SidebarMenuSkeleton
FNDA:0,(anonymous_40)
FNDA:0,SidebarMenuSub
FNDA:0,SidebarMenuSubItem
FNDA:0,SidebarMenuSubButton
DA:3,0
DA:4,0
DA:5,0
DA:6,0
DA:8,0
DA:9,0
DA:10,0
DA:11,0
DA:12,0
DA:13,0
DA:20,0
DA:21,0
DA:28,0
DA:29,0
DA:30,0
DA:31,0
DA:32,0
DA:33,0
DA:45,0
DA:48,0
DA:49,0
DA:50,0
DA:53,0
DA:62,0
DA:63,0
DA:69,0
DA:70,0
DA:74,0
DA:75,0
DA:76,0
DA:78,0
DA:79,0
DA:80,0
DA:82,0
DA:86,0
DA:92,0
DA:93,0
DA:97,0
DA:98,0
DA:99,0
DA:103,0
DA:104,0
DA:108,0
DA:109,0
DA:114,0
DA:116,0
DA:117,0
DA:129,0
DA:159,0
DA:160,0
DA:166,0
DA:168,0
DA:169,0
DA:183,0
DA:184,0
DA:208,0
DA:258,0
DA:259,0
DA:261,0
DA:263,0
DA:271,0
DA:272,0
DA:282,0
DA:283,0
DA:285,0
DA:307,0
DA:308,0
DA:322,0
DA:323,0
DA:325,0
DA:335,0
DA:336,0
DA:346,0
DA:347,0
DA:358,0
DA:359,0
DA:361,0
DA:371,0
DA:372,0
DA:385,0
DA:386,0
DA:398,0
DA:399,0
DA:401,0
DA:403,0
DA:419,0
DA:420,0
DA:422,0
DA:424,0
DA:441,0
DA:442,0
DA:444,0
DA:454,0
DA:455,0
DA:465,0
DA:466,0
DA:476,0
DA:504,0
DA:505,0
DA:511,0
DA:512,0
DA:515,0
DA:525,0
DA:526,0
DA:529,0
DA:530,0
DA:535,0
DA:551,0
DA:552,0
DA:557,0
DA:559,0
DA:581,0
DA:582,0
DA:584,0
DA:604,0
DA:605,0
DA:610,0
DA:611,0
DA:614,0
DA:640,0
DA:641,0
DA:656,0
DA:657,0
DA:659,0
DA:673,0
DA:674,0
DA:680,0
DA:682,0
DA:702,0
DA:703,0
DA:704,0
DA:705,0
DA:706,0
DA:707,0
DA:708,0
DA:709,0
DA:710,0
DA:711,0
DA:712,0
DA:713,0
DA:714,0
DA:715,0
DA:716,0
DA:717,0
DA:718,0
DA:719,0
DA:720,0
DA:721,0
DA:722,0
DA:723,0
DA:724,0
DA:725,0
LF:152
LH:0
BRDA:49,0,0,0
BRDA:49,0,1,0
BRDA:57,1,0,0
BRDA:75,2,0,0
BRDA:75,2,1,0
BRDA:75,3,0,0
BRDA:75,3,1,0
BRDA:78,4,0,0
BRDA:78,4,1,0
BRDA:79,5,0,0
BRDA:79,5,1,0
BRDA:93,6,0,0
BRDA:93,6,1,0
BRDA:99,7,0,0
BRDA:99,7,1,0
BRDA:100,8,0,0
BRDA:100,8,1,0
BRDA:100,8,2,0
BRDA:114,9,0,0
BRDA:114,9,1,0
BRDA:155,10,0,0
BRDA:156,11,0,0
BRDA:157,12,0,0
BRDA:168,13,0,0
BRDA:168,13,1,0
BRDA:183,14,0,0
BRDA:183,14,1,0
BRDA:212,15,0,0
BRDA:212,15,1,0
BRDA:224,16,0,0
BRDA:224,16,1,0
BRDA:224,17,0,0
BRDA:224,17,1,0
BRDA:233,18,0,0
BRDA:233,18,1,0
BRDA:237,19,0,0
BRDA:237,19,1,0
BRDA:237,20,0,0
BRDA:237,20,1,0
BRDA:271,21,0,0
BRDA:271,21,1,0
BRDA:271,22,0,0
BRDA:271,22,1,0
BRDA:398,23,0,0
BRDA:401,24,0,0
BRDA:401,24,1,0
BRDA:419,25,0,0
BRDA:422,26,0,0
BRDA:422,26,1,0
BRDA:499,27,0,0
BRDA:500,28,0,0
BRDA:501,29,0,0
BRDA:502,30,0,0
BRDA:511,31,0,0
BRDA:511,31,1,0
BRDA:525,32,0,0
BRDA:525,32,1,0
BRDA:529,33,0,0
BRDA:529,33,1,0
BRDA:541,34,0,0
BRDA:541,34,1,0
BRDA:550,35,0,0
BRDA:551,36,0,0
BRDA:557,37,0,0
BRDA:557,37,1,0
BRDA:571,38,0,0
BRDA:571,38,1,0
BRDA:604,39,0,0
BRDA:621,40,0,0
BRDA:621,40,1,0
BRDA:670,41,0,0
BRDA:671,42,0,0
BRDA:672,43,0,0
BRDA:680,44,0,0
BRDA:680,44,1,0
BRDA:691,45,0,0
BRDA:691,45,1,0
BRDA:692,46,0,0
BRDA:692,46,1,0
BRF:79
BRH:0
end_of_record
TN:
SF:src/components/ui/skeleton.tsx
FN:3,Skeleton
FNF:1
FNH:0
FNDA:0,Skeleton
DA:1,0
DA:3,0
DA:4,0
DA:13,0
LF:4
LH:0
BRF:0
BRH:0
end_of_record
TN:
SF:src/components/ui/sonner.tsx
FN:11,(anonymous_1)
FNF:1
FNH:0
FNDA:0,(anonymous_1)
DA:1,0
DA:8,0
DA:9,0
DA:11,0
DA:12,0
DA:14,0
DA:38,0
LF:7
LH:0
BRDA:12,0,0,0
BRF:1
BRH:0
end_of_record
TN:
SF:src/components/ui/table.tsx
FN:5,Table
FN:20,TableHeader
FN:30,TableBody
FN:40,TableFooter
FN:53,TableRow
FN:66,TableHead
FN:79,TableCell
FN:92,TableCaption
FNF:8
FNH:0
FNDA:0,Table
FNDA:0,TableHeader
FNDA:0,TableBody
FNDA:0,TableFooter
FNDA:0,TableRow
FNDA:0,TableHead
FNDA:0,TableCell
FNDA:0,TableCaption
DA:3,0
DA:5,0
DA:6,0
DA:20,0
DA:21,0
DA:30,0
DA:31,0
DA:40,0
DA:41,0
DA:53,0
DA:54,0
DA:66,0
DA:67,0
DA:79,0
DA:80,0
DA:93,0
DA:94,0
DA:96,0
DA:106,0
DA:107,0
DA:108,0
DA:109,0
DA:110,0
DA:111,0
DA:112,0
DA:113,0
LF:26
LH:0
BRF:0
BRH:0
end_of_record
TN:
SF:src/components/ui/tabs.tsx
FN:8,Tabs
FN:21,TabsList
FN:37,TabsTrigger
FN:53,TabsContent
FNF:4
FNH:0
FNDA:0,Tabs
FNDA:0,TabsList
FNDA:0,TabsTrigger
FNDA:0,TabsContent
DA:4,0
DA:6,0
DA:9,0
DA:10,0
DA:12,0
DA:22,0
DA:23,0
DA:25,0
DA:38,0
DA:39,0
DA:41,0
DA:54,0
DA:55,0
DA:57,0
DA:66,0
LF:15
LH:0
BRF:0
BRH:0
end_of_record
TN:
SF:src/components/ui/toggle-group.tsx
FN:20,ToggleGroup
FN:51,ToggleGroupItem
FNF:2
FNH:0
FNDA:0,ToggleGroup
FNDA:0,ToggleGroupItem
DA:3,0
DA:4,0
DA:7,0
DA:8,0
DA:10,0
DA:25,0
DA:26,0
DA:31,0
DA:55,0
DA:56,0
DA:59,0
DA:61,0
DA:83,0
LF:13
LH:0
BRDA:24,0,0,0
BRDA:64,1,0,0
BRDA:64,1,1,0
BRDA:65,2,0,0
BRDA:65,2,1,0
BRDA:69,3,0,0
BRDA:69,3,1,0
BRDA:70,4,0,0
BRDA:70,4,1,0
BRF:9
BRH:0
end_of_record
TN:
SF:src/components/ui/toggle.tsx
FN:31,Toggle
FNF:1
FNH:0
FNDA:0,Toggle
DA:4,0
DA:5,0
DA:7,0
DA:9,0
DA:34,0
DA:35,0
DA:38,0
DA:47,0
LF:8
LH:0
BRF:0
BRH:0
end_of_record
TN:
SF:src/components/ui/tooltip.tsx
FN:6,TooltipProvider
FN:19,Tooltip
FN:29,TooltipTrigger
FN:35,TooltipContent
FNF:4
FNH:0
FNDA:0,TooltipProvider
FNDA:0,Tooltip
FNDA:0,TooltipTrigger
FNDA:0,TooltipContent
DA:2,0
DA:4,0
DA:7,0
DA:8,0
DA:10,0
DA:20,0
DA:22,0
DA:30,0
DA:32,0
DA:38,0
DA:39,0
DA:41,0
DA:59,0
LF:13
LH:0
BRDA:7,0,0,0
BRDA:37,1,0,0
BRF:2
BRH:0
end_of_record
TN:
SF:src/config/nav-main.ts
FNF:0
FNH:0
DA:1,0
DA:13,0
DA:15,0
DA:27,0
LF:4
LH:0
BRF:0
BRH:0
end_of_record
TN:
SF:src/config/route-titles.ts
FNF:0
FNH:0
DA:1,0
DA:13,0
LF:2
LH:0
BRF:0
BRH:0
end_of_record
TN:
SF:src/hooks/use-auth-context.ts
FN:8,(anonymous_0)
FNF:1
FNH:0
FNDA:0,(anonymous_0)
DA:1,0
DA:2,0
DA:8,0
DA:9,0
DA:10,0
DA:11,0
DA:13,0
DA:16,0
LF:8
LH:0
BRDA:10,0,0,0
BRDA:10,0,1,0
BRF:2
BRH:0
end_of_record
TN:
SF:src/hooks/use-mobile.ts
FN:5,useIsMobile
FN:8,(anonymous_10)
FN:10,(anonymous_11)
FN:15,(anonymous_12)
FNF:4
FNH:0
FNDA:0,useIsMobile
FNDA:0,(anonymous_10)
FNDA:0,(anonymous_11)
FNDA:0,(anonymous_12)
DA:1,0
DA:3,0
DA:5,0
DA:6,0
DA:8,0
DA:9,0
DA:10,0
DA:11,0
DA:13,0
DA:14,0
DA:15,0
DA:18,0
LF:12
LH:0
BRF:0
BRH:0
end_of_record
TN:
SF:src/layouts/admin.layout.tsx
FN:16,ChangePasswordCard
FN:21,(anonymous_8)
FN:21,(anonymous_9)
FN:61,(anonymous_10)
FN:65,(anonymous_11)
FN:92,(anonymous_12)
FN:117,(anonymous_13)
FN:143,(anonymous_14)
FN:143,(anonymous_15)
FNF:9
FNH:0
FNDA:0,ChangePasswordCard
FNDA:0,(anonymous_8)
FNDA:0,(anonymous_9)
FNDA:0,(anonymous_10)
FNDA:0,(anonymous_11)
FNDA:0,(anonymous_12)
FNDA:0,(anonymous_13)
FNDA:0,(anonymous_14)
FNDA:0,(anonymous_15)
DA:1,0
DA:2,0
DA:3,0
DA:4,0
DA:5,0
DA:9,0
DA:10,0
DA:11,0
DA:12,0
DA:13,0
DA:14,0
DA:17,0
DA:18,0
DA:19,0
DA:21,0
DA:22,0
DA:23,0
DA:24,0
DA:26,0
DA:27,0
DA:28,0
DA:30,0
DA:31,0
DA:32,0
DA:34,0
DA:38,0
DA:61,0
DA:66,0
DA:72,0
DA:73,0
DA:92,0
DA:117,0
DA:119,0
DA:120,0
DA:123,0
DA:124,0
DA:127,0
DA:143,0
DA:144,0
DA:145,0
DA:146,0
DA:148,0
DA:158,0
LF:43
LH:0
BRDA:22,0,0,0
BRDA:22,0,1,0
BRDA:26,1,0,0
BRDA:26,1,1,0
BRDA:62,2,0,0
BRDA:62,2,1,0
BRDA:62,3,0,0
BRDA:62,3,1,0
BRDA:64,4,0,0
BRDA:64,4,1,0
BRDA:75,5,0,0
BRDA:75,5,1,0
BRDA:77,6,0,0
BRDA:77,6,1,0
BRDA:78,7,0,0
BRDA:78,7,1,0
BRDA:79,8,0,0
BRDA:79,8,1,0
BRDA:80,9,0,0
BRDA:80,9,1,0
BRDA:93,10,0,0
BRDA:93,10,1,0
BRDA:93,11,0,0
BRDA:93,11,1,0
BRDA:95,12,0,0
BRDA:95,12,1,0
BRDA:96,13,0,0
BRDA:96,13,1,0
BRDA:106,14,0,0
BRDA:106,14,1,0
BRDA:106,14,2,0
BRDA:106,15,0,0
BRDA:106,15,1,0
BRDA:123,16,0,0
BRDA:123,16,1,0
BRDA:143,17,0,0
BRDA:143,17,1,0
BRDA:145,18,0,0
BRDA:145,18,1,0
BRDA:148,19,0,0
BRDA:148,19,1,0
BRF:41
BRH:0
end_of_record
TN:
SF:src/layouts/public.layout.tsx
FN:3,(anonymous_0)
FNF:1
FNH:0
FNDA:0,(anonymous_0)
DA:1,0
DA:3,0
DA:4,0
DA:8,0
LF:4
LH:0
BRF:0
BRH:0
end_of_record
TN:
SF:src/layouts/root.layout.tsx
FN:4,(anonymous_0)
FNF:1
FNH:0
FNDA:0,(anonymous_0)
DA:1,0
DA:2,0
DA:4,0
DA:5,0
DA:18,0
LF:5
LH:0
BRF:0
BRH:0
end_of_record
TN:
SF:src/lib/utils.ts
FN:4,cn
FNF:1
FNH:1
FNDA:1045,cn
DA:1,1
DA:2,1
DA:4,1
DA:5,1045
LF:4
LH:4
BRF:0
BRH:0
end_of_record
TN:
SF:src/lib/zod.schemas.ts
FN:20,(anonymous_0)
FNF:1
FNH:0
FNDA:0,(anonymous_0)
DA:1,1
DA:3,1
DA:10,1
DA:20,0
LF:4
LH:3
BRF:0
BRH:0
end_of_record
TN:
SF:src/pages/admin/dashboard.page.tsx
FN:2,(anonymous_0)
FNF:1
FNH:0
FNDA:0,(anonymous_0)
DA:2,0
DA:4,0
DA:8,0
LF:3
LH:0
BRF:0
BRH:0
end_of_record
TN:
SF:src/pages/admin/products.tsx
FN:1,(anonymous_0)
FNF:1
FNH:0
FNDA:0,(anonymous_0)
DA:1,0
DA:2,0
DA:6,0
LF:3
LH:0
BRF:0
BRH:0
end_of_record
TN:
SF:src/pages/admin/profile.page.tsx
FN:1,(anonymous_0)
FNF:1
FNH:0
FNDA:0,(anonymous_0)
DA:1,0
DA:2,0
DA:6,0
LF:3
LH:0
BRF:0
BRH:0
end_of_record
TN:
SF:src/pages/admin/users/permissions.page.tsx
FN:12,CreatePermissionDrawer
FN:16,(anonymous_18)
FN:16,(anonymous_19)
FN:48,(anonymous_20)
FN:48,(anonymous_21)
FN:50,(anonymous_22)
FN:50,(anonymous_23)
FN:55,(anonymous_24)
FN:64,EditPermissionDrawer
FN:69,(anonymous_26)
FN:73,(anonymous_27)
FN:73,(anonymous_28)
FN:97,(anonymous_29)
FN:109,(anonymous_30)
FN:109,(anonymous_31)
FN:111,(anonymous_32)
FN:111,(anonymous_33)
FN:116,(anonymous_34)
FN:126,PermissionsPage
FN:127,(anonymous_36)
FN:127,(anonymous_37)
FN:131,(anonymous_38)
FN:132,(anonymous_39)
FN:133,(anonymous_40)
FN:134,(anonymous_41)
FN:135,(anonymous_42)
FN:135,(anonymous_43)
FN:144,(anonymous_44)
FN:147,(anonymous_45)
FNF:29
FNH:0
FNDA:0,CreatePermissionDrawer
FNDA:0,(anonymous_18)
FNDA:0,(anonymous_19)
FNDA:0,(anonymous_20)
FNDA:0,(anonymous_21)
FNDA:0,(anonymous_22)
FNDA:0,(anonymous_23)
FNDA:0,(anonymous_24)
FNDA:0,EditPermissionDrawer
FNDA:0,(anonymous_26)
FNDA:0,(anonymous_27)
FNDA:0,(anonymous_28)
FNDA:0,(anonymous_29)
FNDA:0,(anonymous_30)
FNDA:0,(anonymous_31)
FNDA:0,(anonymous_32)
FNDA:0,(anonymous_33)
FNDA:0,(anonymous_34)
FNDA:0,PermissionsPage
FNDA:0,(anonymous_36)
FNDA:0,(anonymous_37)
FNDA:0,(anonymous_38)
FNDA:0,(anonymous_39)
FNDA:0,(anonymous_40)
FNDA:0,(anonymous_41)
FNDA:0,(anonymous_42)
FNDA:0,(anonymous_43)
FNDA:0,(anonymous_44)
FNDA:0,(anonymous_45)
DA:1,0
DA:2,0
DA:3,0
DA:4,0
DA:5,0
DA:6,0
DA:7,0
DA:8,0
DA:13,0
DA:14,0
DA:16,0
DA:17,0
DA:18,0
DA:19,0
DA:20,0
DA:25,0
DA:26,0
DA:27,0
DA:28,0
DA:29,0
DA:31,0
DA:32,0
DA:34,0
DA:38,0
DA:48,0
DA:50,0
DA:55,0
DA:65,0
DA:66,0
DA:67,0
DA:69,0
DA:70,0
DA:73,0
DA:74,0
DA:75,0
DA:76,0
DA:77,0
DA:82,0
DA:83,0
DA:84,0
DA:85,0
DA:86,0
DA:88,0
DA:89,0
DA:91,0
DA:95,0
DA:97,0
DA:109,0
DA:111,0
DA:116,0
DA:126,0
DA:127,0
DA:131,0
DA:132,0
DA:133,0
DA:134,0
DA:135,0
DA:138,0
DA:145,0
DA:147,0
LF:60
LH:0
BRDA:17,0,0,0
BRDA:17,0,1,0
BRDA:25,1,0,0
BRDA:25,1,1,0
BRDA:27,2,0,0
BRDA:27,2,1,0
BRDA:27,3,0,0
BRDA:27,3,1,0
BRDA:27,3,2,0
BRDA:32,4,0,0
BRDA:32,4,1,0
BRDA:56,5,0,0
BRDA:56,5,1,0
BRDA:67,6,0,0
BRDA:67,6,1,0
BRDA:67,7,0,0
BRDA:67,7,1,0
BRDA:67,8,0,0
BRDA:67,8,1,0
BRDA:67,9,0,0
BRDA:67,9,1,0
BRDA:70,10,0,0
BRDA:70,10,1,0
BRDA:70,11,0,0
BRDA:70,11,1,0
BRDA:70,12,0,0
BRDA:70,12,1,0
BRDA:70,13,0,0
BRDA:70,13,1,0
BRDA:70,14,0,0
BRDA:70,14,1,0
BRDA:74,15,0,0
BRDA:74,15,1,0
BRDA:82,16,0,0
BRDA:82,16,1,0
BRDA:84,17,0,0
BRDA:84,17,1,0
BRDA:89,18,0,0
BRDA:89,18,1,0
BRDA:117,19,0,0
BRDA:117,19,1,0
BRDA:132,20,0,0
BRDA:132,20,1,0
BRDA:132,21,0,0
BRDA:132,21,1,0
BRDA:133,22,0,0
BRDA:133,22,1,0
BRDA:133,23,0,0
BRDA:133,23,1,0
BRDA:134,24,0,0
BRDA:134,24,1,0
BRDA:134,25,0,0
BRDA:134,25,1,0
BRF:53
BRH:0
end_of_record
TN:
SF:src/pages/admin/users/roles.page.tsx
FN:14,CreateRoleDrawer
FN:18,(anonymous_18)
FN:18,(anonymous_19)
FN:50,(anonymous_20)
FN:50,(anonymous_21)
FN:52,(anonymous_22)
FN:52,(anonymous_23)
FN:57,(anonymous_24)
FN:66,EditRoleDrawer
FN:71,(anonymous_26)
FN:75,(anonymous_27)
FN:75,(anonymous_28)
FN:99,(anonymous_29)
FN:111,(anonymous_30)
FN:111,(anonymous_31)
FN:113,(anonymous_32)
FN:113,(anonymous_33)
FN:118,(anonymous_34)
FN:129,ManageRolePermissionsDrawer
FN:142,(anonymous_36)
FN:142,(anonymous_37)
FN:160,(anonymous_38)
FN:174,(anonymous_39)
FN:179,(anonymous_40)
FN:179,(anonymous_41)
FN:183,(anonymous_42)
FN:193,(anonymous_43)
FN:201,(anonymous_44)
FN:208,(anonymous_45)
FN:214,(anonymous_46)
FN:226,(anonymous_47)
FN:228,(anonymous_48)
FN:241,(anonymous_49)
FN:250,RolesPage
FN:251,(anonymous_51)
FN:251,(anonymous_52)
FN:255,(anonymous_53)
FN:257,(anonymous_54)
FN:258,(anonymous_55)
FN:259,(anonymous_56)
FN:260,(anonymous_57)
FN:262,(anonymous_58)
FN:275,(anonymous_59)
FN:278,(anonymous_60)
FNF:44
FNH:0
FNDA:0,CreateRoleDrawer
FNDA:0,(anonymous_18)
FNDA:0,(anonymous_19)
FNDA:0,(anonymous_20)
FNDA:0,(anonymous_21)
FNDA:0,(anonymous_22)
FNDA:0,(anonymous_23)
FNDA:0,(anonymous_24)
FNDA:0,EditRoleDrawer
FNDA:0,(anonymous_26)
FNDA:0,(anonymous_27)
FNDA:0,(anonymous_28)
FNDA:0,(anonymous_29)
FNDA:0,(anonymous_30)
FNDA:0,(anonymous_31)
FNDA:0,(anonymous_32)
FNDA:0,(anonymous_33)
FNDA:0,(anonymous_34)
FNDA:0,ManageRolePermissionsDrawer
FNDA:0,(anonymous_36)
FNDA:0,(anonymous_37)
FNDA:0,(anonymous_38)
FNDA:0,(anonymous_39)
FNDA:0,(anonymous_40)
FNDA:0,(anonymous_41)
FNDA:0,(anonymous_42)
FNDA:0,(anonymous_43)
FNDA:0,(anonymous_44)
FNDA:0,(anonymous_45)
FNDA:0,(anonymous_46)
FNDA:0,(anonymous_47)
FNDA:0,(anonymous_48)
FNDA:0,(anonymous_49)
FNDA:0,RolesPage
FNDA:0,(anonymous_51)
FNDA:0,(anonymous_52)
FNDA:0,(anonymous_53)
FNDA:0,(anonymous_54)
FNDA:0,(anonymous_55)
FNDA:0,(anonymous_56)
FNDA:0,(anonymous_57)
FNDA:0,(anonymous_58)
FNDA:0,(anonymous_59)
FNDA:0,(anonymous_60)
DA:1,0
DA:2,0
DA:3,0
DA:4,0
DA:5,0
DA:6,0
DA:7,0
DA:8,0
DA:9,0
DA:15,0
DA:16,0
DA:18,0
DA:19,0
DA:20,0
DA:21,0
DA:22,0
DA:27,0
DA:28,0
DA:29,0
DA:30,0
DA:31,0
DA:33,0
DA:34,0
DA:36,0
DA:40,0
DA:50,0
DA:52,0
DA:57,0
DA:67,0
DA:68,0
DA:69,0
DA:71,0
DA:72,0
DA:75,0
DA:76,0
DA:77,0
DA:78,0
DA:79,0
DA:84,0
DA:85,0
DA:86,0
DA:87,0
DA:88,0
DA:90,0
DA:91,0
DA:93,0
DA:97,0
DA:99,0
DA:111,0
DA:113,0
DA:118,0
DA:130,0
DA:131,0
DA:132,0
DA:133,0
DA:134,0
DA:142,0
DA:143,0
DA:144,0
DA:145,0
DA:146,0
DA:151,0
DA:152,0
DA:153,0
DA:154,0
DA:156,0
DA:157,0
DA:158,0
DA:159,0
DA:160,0
DA:161,0
DA:164,0
DA:167,0
DA:168,0
DA:170,0
DA:174,0
DA:175,0
DA:179,0
DA:180,0
DA:181,0
DA:182,0
DA:183,0
DA:184,0
DA:185,0
DA:187,0
DA:192,0
DA:193,0
DA:194,0
DA:197,0
DA:200,0
DA:201,0
DA:202,0
DA:205,0
DA:206,0
DA:208,0
DA:212,0
DA:214,0
DA:227,0
DA:228,0
DA:241,0
DA:250,0
DA:251,0
DA:255,0
DA:256,0
DA:257,0
DA:258,0
DA:259,0
DA:261,0
DA:262,0
DA:269,0
DA:276,0
DA:278,0
LF:112
LH:0
BRDA:19,0,0,0
BRDA:19,0,1,0
BRDA:27,1,0,0
BRDA:27,1,1,0
BRDA:29,2,0,0
BRDA:29,2,1,0
BRDA:29,3,0,0
BRDA:29,3,1,0
BRDA:29,3,2,0
BRDA:34,4,0,0
BRDA:34,4,1,0
BRDA:58,5,0,0
BRDA:58,5,1,0
BRDA:69,6,0,0
BRDA:69,6,1,0
BRDA:69,7,0,0
BRDA:69,7,1,0
BRDA:69,8,0,0
BRDA:69,8,1,0
BRDA:69,9,0,0
BRDA:69,9,1,0
BRDA:72,10,0,0
BRDA:72,10,1,0
BRDA:72,11,0,0
BRDA:72,11,1,0
BRDA:72,12,0,0
BRDA:72,12,1,0
BRDA:72,13,0,0
BRDA:72,13,1,0
BRDA:72,14,0,0
BRDA:72,14,1,0
BRDA:76,15,0,0
BRDA:76,15,1,0
BRDA:84,16,0,0
BRDA:84,16,1,0
BRDA:86,17,0,0
BRDA:86,17,1,0
BRDA:91,18,0,0
BRDA:91,18,1,0
BRDA:119,19,0,0
BRDA:119,19,1,0
BRDA:143,20,0,0
BRDA:143,20,1,0
BRDA:151,21,0,0
BRDA:151,21,1,0
BRDA:153,22,0,0
BRDA:153,22,1,0
BRDA:156,23,0,0
BRDA:156,23,1,0
BRDA:158,24,0,0
BRDA:158,24,1,0
BRDA:160,25,0,0
BRDA:160,25,1,0
BRDA:175,26,0,0
BRDA:175,26,1,0
BRDA:180,27,0,0
BRDA:180,27,1,0
BRDA:180,28,0,0
BRDA:180,28,1,0
BRDA:185,29,0,0
BRDA:185,29,1,0
BRDA:192,30,0,0
BRDA:192,30,1,0
BRDA:200,31,0,0
BRDA:200,31,1,0
BRDA:206,32,0,0
BRDA:206,32,1,0
BRDA:223,33,0,0
BRDA:223,33,1,0
BRDA:224,34,0,0
BRDA:224,34,1,0
BRDA:224,34,2,0
BRDA:228,35,0,0
BRDA:228,35,1,0
BRDA:228,36,0,0
BRDA:228,36,1,0
BRDA:257,37,0,0
BRDA:257,37,1,0
BRDA:257,38,0,0
BRDA:257,38,1,0
BRDA:258,39,0,0
BRDA:258,39,1,0
BRDA:258,40,0,0
BRDA:258,40,1,0
BRDA:259,41,0,0
BRDA:259,41,1,0
BRDA:259,42,0,0
BRDA:259,42,1,0
BRF:88
BRH:0
end_of_record
TN:
SF:src/pages/admin/users/users.page.tsx
FN:37,CreateUserDrawer
FN:42,(anonymous_18)
FN:53,(anonymous_19)
FN:53,(anonymous_20)
FN:102,(anonymous_21)
FN:116,(anonymous_22)
FN:116,(anonymous_23)
FN:119,(anonymous_24)
FN:119,(anonymous_25)
FN:125,(anonymous_26)
FN:135,EditUserDrawer
FN:143,(anonymous_28)
FN:147,(anonymous_29)
FN:149,(anonymous_30)
FN:149,(anonymous_31)
FN:163,(anonymous_32)
FN:166,(anonymous_33)
FN:166,(anonymous_34)
FN:201,(anonymous_35)
FN:201,(anonymous_36)
FN:233,(anonymous_37)
FN:238,(anonymous_38)
FN:250,(anonymous_39)
FN:250,(anonymous_40)
FN:252,(anonymous_41)
FN:252,(anonymous_42)
FN:254,(anonymous_43)
FN:254,(anonymous_44)
FN:259,(anonymous_45)
FN:265,(anonymous_46)
FN:265,(anonymous_47)
FN:297,(anonymous_48)
FN:308,UsersPage
FN:310,(anonymous_50)
FN:310,(anonymous_51)
FN:314,(anonymous_52)
FN:316,(anonymous_53)
FN:316,(anonymous_54)
FN:329,(anonymous_55)
FN:334,(anonymous_56)
FN:336,(anonymous_57)
FN:340,(anonymous_58)
FN:342,(anonymous_59)
FN:343,(anonymous_60)
FN:344,(anonymous_61)
FN:345,(anonymous_62)
FN:346,(anonymous_63)
FN:347,(anonymous_64)
FN:347,(anonymous_65)
FN:359,(anonymous_66)
FN:362,(anonymous_67)
FNF:51
FNH:0
FNDA:0,CreateUserDrawer
FNDA:0,(anonymous_18)
FNDA:0,(anonymous_19)
FNDA:0,(anonymous_20)
FNDA:0,(anonymous_21)
FNDA:0,(anonymous_22)
FNDA:0,(anonymous_23)
FNDA:0,(anonymous_24)
FNDA:0,(anonymous_25)
FNDA:0,(anonymous_26)
FNDA:0,EditUserDrawer
FNDA:0,(anonymous_28)
FNDA:0,(anonymous_29)
FNDA:0,(anonymous_30)
FNDA:0,(anonymous_31)
FNDA:0,(anonymous_32)
FNDA:0,(anonymous_33)
FNDA:0,(anonymous_34)
FNDA:0,(anonymous_35)
FNDA:0,(anonymous_36)
FNDA:0,(anonymous_37)
FNDA:0,(anonymous_38)
FNDA:0,(anonymous_39)
FNDA:0,(anonymous_40)
FNDA:0,(anonymous_41)
FNDA:0,(anonymous_42)
FNDA:0,(anonymous_43)
FNDA:0,(anonymous_44)
FNDA:0,(anonymous_45)
FNDA:0,(anonymous_46)
FNDA:0,(anonymous_47)
FNDA:0,(anonymous_48)
FNDA:0,UsersPage
FNDA:0,(anonymous_50)
FNDA:0,(anonymous_51)
FNDA:0,(anonymous_52)
FNDA:0,(anonymous_53)
FNDA:0,(anonymous_54)
FNDA:0,(anonymous_55)
FNDA:0,(anonymous_56)
FNDA:0,(anonymous_57)
FNDA:0,(anonymous_58)
FNDA:0,(anonymous_59)
FNDA:0,(anonymous_60)
FNDA:0,(anonymous_61)
FNDA:0,(anonymous_62)
FNDA:0,(anonymous_63)
FNDA:0,(anonymous_64)
FNDA:0,(anonymous_65)
FNDA:0,(anonymous_66)
FNDA:0,(anonymous_67)
DA:1,0
DA:2,0
DA:3,0
DA:4,0
DA:5,0
DA:6,0
DA:7,0
DA:18,0
DA:19,0
DA:20,0
DA:21,0
DA:38,0
DA:39,0
DA:40,0
DA:42,0
DA:43,0
DA:44,0
DA:46,0
DA:47,0
DA:48,0
DA:51,0
DA:53,0
DA:55,0
DA:56,0
DA:58,0
DA:59,0
DA:60,0
DA:63,0
DA:64,0
DA:65,0
DA:72,0
DA:73,0
DA:74,0
DA:75,0
DA:78,0
DA:79,0
DA:80,0
DA:81,0
DA:82,0
DA:84,0
DA:85,0
DA:87,0
DA:91,0
DA:102,0
DA:116,0
DA:119,0
DA:125,0
DA:136,0
DA:137,0
DA:138,0
DA:139,0
DA:140,0
DA:141,0
DA:143,0
DA:144,0
DA:147,0
DA:148,0
DA:149,0
DA:150,0
DA:151,0
DA:152,0
DA:153,0
DA:154,0
DA:155,0
DA:157,0
DA:158,0
DA:162,0
DA:163,0
DA:166,0
DA:167,0
DA:168,0
DA:169,0
DA:170,0
DA:176,0
DA:177,0
DA:179,0
DA:180,0
DA:181,0
DA:182,0
DA:186,0
DA:187,0
DA:188,0
DA:189,0
DA:190,0
DA:191,0
DA:192,0
DA:194,0
DA:195,0
DA:197,0
DA:201,0
DA:202,0
DA:203,0
DA:204,0
DA:205,0
DA:210,0
DA:211,0
DA:212,0
DA:213,0
DA:215,0
DA:216,0
DA:218,0
DA:222,0
DA:233,0
DA:238,0
DA:250,0
DA:252,0
DA:254,0
DA:260,0
DA:265,0
DA:297,0
DA:308,0
DA:310,0
DA:312,0
DA:314,0
DA:315,0
DA:316,0
DA:317,0
DA:318,0
DA:319,0
DA:320,0
DA:321,0
DA:322,0
DA:324,0
DA:325,0
DA:328,0
DA:329,0
DA:334,0
DA:335,0
DA:336,0
DA:337,0
DA:340,0
DA:341,0
DA:342,0
DA:343,0
DA:344,0
DA:345,0
DA:346,0
DA:347,0
DA:349,0
DA:352,0
DA:360,0
DA:362,0
LF:142
LH:0
BRDA:44,0,0,0
BRDA:44,0,1,0
BRDA:44,1,0,0
BRDA:44,1,1,0
BRDA:47,2,0,0
BRDA:47,2,1,0
BRDA:47,3,0,0
BRDA:47,3,1,0
BRDA:56,4,0,0
BRDA:56,4,1,0
BRDA:59,5,0,0
BRDA:59,5,1,0
BRDA:72,6,0,0
BRDA:72,6,1,0
BRDA:78,7,0,0
BRDA:78,7,1,0
BRDA:80,8,0,0
BRDA:80,8,1,0
BRDA:80,9,0,0
BRDA:80,9,1,0
BRDA:80,9,2,0
BRDA:85,10,0,0
BRDA:85,10,1,0
BRDA:117,11,0,0
BRDA:117,11,1,0
BRDA:120,12,0,0
BRDA:120,12,1,0
BRDA:126,13,0,0
BRDA:126,13,1,0
BRDA:139,14,0,0
BRDA:139,14,1,0
BRDA:139,15,0,0
BRDA:139,15,1,0
BRDA:139,16,0,0
BRDA:139,16,1,0
BRDA:139,17,0,0
BRDA:139,17,1,0
BRDA:139,18,0,0
BRDA:139,18,1,0
BRDA:139,19,0,0
BRDA:139,19,1,0
BRDA:144,20,0,0
BRDA:144,20,1,0
BRDA:144,21,0,0
BRDA:144,21,1,0
BRDA:144,22,0,0
BRDA:144,22,1,0
BRDA:144,23,0,0
BRDA:144,23,1,0
BRDA:144,24,0,0
BRDA:144,24,1,0
BRDA:144,25,0,0
BRDA:144,25,1,0
BRDA:144,26,0,0
BRDA:144,26,1,0
BRDA:152,27,0,0
BRDA:152,27,1,0
BRDA:154,28,0,0
BRDA:154,28,1,0
BRDA:154,29,0,0
BRDA:154,29,1,0
BRDA:155,30,0,0
BRDA:155,30,1,0
BRDA:155,31,0,0
BRDA:155,31,1,0
BRDA:158,32,0,0
BRDA:158,32,1,0
BRDA:162,33,0,0
BRDA:162,33,1,0
BRDA:167,34,0,0
BRDA:167,34,1,0
BRDA:176,35,0,0
BRDA:176,35,1,0
BRDA:176,36,0,0
BRDA:176,36,1,0
BRDA:179,37,0,0
BRDA:179,37,1,0
BRDA:179,38,0,0
BRDA:179,38,1,0
BRDA:179,38,2,0
BRDA:186,39,0,0
BRDA:186,39,1,0
BRDA:188,40,0,0
BRDA:188,40,1,0
BRDA:188,41,0,0
BRDA:188,41,1,0
BRDA:188,41,2,0
BRDA:189,42,0,0
BRDA:189,42,1,0
BRDA:190,43,0,0
BRDA:190,43,1,0
BRDA:195,44,0,0
BRDA:195,44,1,0
BRDA:202,45,0,0
BRDA:202,45,1,0
BRDA:210,46,0,0
BRDA:210,46,1,0
BRDA:213,47,0,0
BRDA:213,47,1,0
BRDA:216,48,0,0
BRDA:216,48,1,0
BRDA:254,49,0,0
BRDA:254,49,1,0
BRDA:254,50,0,0
BRDA:254,50,1,0
BRDA:276,51,0,0
BRDA:276,51,1,0
BRDA:298,52,0,0
BRDA:298,52,1,0
BRDA:319,53,0,0
BRDA:319,53,1,0
BRDA:321,54,0,0
BRDA:321,54,1,0
BRDA:321,55,0,0
BRDA:321,55,1,0
BRDA:322,56,0,0
BRDA:322,56,1,0
BRDA:322,57,0,0
BRDA:322,57,1,0
BRDA:325,58,0,0
BRDA:325,58,1,0
BRDA:342,59,0,0
BRDA:342,59,1,0
BRDA:342,60,0,0
BRDA:342,60,1,0
BRDA:343,61,0,0
BRDA:343,61,1,0
BRDA:343,62,0,0
BRDA:343,62,1,0
BRDA:344,63,0,0
BRDA:344,63,1,0
BRDA:344,64,0,0
BRDA:344,64,1,0
BRDA:345,65,0,0
BRDA:345,65,1,0
BRDA:345,66,0,0
BRDA:345,66,1,0
BRDA:345,67,0,0
BRDA:345,67,1,0
BRDA:346,68,0,0
BRDA:346,68,1,0
BRF:141
BRH:0
end_of_record
TN:
SF:src/pages/auth/login.page.tsx
FN:13,(anonymous_7)
FN:23,(anonymous_8)
FN:23,(anonymous_9)
FN:58,(anonymous_10)
FN:79,(anonymous_11)
FNF:5
FNH:5
FNDA:30,(anonymous_7)
FNDA:3,(anonymous_8)
FNDA:3,(anonymous_9)
FNDA:129,(anonymous_10)
FNDA:86,(anonymous_11)
DA:2,1
DA:3,1
DA:4,1
DA:5,1
DA:6,1
DA:7,1
DA:8,1
DA:9,1
DA:10,1
DA:11,1
DA:13,1
DA:14,30
DA:15,30
DA:23,30
DA:25,3
DA:26,3
DA:27,1
DA:28,1
DA:34,1
DA:43,30
DA:59,129
DA:80,86
DA:112,1
LF:23
LH:23
BRDA:26,0,0,1
BRDA:26,0,1,2
BRDA:103,1,0,0
BRDA:103,1,1,30
BRF:4
BRH:3
end_of_record
TN:
SF:src/pages/auth/register.page.tsx
FN:5,(anonymous_1)
FNF:1
FNH:0
FNDA:0,(anonymous_1)
DA:1,0
DA:2,0
DA:3,0
DA:5,0
DA:6,0
DA:8,0
DA:25,0
LF:7
LH:0
BRF:0
BRH:0
end_of_record
TN:
SF:src/pages/public/home.page.tsx
FN:1,(anonymous_0)
FNF:1
FNH:0
FNDA:0,(anonymous_0)
DA:1,0
DA:2,0
DA:6,0
LF:3
LH:0
BRF:0
BRH:0
end_of_record
TN:
SF:src/pages/public/not-found.page.tsx
FN:4,(anonymous_0)
FNF:1
FNH:0
FNDA:0,(anonymous_0)
DA:1,0
DA:2,0
DA:4,0
DA:5,0
DA:25,0
LF:5
LH:0
BRF:0
BRH:0
end_of_record
